<?xml version="1.0" encoding="UTF-8"?>
<coverage generated="1677011101847" clover="3.2.0">
  <project timestamp="1677011101847" name="All files">
    <metrics statements="635" coveredstatements="589" conditionals="218" coveredconditionals="196" methods="64" coveredmethods="48" elements="917" coveredelements="833" complexity="0" loc="635" ncloc="635" packages="1" files="1" classes="1"/>
    <file name="validator-utils.ts" path="/Users/jd/code/validator/src/validator-utils.ts">
      <metrics statements="635" coveredstatements="589" conditionals="218" coveredconditionals="196" methods="64" coveredmethods="48"/>
      <line num="1" count="1" type="stmt"/>
      <line num="2" count="1" type="stmt"/>
      <line num="3" count="1" type="stmt"/>
      <line num="4" count="1" type="stmt"/>
      <line num="5" count="1" type="stmt"/>
      <line num="6" count="1" type="stmt"/>
      <line num="7" count="1" type="stmt"/>
      <line num="8" count="1" type="stmt"/>
      <line num="9" count="1" type="cond" truecount="1" falsecount="0"/>
      <line num="10" count="4" type="stmt"/>
      <line num="11" count="4" type="cond" truecount="1" falsecount="0"/>
      <line num="12" count="3" type="cond" truecount="1" falsecount="0"/>
      <line num="13" count="2" type="stmt"/>
      <line num="14" count="4" type="stmt"/>
      <line num="15" count="4" type="cond" truecount="1" falsecount="0"/>
      <line num="16" count="1" type="stmt"/>
      <line num="17" count="1" type="stmt"/>
      <line num="18" count="1" type="stmt"/>
      <line num="19" count="1" type="stmt"/>
      <line num="20" count="1" type="stmt"/>
      <line num="21" count="1" type="stmt"/>
      <line num="22" count="1" type="stmt"/>
      <line num="23" count="1" type="stmt"/>
      <line num="24" count="1" type="stmt"/>
      <line num="25" count="1" type="cond" truecount="1" falsecount="0"/>
      <line num="26" count="7" type="stmt"/>
      <line num="27" count="7" type="stmt"/>
      <line num="28" count="7" type="stmt"/>
      <line num="29" count="7" type="cond" truecount="1" falsecount="0"/>
      <line num="30" count="7" type="stmt"/>
      <line num="31" count="7" type="cond" truecount="1" falsecount="0"/>
      <line num="32" count="7" type="cond" truecount="0" falsecount="1"/>
      <line num="33" count="7" type="stmt"/>
      <line num="34" count="7" type="cond" truecount="2" falsecount="0"/>
      <line num="35" count="7" type="cond" truecount="2" falsecount="0"/>
      <line num="36" count="2" type="stmt"/>
      <line num="37" count="7" type="cond" truecount="1" falsecount="0"/>
      <line num="38" count="1" type="stmt"/>
      <line num="39" count="1" type="stmt"/>
      <line num="40" count="1" type="stmt"/>
      <line num="41" count="1" type="stmt"/>
      <line num="42" count="1" type="stmt"/>
      <line num="43" count="1" type="cond" truecount="1" falsecount="0"/>
      <line num="44" count="16" type="stmt"/>
      <line num="45" count="16" type="stmt"/>
      <line num="46" count="16" type="stmt"/>
      <line num="47" count="16" type="stmt"/>
      <line num="48" count="16" type="stmt"/>
      <line num="49" count="16" type="stmt"/>
      <line num="50" count="16" type="stmt"/>
      <line num="51" count="16" type="stmt"/>
      <line num="52" count="16" type="stmt"/>
      <line num="53" count="16" type="stmt"/>
      <line num="54" count="16" type="stmt"/>
      <line num="55" count="16" type="stmt"/>
      <line num="56" count="16" type="stmt"/>
      <line num="57" count="16" type="stmt"/>
      <line num="58" count="16" type="stmt"/>
      <line num="59" count="16" type="stmt"/>
      <line num="60" count="16" type="stmt"/>
      <line num="61" count="16" type="stmt"/>
      <line num="62" count="16" type="stmt"/>
      <line num="63" count="16" type="stmt"/>
      <line num="64" count="16" type="stmt"/>
      <line num="65" count="16" type="stmt"/>
      <line num="66" count="16" type="stmt"/>
      <line num="67" count="16" type="stmt"/>
      <line num="68" count="16" type="stmt"/>
      <line num="69" count="16" type="cond" truecount="1" falsecount="0"/>
      <line num="70" count="1" type="stmt"/>
      <line num="71" count="1" type="stmt"/>
      <line num="72" count="1" type="cond" truecount="1" falsecount="0"/>
      <line num="73" count="23" type="stmt"/>
      <line num="74" count="23" type="cond" truecount="3" falsecount="0"/>
      <line num="75" count="20" type="stmt"/>
      <line num="76" count="20" type="stmt"/>
      <line num="77" count="23" type="cond" truecount="2" falsecount="0"/>
      <line num="78" count="4" type="stmt"/>
      <line num="79" count="4" type="stmt"/>
      <line num="80" count="4" type="stmt"/>
      <line num="81" count="4" type="stmt"/>
      <line num="82" count="4" type="stmt"/>
      <line num="83" count="4" type="stmt"/>
      <line num="84" count="4" type="stmt"/>
      <line num="85" count="4" type="stmt"/>
      <line num="86" count="4" type="stmt"/>
      <line num="87" count="4" type="stmt"/>
      <line num="88" count="4" type="stmt"/>
      <line num="89" count="4" type="stmt"/>
      <line num="90" count="4" type="stmt"/>
      <line num="91" count="4" type="stmt"/>
      <line num="92" count="4" type="stmt"/>
      <line num="93" count="4" type="stmt"/>
      <line num="94" count="4" type="stmt"/>
      <line num="95" count="4" type="stmt"/>
      <line num="96" count="4" type="stmt"/>
      <line num="97" count="4" type="stmt"/>
      <line num="98" count="4" type="stmt"/>
      <line num="99" count="23" type="cond" truecount="1" falsecount="0"/>
      <line num="100" count="41" type="cond" truecount="1" falsecount="0"/>
      <line num="101" count="41" type="cond" truecount="1" falsecount="0"/>
      <line num="102" count="1" type="stmt"/>
      <line num="103" count="1" type="stmt"/>
      <line num="104" count="11" type="cond" truecount="1" falsecount="0"/>
      <line num="105" count="1" type="stmt"/>
      <line num="106" count="1" type="stmt"/>
      <line num="107" count="1" type="cond" truecount="1" falsecount="0"/>
      <line num="108" count="38" type="cond" truecount="1" falsecount="0"/>
      <line num="109" count="38" type="cond" truecount="2" falsecount="0"/>
      <line num="110" count="14" type="stmt"/>
      <line num="111" count="38" type="cond" truecount="2" falsecount="0"/>
      <line num="112" count="4" type="stmt"/>
      <line num="113" count="8" type="cond" truecount="1" falsecount="0"/>
      <line num="114" count="1" type="stmt"/>
      <line num="115" count="1" type="stmt"/>
      <line num="116" count="1" type="cond" truecount="1" falsecount="0"/>
      <line num="117" count="48" type="cond" truecount="2" falsecount="0"/>
      <line num="118" count="32" type="stmt"/>
      <line num="119" count="32" type="stmt"/>
      <line num="120" count="32" type="stmt"/>
      <line num="121" count="32" type="stmt"/>
      <line num="122" count="32" type="stmt"/>
      <line num="123" count="32" type="stmt"/>
      <line num="124" count="32" type="stmt"/>
      <line num="125" count="32" type="stmt"/>
      <line num="126" count="32" type="stmt"/>
      <line num="127" count="32" type="stmt"/>
      <line num="128" count="32" type="stmt"/>
      <line num="129" count="32" type="stmt"/>
      <line num="130" count="48" type="cond" truecount="1" falsecount="0"/>
      <line num="131" count="2" type="stmt"/>
      <line num="132" count="2" type="stmt"/>
      <line num="133" count="2" type="stmt"/>
      <line num="134" count="2" type="stmt"/>
      <line num="135" count="2" type="stmt"/>
      <line num="136" count="2" type="stmt"/>
      <line num="137" count="2" type="stmt"/>
      <line num="138" count="2" type="stmt"/>
      <line num="139" count="2" type="cond" truecount="1" falsecount="0"/>
      <line num="140" count="1" type="stmt"/>
      <line num="141" count="1" type="stmt"/>
      <line num="142" count="1" type="stmt"/>
      <line num="143" count="2" type="cond" truecount="1" falsecount="0"/>
      <line num="144" count="31" type="stmt"/>
      <line num="145" count="31" type="stmt"/>
      <line num="146" count="31" type="stmt"/>
      <line num="147" count="31" type="stmt"/>
      <line num="148" count="31" type="stmt"/>
      <line num="149" count="31" type="stmt"/>
      <line num="150" count="31" type="stmt"/>
      <line num="151" count="48" type="cond" truecount="2" falsecount="0"/>
      <line num="152" count="48" type="cond" truecount="2" falsecount="0"/>
      <line num="153" count="28" type="stmt"/>
      <line num="154" count="28" type="stmt"/>
      <line num="155" count="48" type="cond" truecount="2" falsecount="0"/>
      <line num="156" count="28" type="stmt"/>
      <line num="157" count="48" type="cond" truecount="2" falsecount="0"/>
      <line num="158" count="28" type="stmt"/>
      <line num="159" count="28" type="stmt"/>
      <line num="160" count="28" type="stmt"/>
      <line num="161" count="48" type="cond" truecount="1" falsecount="0"/>
      <line num="162" count="1" type="stmt"/>
      <line num="163" count="1" type="cond" truecount="1" falsecount="0"/>
      <line num="164" count="27" type="stmt"/>
      <line num="165" count="27" type="stmt"/>
      <line num="166" count="27" type="stmt"/>
      <line num="167" count="29" type="cond" truecount="1" falsecount="0"/>
      <line num="168" count="1" type="stmt"/>
      <line num="169" count="1" type="stmt"/>
      <line num="170" count="28" type="cond" truecount="1" falsecount="0"/>
      <line num="171" count="28" type="stmt"/>
      <line num="172" count="28" type="stmt"/>
      <line num="173" count="28" type="stmt"/>
      <line num="174" count="28" type="cond" truecount="1" falsecount="0"/>
      <line num="175" count="96" type="stmt"/>
      <line num="176" count="96" type="stmt"/>
      <line num="177" count="96" type="stmt"/>
      <line num="178" count="96" type="cond" truecount="2" falsecount="0"/>
      <line num="179" count="96" type="stmt"/>
      <line num="180" count="96" type="cond" truecount="2" falsecount="0"/>
      <line num="181" count="96" type="cond" truecount="2" falsecount="0"/>
      <line num="182" count="96" type="cond" truecount="1" falsecount="2"/>
      <line num="183" count="0" type="stmt"/>
      <line num="184" count="96" type="stmt"/>
      <line num="185" count="28" type="stmt"/>
      <line num="186" count="28" type="cond" truecount="1" falsecount="0"/>
      <line num="187" count="28" type="stmt"/>
      <line num="188" count="28" type="stmt"/>
      <line num="189" count="28" type="cond" truecount="1" falsecount="0"/>
      <line num="190" count="5" type="stmt"/>
      <line num="191" count="5" type="cond" truecount="0" falsecount="1"/>
      <line num="192" count="5" type="stmt"/>
      <line num="193" count="5" type="stmt"/>
      <line num="194" count="28" type="stmt"/>
      <line num="195" count="28" type="stmt"/>
      <line num="196" count="28" type="stmt"/>
      <line num="197" count="28" type="cond" truecount="1" falsecount="0"/>
      <line num="198" count="83" type="cond" truecount="2" falsecount="0"/>
      <line num="199" count="55" type="stmt"/>
      <line num="200" count="83" type="stmt"/>
      <line num="201" count="28" type="stmt"/>
      <line num="202" count="28" type="stmt"/>
      <line num="203" count="28" type="cond" truecount="3" falsecount="0"/>
      <line num="204" count="56" type="cond" truecount="1" falsecount="0"/>
      <line num="205" count="164" type="stmt"/>
      <line num="206" count="164" type="stmt"/>
      <line num="207" count="164" type="cond" truecount="1" falsecount="0"/>
      <line num="208" count="24" type="cond" truecount="1" falsecount="0"/>
      <line num="209" count="24" type="stmt"/>
      <line num="210" count="24" type="cond" truecount="1" falsecount="0"/>
      <line num="211" count="140" type="stmt"/>
      <line num="212" count="140" type="stmt"/>
      <line num="213" count="164" type="cond" truecount="2" falsecount="0"/>
      <line num="214" count="44" type="cond" truecount="1" falsecount="0"/>
      <line num="215" count="44" type="stmt"/>
      <line num="216" count="44" type="cond" truecount="1" falsecount="0"/>
      <line num="217" count="96" type="stmt"/>
      <line num="218" count="96" type="stmt"/>
      <line num="219" count="96" type="stmt"/>
      <line num="220" count="164" type="cond" truecount="0" falsecount="1"/>
      <line num="221" count="0" type="stmt"/>
      <line num="222" count="0" type="stmt"/>
      <line num="223" count="0" type="cond" truecount="1" falsecount="0"/>
      <line num="224" count="96" type="stmt"/>
      <line num="225" count="96" type="stmt"/>
      <line num="226" count="164" type="cond" truecount="2" falsecount="0"/>
      <line num="227" count="164" type="cond" truecount="2" falsecount="0"/>
      <line num="228" count="164" type="cond" truecount="2" falsecount="0"/>
      <line num="229" count="164" type="stmt"/>
      <line num="230" count="164" type="stmt"/>
      <line num="231" count="164" type="cond" truecount="1" falsecount="0"/>
      <line num="232" count="32" type="stmt"/>
      <line num="233" count="32" type="cond" truecount="2" falsecount="0"/>
      <line num="234" count="4" type="stmt"/>
      <line num="235" count="4" type="stmt"/>
      <line num="236" count="4" type="cond" truecount="1" falsecount="0"/>
      <line num="237" count="32" type="cond" truecount="2" falsecount="0"/>
      <line num="238" count="22" type="stmt"/>
      <line num="239" count="22" type="stmt"/>
      <line num="240" count="22" type="cond" truecount="1" falsecount="0"/>
      <line num="241" count="32" type="cond" truecount="1" falsecount="0"/>
      <line num="242" count="6" type="stmt"/>
      <line num="243" count="6" type="stmt"/>
      <line num="244" count="6" type="stmt"/>
      <line num="245" count="32" type="cond" truecount="0" falsecount="1"/>
      <line num="246" count="0" type="cond" truecount="1" falsecount="0"/>
      <line num="247" count="64" type="stmt"/>
      <line num="248" count="64" type="stmt"/>
      <line num="249" count="64" type="stmt"/>
      <line num="250" count="164" type="cond" truecount="1" falsecount="0"/>
      <line num="251" count="22" type="cond" truecount="3" falsecount="0"/>
      <line num="252" count="10" type="cond" truecount="2" falsecount="0"/>
      <line num="253" count="5" type="cond" truecount="0" falsecount="2"/>
      <line num="254" count="22" type="stmt"/>
      <line num="255" count="164" type="stmt"/>
      <line num="256" count="56" type="stmt"/>
      <line num="257" count="56" type="stmt"/>
      <line num="258" count="56" type="cond" truecount="1" falsecount="0"/>
      <line num="259" count="56" type="cond" truecount="1" falsecount="0"/>
      <line num="260" count="27" type="stmt"/>
      <line num="261" count="28" type="cond" truecount="2" falsecount="1"/>
      <line num="262" count="0" type="stmt"/>
      <line num="263" count="0" type="stmt"/>
      <line num="264" count="1" type="stmt"/>
      <line num="265" count="1" type="stmt"/>
      <line num="266" count="1" type="cond" truecount="1" falsecount="0"/>
      <line num="267" count="21" type="stmt"/>
      <line num="268" count="21" type="stmt"/>
      <line num="269" count="21" type="cond" truecount="0" falsecount="1"/>
      <line num="270" count="0" type="stmt"/>
      <line num="271" count="0" type="stmt"/>
      <line num="272" count="0" type="stmt"/>
      <line num="273" count="21" type="stmt"/>
      <line num="274" count="21" type="stmt"/>
      <line num="275" count="21" type="stmt"/>
      <line num="276" count="21" type="stmt"/>
      <line num="277" count="21" type="cond" truecount="0" falsecount="1"/>
      <line num="278" count="0" type="stmt"/>
      <line num="279" count="0" type="stmt"/>
      <line num="280" count="0" type="stmt"/>
      <line num="281" count="0" type="stmt"/>
      <line num="282" count="0" type="stmt"/>
      <line num="283" count="21" type="stmt"/>
      <line num="284" count="21" type="stmt"/>
      <line num="285" count="21" type="stmt"/>
      <line num="286" count="21" type="cond" truecount="1" falsecount="0"/>
      <line num="287" count="10" type="stmt"/>
      <line num="288" count="10" type="cond" truecount="0" falsecount="1"/>
      <line num="289" count="10" type="cond" truecount="2" falsecount="0"/>
      <line num="290" count="10" type="stmt"/>
      <line num="291" count="21" type="stmt"/>
      <line num="292" count="21" type="stmt"/>
      <line num="293" count="21" type="stmt"/>
      <line num="294" count="21" type="stmt"/>
      <line num="295" count="21" type="cond" truecount="2" falsecount="0"/>
      <line num="296" count="19" type="stmt"/>
      <line num="297" count="19" type="stmt"/>
      <line num="298" count="21" type="cond" truecount="1" falsecount="1"/>
      <line num="299" count="19" type="stmt"/>
      <line num="300" count="19" type="stmt"/>
      <line num="301" count="19" type="stmt"/>
      <line num="302" count="21" type="cond" truecount="2" falsecount="0"/>
      <line num="303" count="21" type="stmt"/>
      <line num="304" count="21" type="stmt"/>
      <line num="305" count="21" type="cond" truecount="3" falsecount="1"/>
      <line num="306" count="19" type="stmt"/>
      <line num="307" count="21" type="cond" truecount="3" falsecount="0"/>
      <line num="308" count="21" type="cond" truecount="3" falsecount="0"/>
      <line num="309" count="13" type="stmt"/>
      <line num="310" count="21" type="cond" truecount="1" falsecount="1"/>
      <line num="311" count="21" type="cond" truecount="1" falsecount="1"/>
      <line num="312" count="21" type="cond" truecount="1" falsecount="1"/>
      <line num="313" count="13" type="stmt"/>
      <line num="314" count="13" type="stmt"/>
      <line num="315" count="11" type="cond" truecount="1" falsecount="0"/>
      <line num="316" count="1" type="stmt"/>
      <line num="317" count="1" type="cond" truecount="1" falsecount="0"/>
      <line num="318" count="8" type="stmt"/>
      <line num="319" count="8" type="stmt"/>
      <line num="320" count="8" type="cond" truecount="1" falsecount="0"/>
      <line num="321" count="7" type="stmt"/>
      <line num="322" count="7" type="stmt"/>
      <line num="323" count="7" type="stmt"/>
      <line num="324" count="7" type="stmt"/>
      <line num="325" count="7" type="stmt"/>
      <line num="326" count="7" type="stmt"/>
      <line num="327" count="7" type="cond" truecount="1" falsecount="0"/>
      <line num="328" count="1" type="stmt"/>
      <line num="329" count="1" type="stmt"/>
      <line num="330" count="8" type="cond" truecount="1" falsecount="0"/>
      <line num="331" count="1" type="stmt"/>
      <line num="332" count="1" type="stmt"/>
      <line num="333" count="1" type="stmt"/>
      <line num="334" count="1" type="cond" truecount="1" falsecount="0"/>
      <line num="335" count="15" type="stmt"/>
      <line num="336" count="15" type="stmt"/>
      <line num="337" count="15" type="stmt"/>
      <line num="338" count="15" type="stmt"/>
      <line num="339" count="15" type="cond" truecount="0" falsecount="1"/>
      <line num="340" count="15" type="stmt"/>
      <line num="341" count="15" type="stmt"/>
      <line num="342" count="15" type="stmt"/>
      <line num="343" count="15" type="stmt"/>
      <line num="344" count="15" type="stmt"/>
      <line num="345" count="15" type="stmt"/>
      <line num="346" count="15" type="stmt"/>
      <line num="347" count="15" type="stmt"/>
      <line num="348" count="15" type="stmt"/>
      <line num="349" count="15" type="stmt"/>
      <line num="350" count="15" type="stmt"/>
      <line num="351" count="15" type="stmt"/>
      <line num="352" count="15" type="cond" truecount="1" falsecount="0"/>
      <line num="353" count="15" type="stmt"/>
      <line num="354" count="15" type="cond" truecount="2" falsecount="0"/>
      <line num="355" count="15" type="stmt"/>
      <line num="356" count="15" type="cond" truecount="3" falsecount="0"/>
      <line num="357" count="15" type="stmt"/>
      <line num="358" count="15" type="cond" truecount="1" falsecount="0"/>
      <line num="359" count="30" type="stmt"/>
      <line num="360" count="30" type="stmt"/>
      <line num="361" count="30" type="stmt"/>
      <line num="362" count="15" type="stmt"/>
      <line num="363" count="15" type="cond" truecount="1" falsecount="0"/>
      <line num="364" count="45" type="stmt"/>
      <line num="365" count="45" type="cond" truecount="2" falsecount="0"/>
      <line num="366" count="45" type="stmt"/>
      <line num="367" count="15" type="stmt"/>
      <line num="368" count="15" type="stmt"/>
      <line num="369" count="15" type="stmt"/>
      <line num="370" count="15" type="stmt"/>
      <line num="371" count="15" type="stmt"/>
      <line num="372" count="15" type="stmt"/>
      <line num="373" count="15" type="stmt"/>
      <line num="374" count="15" type="stmt"/>
      <line num="375" count="15" type="stmt"/>
      <line num="376" count="15" type="stmt"/>
      <line num="377" count="15" type="stmt"/>
      <line num="378" count="15" type="stmt"/>
      <line num="379" count="15" type="stmt"/>
      <line num="380" count="15" type="stmt"/>
      <line num="381" count="15" type="stmt"/>
      <line num="382" count="15" type="stmt"/>
      <line num="383" count="15" type="stmt"/>
      <line num="384" count="15" type="stmt"/>
      <line num="385" count="15" type="stmt"/>
      <line num="386" count="15" type="stmt"/>
      <line num="387" count="15" type="stmt"/>
      <line num="388" count="15" type="stmt"/>
      <line num="389" count="15" type="stmt"/>
      <line num="390" count="15" type="stmt"/>
      <line num="391" count="15" type="stmt"/>
      <line num="392" count="15" type="stmt"/>
      <line num="393" count="15" type="stmt"/>
      <line num="394" count="15" type="stmt"/>
      <line num="395" count="15" type="stmt"/>
      <line num="396" count="15" type="cond" truecount="1" falsecount="0"/>
      <line num="397" count="15" type="stmt"/>
      <line num="398" count="5" type="cond" truecount="1" falsecount="0"/>
      <line num="399" count="1" type="stmt"/>
      <line num="400" count="1" type="cond" truecount="1" falsecount="0"/>
      <line num="401" count="4" type="stmt"/>
      <line num="402" count="4" type="cond" truecount="2" falsecount="0"/>
      <line num="403" count="3" type="stmt"/>
      <line num="404" count="4" type="cond" truecount="3" falsecount="0"/>
      <line num="405" count="3" type="stmt"/>
      <line num="406" count="4" type="cond" truecount="1" falsecount="0"/>
      <line num="407" count="1" type="stmt"/>
      <line num="408" count="1" type="stmt"/>
      <line num="409" count="1" type="stmt"/>
      <line num="410" count="0" type="stmt"/>
      <line num="411" count="0" type="stmt"/>
      <line num="412" count="0" type="stmt"/>
      <line num="413" count="0" type="stmt"/>
      <line num="414" count="0" type="stmt"/>
      <line num="415" count="0" type="stmt"/>
      <line num="416" count="1" type="stmt"/>
      <line num="417" count="1" type="stmt"/>
      <line num="418" count="1" type="cond" truecount="1" falsecount="0"/>
      <line num="419" count="6" type="cond" truecount="3" falsecount="0"/>
      <line num="420" count="6" type="cond" truecount="3" falsecount="0"/>
      <line num="421" count="4" type="stmt"/>
      <line num="422" count="4" type="stmt"/>
      <line num="423" count="4" type="stmt"/>
      <line num="424" count="4" type="stmt"/>
      <line num="425" count="6" type="cond" truecount="1" falsecount="0"/>
      <line num="426" count="1" type="stmt"/>
      <line num="427" count="1" type="stmt"/>
      <line num="428" count="0" type="stmt"/>
      <line num="429" count="0" type="stmt"/>
      <line num="430" count="0" type="stmt"/>
      <line num="431" count="0" type="stmt"/>
      <line num="432" count="0" type="stmt"/>
      <line num="433" count="0" type="stmt"/>
      <line num="434" count="1" type="stmt"/>
      <line num="435" count="1" type="stmt"/>
      <line num="436" count="1" type="cond" truecount="1" falsecount="0"/>
      <line num="437" count="32" type="stmt"/>
      <line num="438" count="32" type="cond" truecount="2" falsecount="0"/>
      <line num="439" count="31" type="stmt"/>
      <line num="440" count="31" type="stmt"/>
      <line num="441" count="31" type="stmt"/>
      <line num="442" count="31" type="stmt"/>
      <line num="443" count="32" type="cond" truecount="2" falsecount="0"/>
      <line num="444" count="18" type="stmt"/>
      <line num="445" count="18" type="stmt"/>
      <line num="446" count="18" type="stmt"/>
      <line num="447" count="18" type="stmt"/>
      <line num="448" count="18" type="stmt"/>
      <line num="449" count="18" type="stmt"/>
      <line num="450" count="18" type="stmt"/>
      <line num="451" count="18" type="stmt"/>
      <line num="452" count="18" type="stmt"/>
      <line num="453" count="18" type="stmt"/>
      <line num="454" count="18" type="stmt"/>
      <line num="455" count="18" type="stmt"/>
      <line num="456" count="18" type="stmt"/>
      <line num="457" count="18" type="stmt"/>
      <line num="458" count="18" type="stmt"/>
      <line num="459" count="18" type="stmt"/>
      <line num="460" count="18" type="stmt"/>
      <line num="461" count="18" type="stmt"/>
      <line num="462" count="18" type="stmt"/>
      <line num="463" count="18" type="stmt"/>
      <line num="464" count="18" type="stmt"/>
      <line num="465" count="18" type="stmt"/>
      <line num="466" count="18" type="stmt"/>
      <line num="467" count="18" type="stmt"/>
      <line num="468" count="18" type="stmt"/>
      <line num="469" count="18" type="stmt"/>
      <line num="470" count="18" type="stmt"/>
      <line num="471" count="18" type="stmt"/>
      <line num="472" count="32" type="cond" truecount="1" falsecount="0"/>
      <line num="473" count="1" type="stmt"/>
      <line num="474" count="1" type="stmt"/>
      <line num="475" count="1" type="cond" truecount="1" falsecount="0"/>
      <line num="476" count="15" type="stmt"/>
      <line num="477" count="15" type="stmt"/>
      <line num="478" count="15" type="stmt"/>
      <line num="479" count="15" type="stmt"/>
      <line num="480" count="15" type="stmt"/>
      <line num="481" count="15" type="stmt"/>
      <line num="482" count="15" type="cond" truecount="1" falsecount="0"/>
      <line num="483" count="1" type="stmt"/>
      <line num="484" count="1" type="stmt"/>
      <line num="485" count="1" type="cond" truecount="1" falsecount="0"/>
      <line num="486" count="9" type="stmt"/>
      <line num="487" count="9" type="cond" truecount="1" falsecount="0"/>
      <line num="488" count="1" type="stmt"/>
      <line num="489" count="1" type="stmt"/>
      <line num="490" count="0" type="stmt"/>
      <line num="491" count="0" type="stmt"/>
      <line num="492" count="1" type="stmt"/>
      <line num="493" count="1" type="stmt"/>
      <line num="494" count="0" type="stmt"/>
      <line num="495" count="0" type="stmt"/>
      <line num="496" count="1" type="stmt"/>
      <line num="497" count="1" type="stmt"/>
      <line num="498" count="0" type="stmt"/>
      <line num="499" count="0" type="stmt"/>
      <line num="500" count="0" type="stmt"/>
      <line num="501" count="0" type="stmt"/>
      <line num="502" count="0" type="stmt"/>
      <line num="503" count="1" type="stmt"/>
      <line num="504" count="1" type="stmt"/>
      <line num="505" count="0" type="stmt"/>
      <line num="506" count="0" type="stmt"/>
      <line num="507" count="1" type="stmt"/>
      <line num="508" count="1" type="stmt"/>
      <line num="509" count="1" type="stmt"/>
      <line num="510" count="0" type="stmt"/>
      <line num="511" count="0" type="stmt"/>
      <line num="512" count="0" type="stmt"/>
      <line num="513" count="0" type="stmt"/>
      <line num="514" count="0" type="stmt"/>
      <line num="515" count="1" type="stmt"/>
      <line num="516" count="1" type="stmt"/>
      <line num="517" count="1" type="stmt"/>
      <line num="518" count="1" type="stmt"/>
      <line num="519" count="0" type="stmt"/>
      <line num="520" count="0" type="stmt"/>
      <line num="521" count="0" type="stmt"/>
      <line num="522" count="1" type="stmt"/>
      <line num="523" count="1" type="cond" truecount="1" falsecount="0"/>
      <line num="524" count="4" type="stmt"/>
      <line num="525" count="4" type="stmt"/>
      <line num="526" count="4" type="stmt"/>
      <line num="527" count="4" type="stmt"/>
      <line num="528" count="4" type="stmt"/>
      <line num="529" count="4" type="stmt"/>
      <line num="530" count="4" type="cond" truecount="1" falsecount="0"/>
      <line num="531" count="1" type="stmt"/>
      <line num="532" count="1" type="cond" truecount="1" falsecount="0"/>
      <line num="533" count="18" type="stmt"/>
      <line num="534" count="18" type="stmt"/>
      <line num="535" count="18" type="stmt"/>
      <line num="536" count="18" type="stmt"/>
      <line num="537" count="18" type="cond" truecount="1" falsecount="0"/>
      <line num="538" count="1" type="stmt"/>
      <line num="539" count="1" type="stmt"/>
      <line num="540" count="1" type="stmt"/>
      <line num="541" count="1" type="cond" truecount="1" falsecount="0"/>
      <line num="542" count="127" type="cond" truecount="2" falsecount="0"/>
      <line num="543" count="123" type="stmt"/>
      <line num="544" count="127" type="cond" truecount="1" falsecount="1"/>
      <line num="545" count="123" type="stmt"/>
      <line num="546" count="127" type="cond" truecount="2" falsecount="0"/>
      <line num="547" count="1" type="stmt"/>
      <line num="548" count="1" type="cond" truecount="1" falsecount="0"/>
      <line num="549" count="122" type="stmt"/>
      <line num="550" count="122" type="stmt"/>
      <line num="551" count="122" type="stmt"/>
      <line num="552" count="122" type="stmt"/>
      <line num="553" count="127" type="cond" truecount="1" falsecount="0"/>
      <line num="554" count="1" type="stmt"/>
      <line num="555" count="122" type="cond" truecount="1" falsecount="0"/>
      <line num="556" count="122" type="stmt"/>
      <line num="557" count="122" type="stmt"/>
      <line num="558" count="122" type="stmt"/>
      <line num="559" count="122" type="stmt"/>
      <line num="560" count="122" type="stmt"/>
      <line num="561" count="122" type="stmt"/>
      <line num="562" count="122" type="stmt"/>
      <line num="563" count="122" type="stmt"/>
      <line num="564" count="122" type="stmt"/>
      <line num="565" count="122" type="stmt"/>
      <line num="566" count="122" type="stmt"/>
      <line num="567" count="122" type="stmt"/>
      <line num="568" count="122" type="stmt"/>
      <line num="569" count="122" type="stmt"/>
      <line num="570" count="122" type="stmt"/>
      <line num="571" count="122" type="stmt"/>
      <line num="572" count="122" type="stmt"/>
      <line num="573" count="122" type="stmt"/>
      <line num="574" count="122" type="stmt"/>
      <line num="575" count="122" type="stmt"/>
      <line num="576" count="122" type="stmt"/>
      <line num="577" count="122" type="stmt"/>
      <line num="578" count="122" type="stmt"/>
      <line num="579" count="122" type="stmt"/>
      <line num="580" count="122" type="stmt"/>
      <line num="581" count="122" type="cond" truecount="1" falsecount="0"/>
      <line num="582" count="107" type="cond" truecount="1" falsecount="0"/>
      <line num="583" count="90" type="cond" truecount="1" falsecount="0"/>
      <line num="584" count="88" type="cond" truecount="1" falsecount="0"/>
      <line num="585" count="85" type="cond" truecount="1" falsecount="0"/>
      <line num="586" count="74" type="stmt"/>
      <line num="587" count="122" type="stmt"/>
      <line num="588" count="122" type="stmt"/>
      <line num="589" count="1" type="stmt"/>
      <line num="590" count="1" type="stmt"/>
      <line num="591" count="1" type="stmt"/>
      <line num="592" count="1" type="stmt"/>
      <line num="593" count="1" type="stmt"/>
      <line num="594" count="1" type="stmt"/>
      <line num="595" count="1" type="stmt"/>
      <line num="596" count="1" type="stmt"/>
      <line num="597" count="1" type="cond" truecount="1" falsecount="0"/>
      <line num="598" count="6" type="stmt"/>
      <line num="599" count="6" type="stmt"/>
      <line num="600" count="6" type="cond" truecount="0" falsecount="1"/>
      <line num="601" count="6" type="cond" truecount="0" falsecount="1"/>
      <line num="602" count="6" type="stmt"/>
      <line num="603" count="6" type="cond" truecount="1" falsecount="0"/>
      <line num="604" count="1" type="stmt"/>
      <line num="605" count="1" type="stmt"/>
      <line num="606" count="1" type="stmt"/>
      <line num="607" count="1" type="stmt"/>
      <line num="608" count="6" type="stmt"/>
      <line num="609" count="6" type="cond" truecount="0" falsecount="1"/>
      <line num="610" count="6" type="stmt"/>
      <line num="611" count="6" type="stmt"/>
      <line num="612" count="6" type="stmt"/>
      <line num="613" count="6" type="stmt"/>
      <line num="614" count="6" type="stmt"/>
      <line num="615" count="6" type="stmt"/>
      <line num="616" count="6" type="stmt"/>
      <line num="617" count="6" type="stmt"/>
      <line num="618" count="6" type="stmt"/>
      <line num="619" count="6" type="cond" truecount="1" falsecount="0"/>
      <line num="620" count="1" type="stmt"/>
      <line num="621" count="1" type="stmt"/>
      <line num="622" count="1" type="stmt"/>
      <line num="623" count="1" type="cond" truecount="1" falsecount="0"/>
      <line num="624" count="5" type="stmt"/>
      <line num="625" count="5" type="stmt"/>
      <line num="626" count="5" type="stmt"/>
      <line num="627" count="5" type="cond" truecount="2" falsecount="0"/>
      <line num="628" count="4" type="stmt"/>
      <line num="629" count="5" type="cond" truecount="2" falsecount="0"/>
      <line num="630" count="5" type="cond" truecount="2" falsecount="0"/>
      <line num="631" count="5" type="cond" truecount="2" falsecount="0"/>
      <line num="632" count="5" type="cond" truecount="2" falsecount="0"/>
      <line num="633" count="4" type="stmt"/>
      <line num="634" count="4" type="stmt"/>
      <line num="635" count="5" type="cond" truecount="1" falsecount="0"/>
    </file>
  </project>
</coverage>
