<?xml version="1.0" encoding="UTF-8"?>
<coverage generated="1677011399818" clover="3.2.0">
  <project timestamp="1677011399819" name="All files">
    <metrics statements="1259" coveredstatements="1252" conditionals="446" coveredconditionals="410" methods="101" coveredmethods="101" elements="1806" coveredelements="1763" complexity="0" loc="1259" ncloc="1259" packages="1" files="2" classes="2"/>
    <file name="Validator.ts" path="/Users/jd/code/validator/src/Validator.ts">
      <metrics statements="624" coveredstatements="624" conditionals="191" coveredconditionals="176" methods="37" coveredmethods="37"/>
      <line num="1" count="1" type="stmt"/>
      <line num="2" count="1" type="stmt"/>
      <line num="3" count="1" type="stmt"/>
      <line num="4" count="1" type="stmt"/>
      <line num="5" count="1" type="stmt"/>
      <line num="6" count="1" type="stmt"/>
      <line num="7" count="1" type="stmt"/>
      <line num="8" count="1" type="stmt"/>
      <line num="9" count="1" type="stmt"/>
      <line num="10" count="1" type="stmt"/>
      <line num="11" count="1" type="stmt"/>
      <line num="12" count="1" type="cond" truecount="1" falsecount="0"/>
      <line num="13" count="11" type="stmt"/>
      <line num="14" count="11" type="cond" truecount="1" falsecount="0"/>
      <line num="15" count="11" type="stmt"/>
      <line num="16" count="11" type="stmt"/>
      <line num="17" count="11" type="stmt"/>
      <line num="18" count="5" type="cond" truecount="1" falsecount="0"/>
      <line num="19" count="1" type="stmt"/>
      <line num="20" count="1" type="cond" truecount="1" falsecount="0"/>
      <line num="21" count="11" type="stmt"/>
      <line num="22" count="11" type="cond" truecount="1" falsecount="0"/>
      <line num="23" count="11" type="stmt"/>
      <line num="24" count="11" type="stmt"/>
      <line num="25" count="11" type="stmt"/>
      <line num="26" count="5" type="cond" truecount="1" falsecount="0"/>
      <line num="27" count="1" type="stmt"/>
      <line num="28" count="171" type="cond" truecount="1" falsecount="0"/>
      <line num="29" count="171" type="stmt"/>
      <line num="30" count="171" type="stmt"/>
      <line num="31" count="171" type="stmt"/>
      <line num="32" count="171" type="stmt"/>
      <line num="33" count="171" type="stmt"/>
      <line num="34" count="171" type="stmt"/>
      <line num="35" count="171" type="stmt"/>
      <line num="36" count="171" type="stmt"/>
      <line num="37" count="171" type="stmt"/>
      <line num="38" count="171" type="stmt"/>
      <line num="39" count="171" type="stmt"/>
      <line num="40" count="171" type="stmt"/>
      <line num="41" count="171" type="stmt"/>
      <line num="42" count="171" type="stmt"/>
      <line num="43" count="171" type="stmt"/>
      <line num="44" count="171" type="stmt"/>
      <line num="45" count="171" type="stmt"/>
      <line num="46" count="171" type="stmt"/>
      <line num="47" count="171" type="stmt"/>
      <line num="48" count="171" type="stmt"/>
      <line num="49" count="171" type="stmt"/>
      <line num="50" count="171" type="stmt"/>
      <line num="51" count="171" type="stmt"/>
      <line num="52" count="171" type="stmt"/>
      <line num="53" count="171" type="stmt"/>
      <line num="54" count="171" type="stmt"/>
      <line num="55" count="171" type="stmt"/>
      <line num="56" count="171" type="stmt"/>
      <line num="57" count="171" type="stmt"/>
      <line num="58" count="171" type="stmt"/>
      <line num="59" count="171" type="stmt"/>
      <line num="60" count="171" type="stmt"/>
      <line num="61" count="171" type="stmt"/>
      <line num="62" count="171" type="stmt"/>
      <line num="63" count="171" type="stmt"/>
      <line num="64" count="171" type="stmt"/>
      <line num="65" count="171" type="stmt"/>
      <line num="66" count="171" type="stmt"/>
      <line num="67" count="171" type="stmt"/>
      <line num="68" count="171" type="stmt"/>
      <line num="69" count="171" type="stmt"/>
      <line num="70" count="171" type="stmt"/>
      <line num="71" count="171" type="stmt"/>
      <line num="72" count="171" type="stmt"/>
      <line num="73" count="171" type="stmt"/>
      <line num="74" count="171" type="stmt"/>
      <line num="75" count="171" type="stmt"/>
      <line num="76" count="171" type="stmt"/>
      <line num="77" count="171" type="stmt"/>
      <line num="78" count="171" type="stmt"/>
      <line num="79" count="171" type="stmt"/>
      <line num="80" count="171" type="stmt"/>
      <line num="81" count="171" type="cond" truecount="1" falsecount="0"/>
      <line num="82" count="171" type="cond" truecount="2" falsecount="0"/>
      <line num="83" count="171" type="cond" truecount="1" falsecount="0"/>
      <line num="84" count="1" type="stmt"/>
      <line num="85" count="1" type="cond" truecount="1" falsecount="0"/>
      <line num="86" count="169" type="stmt"/>
      <line num="87" count="169" type="stmt"/>
      <line num="88" count="169" type="stmt"/>
      <line num="89" count="169" type="stmt"/>
      <line num="90" count="169" type="stmt"/>
      <line num="91" count="171" type="cond" truecount="3" falsecount="0"/>
      <line num="92" count="169" type="stmt"/>
      <line num="93" count="169" type="stmt"/>
      <line num="94" count="171" type="cond" truecount="1" falsecount="0"/>
      <line num="95" count="171" type="cond" truecount="1" falsecount="0"/>
      <line num="96" count="171" type="cond" truecount="2" falsecount="0"/>
      <line num="97" count="171" type="cond" truecount="2" falsecount="0"/>
      <line num="98" count="171" type="cond" truecount="1" falsecount="0"/>
      <line num="99" count="171" type="stmt"/>
      <line num="100" count="171" type="cond" truecount="1" falsecount="0"/>
      <line num="101" count="164" type="stmt"/>
      <line num="102" count="171" type="stmt"/>
      <line num="103" count="171" type="cond" truecount="1" falsecount="0"/>
      <line num="104" count="171" type="cond" truecount="2" falsecount="0"/>
      <line num="105" count="171" type="cond" truecount="2" falsecount="0"/>
      <line num="106" count="171" type="stmt"/>
      <line num="107" count="171" type="cond" truecount="2" falsecount="0"/>
      <line num="108" count="169" type="stmt"/>
      <line num="109" count="169" type="stmt"/>
      <line num="110" count="169" type="cond" truecount="1" falsecount="0"/>
      <line num="111" count="171" type="stmt"/>
      <line num="112" count="171" type="stmt"/>
      <line num="113" count="171" type="stmt"/>
      <line num="114" count="171" type="stmt"/>
      <line num="115" count="171" type="stmt"/>
      <line num="116" count="171" type="stmt"/>
      <line num="117" count="171" type="stmt"/>
      <line num="118" count="171" type="stmt"/>
      <line num="119" count="171" type="cond" truecount="1" falsecount="0"/>
      <line num="120" count="288" type="stmt"/>
      <line num="121" count="288" type="stmt"/>
      <line num="122" count="288" type="stmt"/>
      <line num="123" count="288" type="stmt"/>
      <line num="124" count="288" type="stmt"/>
      <line num="125" count="288" type="stmt"/>
      <line num="126" count="288" type="stmt"/>
      <line num="127" count="171" type="stmt"/>
      <line num="128" count="171" type="cond" truecount="1" falsecount="0"/>
      <line num="129" count="291" type="stmt"/>
      <line num="130" count="291" type="stmt"/>
      <line num="131" count="291" type="stmt"/>
      <line num="132" count="291" type="stmt"/>
      <line num="133" count="291" type="stmt"/>
      <line num="134" count="291" type="stmt"/>
      <line num="135" count="171" type="stmt"/>
      <line num="136" count="171" type="stmt"/>
      <line num="137" count="171" type="cond" truecount="1" falsecount="0"/>
      <line num="138" count="287" type="stmt"/>
      <line num="139" count="287" type="stmt"/>
      <line num="140" count="287" type="cond" truecount="1" falsecount="0"/>
      <line num="141" count="419" type="cond" truecount="2" falsecount="0"/>
      <line num="142" count="419" type="cond" truecount="1" falsecount="0"/>
      <line num="143" count="287" type="stmt"/>
      <line num="144" count="287" type="stmt"/>
      <line num="145" count="287" type="stmt"/>
      <line num="146" count="287" type="stmt"/>
      <line num="147" count="287" type="stmt"/>
      <line num="148" count="287" type="stmt"/>
      <line num="149" count="287" type="stmt"/>
      <line num="150" count="287" type="stmt"/>
      <line num="151" count="287" type="stmt"/>
      <line num="152" count="287" type="stmt"/>
      <line num="153" count="287" type="stmt"/>
      <line num="154" count="171" type="stmt"/>
      <line num="155" count="171" type="cond" truecount="1" falsecount="0"/>
      <line num="156" count="33" type="stmt"/>
      <line num="157" count="33" type="cond" truecount="2" falsecount="0"/>
      <line num="158" count="2" type="stmt"/>
      <line num="159" count="33" type="cond" truecount="1" falsecount="0"/>
      <line num="160" count="33" type="stmt"/>
      <line num="161" count="171" type="stmt"/>
      <line num="162" count="171" type="cond" truecount="1" falsecount="0"/>
      <line num="163" count="6" type="stmt"/>
      <line num="164" count="6" type="stmt"/>
      <line num="165" count="6" type="cond" truecount="1" falsecount="0"/>
      <line num="166" count="18" type="stmt"/>
      <line num="167" count="6" type="stmt"/>
      <line num="168" count="6" type="stmt"/>
      <line num="169" count="6" type="cond" truecount="2" falsecount="0"/>
      <line num="170" count="5" type="stmt"/>
      <line num="171" count="6" type="stmt"/>
      <line num="172" count="6" type="stmt"/>
      <line num="173" count="6" type="stmt"/>
      <line num="174" count="171" type="stmt"/>
      <line num="175" count="171" type="stmt"/>
      <line num="176" count="171" type="cond" truecount="1" falsecount="0"/>
      <line num="177" count="45" type="stmt"/>
      <line num="178" count="45" type="cond" truecount="1" falsecount="0"/>
      <line num="179" count="45" type="stmt"/>
      <line num="180" count="45" type="cond" truecount="1" falsecount="0"/>
      <line num="181" count="45" type="stmt"/>
      <line num="182" count="45" type="cond" truecount="1" falsecount="0"/>
      <line num="183" count="45" type="stmt"/>
      <line num="184" count="45" type="cond" truecount="1" falsecount="0"/>
      <line num="185" count="45" type="stmt"/>
      <line num="186" count="45" type="stmt"/>
      <line num="187" count="45" type="cond" truecount="0" falsecount="1"/>
      <line num="188" count="45" type="stmt"/>
      <line num="189" count="45" type="cond" truecount="0" falsecount="1"/>
      <line num="190" count="45" type="stmt"/>
      <line num="191" count="171" type="stmt"/>
      <line num="192" count="171" type="stmt"/>
      <line num="193" count="171" type="stmt"/>
      <line num="194" count="171" type="cond" truecount="1" falsecount="0"/>
      <line num="195" count="29" type="cond" truecount="0" falsecount="2"/>
      <line num="196" count="29" type="stmt"/>
      <line num="197" count="29" type="stmt"/>
      <line num="198" count="29" type="cond" truecount="0" falsecount="1"/>
      <line num="199" count="29" type="cond" truecount="0" falsecount="1"/>
      <line num="200" count="29" type="stmt"/>
      <line num="201" count="29" type="cond" truecount="2" falsecount="0"/>
      <line num="202" count="6" type="stmt"/>
      <line num="203" count="6" type="stmt"/>
      <line num="204" count="6" type="stmt"/>
      <line num="205" count="6" type="stmt"/>
      <line num="206" count="6" type="cond" truecount="1" falsecount="0"/>
      <line num="207" count="12" type="stmt"/>
      <line num="208" count="6" type="stmt"/>
      <line num="209" count="6" type="stmt"/>
      <line num="210" count="6" type="stmt"/>
      <line num="211" count="6" type="stmt"/>
      <line num="212" count="6" type="cond" truecount="1" falsecount="1"/>
      <line num="213" count="6" type="stmt"/>
      <line num="214" count="6" type="stmt"/>
      <line num="215" count="6" type="stmt"/>
      <line num="216" count="6" type="cond" truecount="1" falsecount="0"/>
      <line num="217" count="12" type="stmt"/>
      <line num="218" count="6" type="stmt"/>
      <line num="219" count="29" type="stmt"/>
      <line num="220" count="171" type="stmt"/>
      <line num="221" count="171" type="stmt"/>
      <line num="222" count="171" type="stmt"/>
      <line num="223" count="171" type="cond" truecount="1" falsecount="0"/>
      <line num="224" count="12" type="stmt"/>
      <line num="225" count="12" type="cond" truecount="1" falsecount="0"/>
      <line num="226" count="12" type="stmt"/>
      <line num="227" count="12" type="stmt"/>
      <line num="228" count="12" type="stmt"/>
      <line num="229" count="12" type="stmt"/>
      <line num="230" count="12" type="cond" truecount="2" falsecount="0"/>
      <line num="231" count="3" type="stmt"/>
      <line num="232" count="3" type="cond" truecount="1" falsecount="0"/>
      <line num="233" count="1" type="cond" truecount="1" falsecount="0"/>
      <line num="234" count="1" type="stmt"/>
      <line num="235" count="1" type="cond" truecount="0" falsecount="1"/>
      <line num="236" count="1" type="cond" truecount="1" falsecount="0"/>
      <line num="237" count="2" type="stmt"/>
      <line num="238" count="1" type="stmt"/>
      <line num="239" count="1" type="stmt"/>
      <line num="240" count="3" type="cond" truecount="1" falsecount="0"/>
      <line num="241" count="3" type="stmt"/>
      <line num="242" count="12" type="stmt"/>
      <line num="243" count="171" type="stmt"/>
      <line num="244" count="171" type="stmt"/>
      <line num="245" count="171" type="cond" truecount="1" falsecount="0"/>
      <line num="246" count="24" type="cond" truecount="0" falsecount="1"/>
      <line num="247" count="24" type="stmt"/>
      <line num="248" count="24" type="stmt"/>
      <line num="249" count="24" type="stmt"/>
      <line num="250" count="24" type="stmt"/>
      <line num="251" count="24" type="stmt"/>
      <line num="252" count="24" type="cond" truecount="0" falsecount="1"/>
      <line num="253" count="24" type="stmt"/>
      <line num="254" count="24" type="stmt"/>
      <line num="255" count="24" type="cond" truecount="1" falsecount="0"/>
      <line num="256" count="48" type="stmt"/>
      <line num="257" count="24" type="stmt"/>
      <line num="258" count="24" type="stmt"/>
      <line num="259" count="24" type="stmt"/>
      <line num="260" count="24" type="cond" truecount="1" falsecount="0"/>
      <line num="261" count="48" type="stmt"/>
      <line num="262" count="24" type="stmt"/>
      <line num="263" count="24" type="stmt"/>
      <line num="264" count="24" type="stmt"/>
      <line num="265" count="24" type="stmt"/>
      <line num="266" count="24" type="stmt"/>
      <line num="267" count="24" type="stmt"/>
      <line num="268" count="171" type="stmt"/>
      <line num="269" count="171" type="cond" truecount="1" falsecount="0"/>
      <line num="270" count="10" type="stmt"/>
      <line num="271" count="10" type="cond" truecount="1" falsecount="0"/>
      <line num="272" count="1" type="cond" truecount="1" falsecount="0"/>
      <line num="273" count="2" type="stmt"/>
      <line num="274" count="1" type="stmt"/>
      <line num="275" count="10" type="stmt"/>
      <line num="276" count="10" type="stmt"/>
      <line num="277" count="10" type="stmt"/>
      <line num="278" count="10" type="cond" truecount="1" falsecount="0"/>
      <line num="279" count="10" type="stmt"/>
      <line num="280" count="171" type="stmt"/>
      <line num="281" count="171" type="stmt"/>
      <line num="282" count="171" type="stmt"/>
      <line num="283" count="171" type="cond" truecount="1" falsecount="0"/>
      <line num="284" count="15" type="stmt"/>
      <line num="285" count="15" type="stmt"/>
      <line num="286" count="15" type="cond" truecount="1" falsecount="0"/>
      <line num="287" count="9" type="cond" truecount="1" falsecount="0"/>
      <line num="288" count="5" type="stmt"/>
      <line num="289" count="15" type="cond" truecount="1" falsecount="0"/>
      <line num="290" count="8" type="stmt"/>
      <line num="291" count="8" type="stmt"/>
      <line num="292" count="8" type="stmt"/>
      <line num="293" count="8" type="stmt"/>
      <line num="294" count="8" type="cond" truecount="1" falsecount="0"/>
      <line num="295" count="4" type="stmt"/>
      <line num="296" count="4" type="stmt"/>
      <line num="297" count="4" type="stmt"/>
      <line num="298" count="4" type="cond" truecount="1" falsecount="0"/>
      <line num="299" count="7" type="cond" truecount="1" falsecount="0"/>
      <line num="300" count="1" type="stmt"/>
      <line num="301" count="1" type="stmt"/>
      <line num="302" count="1" type="stmt"/>
      <line num="303" count="4" type="stmt"/>
      <line num="304" count="4" type="stmt"/>
      <line num="305" count="4" type="cond" truecount="1" falsecount="0"/>
      <line num="306" count="3" type="stmt"/>
      <line num="307" count="3" type="stmt"/>
      <line num="308" count="3" type="stmt"/>
      <line num="309" count="3" type="cond" truecount="2" falsecount="0"/>
      <line num="310" count="3" type="stmt"/>
      <line num="311" count="3" type="stmt"/>
      <line num="312" count="3" type="cond" truecount="0" falsecount="1"/>
      <line num="313" count="3" type="stmt"/>
      <line num="314" count="3" type="stmt"/>
      <line num="315" count="4" type="stmt"/>
      <line num="316" count="4" type="stmt"/>
      <line num="317" count="4" type="cond" truecount="1" falsecount="0"/>
      <line num="318" count="4" type="stmt"/>
      <line num="319" count="8" type="stmt"/>
      <line num="320" count="15" type="stmt"/>
      <line num="321" count="15" type="stmt"/>
      <line num="322" count="171" type="stmt"/>
      <line num="323" count="171" type="stmt"/>
      <line num="324" count="171" type="cond" truecount="1" falsecount="0"/>
      <line num="325" count="15" type="stmt"/>
      <line num="326" count="15" type="stmt"/>
      <line num="327" count="15" type="cond" truecount="1" falsecount="1"/>
      <line num="328" count="7" type="stmt"/>
      <line num="329" count="7" type="cond" truecount="2" falsecount="0"/>
      <line num="330" count="6" type="cond" truecount="2" falsecount="0"/>
      <line num="331" count="7" type="stmt"/>
      <line num="332" count="7" type="stmt"/>
      <line num="333" count="7" type="cond" truecount="2" falsecount="0"/>
      <line num="334" count="6" type="cond" truecount="2" falsecount="0"/>
      <line num="335" count="7" type="stmt"/>
      <line num="336" count="7" type="cond" truecount="2" falsecount="0"/>
      <line num="337" count="2" type="stmt"/>
      <line num="338" count="2" type="stmt"/>
      <line num="339" count="2" type="stmt"/>
      <line num="340" count="2" type="stmt"/>
      <line num="341" count="2" type="stmt"/>
      <line num="342" count="2" type="stmt"/>
      <line num="343" count="7" type="stmt"/>
      <line num="344" count="7" type="cond" truecount="1" falsecount="0"/>
      <line num="345" count="2" type="stmt"/>
      <line num="346" count="2" type="stmt"/>
      <line num="347" count="2" type="stmt"/>
      <line num="348" count="2" type="stmt"/>
      <line num="349" count="2" type="stmt"/>
      <line num="350" count="2" type="stmt"/>
      <line num="351" count="7" type="stmt"/>
      <line num="352" count="15" type="stmt"/>
      <line num="353" count="15" type="stmt"/>
      <line num="354" count="15" type="stmt"/>
      <line num="355" count="171" type="stmt"/>
      <line num="356" count="171" type="stmt"/>
      <line num="357" count="171" type="stmt"/>
      <line num="358" count="171" type="stmt"/>
      <line num="359" count="171" type="stmt"/>
      <line num="360" count="171" type="stmt"/>
      <line num="361" count="171" type="stmt"/>
      <line num="362" count="171" type="stmt"/>
      <line num="363" count="171" type="stmt"/>
      <line num="364" count="171" type="stmt"/>
      <line num="365" count="171" type="stmt"/>
      <line num="366" count="171" type="stmt"/>
      <line num="367" count="171" type="stmt"/>
      <line num="368" count="171" type="stmt"/>
      <line num="369" count="171" type="stmt"/>
      <line num="370" count="171" type="stmt"/>
      <line num="371" count="171" type="stmt"/>
      <line num="372" count="171" type="stmt"/>
      <line num="373" count="171" type="stmt"/>
      <line num="374" count="171" type="cond" truecount="1" falsecount="0"/>
      <line num="375" count="171" type="stmt"/>
      <line num="376" count="171" type="stmt"/>
      <line num="377" count="171" type="stmt"/>
      <line num="378" count="171" type="stmt"/>
      <line num="379" count="171" type="stmt"/>
      <line num="380" count="171" type="stmt"/>
      <line num="381" count="171" type="stmt"/>
      <line num="382" count="171" type="stmt"/>
      <line num="383" count="171" type="stmt"/>
      <line num="384" count="171" type="stmt"/>
      <line num="385" count="171" type="stmt"/>
      <line num="386" count="171" type="stmt"/>
      <line num="387" count="171" type="stmt"/>
      <line num="388" count="171" type="stmt"/>
      <line num="389" count="171" type="stmt"/>
      <line num="390" count="171" type="stmt"/>
      <line num="391" count="171" type="stmt"/>
      <line num="392" count="171" type="stmt"/>
      <line num="393" count="171" type="stmt"/>
      <line num="394" count="171" type="stmt"/>
      <line num="395" count="171" type="stmt"/>
      <line num="396" count="171" type="stmt"/>
      <line num="397" count="171" type="stmt"/>
      <line num="398" count="171" type="stmt"/>
      <line num="399" count="171" type="cond" truecount="1" falsecount="0"/>
      <line num="400" count="171" type="stmt"/>
      <line num="401" count="171" type="stmt"/>
      <line num="402" count="171" type="stmt"/>
      <line num="403" count="171" type="stmt"/>
      <line num="404" count="171" type="stmt"/>
      <line num="405" count="171" type="cond" truecount="1" falsecount="0"/>
      <line num="406" count="99" type="cond" truecount="1" falsecount="0"/>
      <line num="407" count="99" type="cond" truecount="1" falsecount="0"/>
      <line num="408" count="99" type="stmt"/>
      <line num="409" count="99" type="cond" truecount="1" falsecount="0"/>
      <line num="410" count="96" type="cond" truecount="1" falsecount="0"/>
      <line num="411" count="96" type="stmt"/>
      <line num="412" count="96" type="stmt"/>
      <line num="413" count="96" type="stmt"/>
      <line num="414" count="96" type="stmt"/>
      <line num="415" count="96" type="cond" truecount="2" falsecount="0"/>
      <line num="416" count="96" type="stmt"/>
      <line num="417" count="96" type="cond" truecount="1" falsecount="0"/>
      <line num="418" count="18" type="stmt"/>
      <line num="419" count="18" type="stmt"/>
      <line num="420" count="18" type="stmt"/>
      <line num="421" count="96" type="cond" truecount="1" falsecount="0"/>
      <line num="422" count="81" type="stmt"/>
      <line num="423" count="81" type="stmt"/>
      <line num="424" count="99" type="stmt"/>
      <line num="425" count="171" type="stmt"/>
      <line num="426" count="171" type="cond" truecount="1" falsecount="0"/>
      <line num="427" count="14" type="cond" truecount="1" falsecount="0"/>
      <line num="428" count="4" type="stmt"/>
      <line num="429" count="4" type="stmt"/>
      <line num="430" count="4" type="stmt"/>
      <line num="431" count="4" type="cond" truecount="1" falsecount="0"/>
      <line num="432" count="2" type="stmt"/>
      <line num="433" count="2" type="cond" truecount="1" falsecount="0"/>
      <line num="434" count="1" type="stmt"/>
      <line num="435" count="2" type="stmt"/>
      <line num="436" count="2" type="stmt"/>
      <line num="437" count="2" type="stmt"/>
      <line num="438" count="4" type="cond" truecount="1" falsecount="0"/>
      <line num="439" count="12" type="stmt"/>
      <line num="440" count="12" type="stmt"/>
      <line num="441" count="14" type="stmt"/>
      <line num="442" count="171" type="stmt"/>
      <line num="443" count="171" type="stmt"/>
      <line num="444" count="171" type="cond" truecount="1" falsecount="0"/>
      <line num="445" count="12" type="cond" truecount="2" falsecount="0"/>
      <line num="446" count="12" type="cond" truecount="2" falsecount="0"/>
      <line num="447" count="2" type="stmt"/>
      <line num="448" count="2" type="stmt"/>
      <line num="449" count="2" type="cond" truecount="1" falsecount="0"/>
      <line num="450" count="10" type="stmt"/>
      <line num="451" count="10" type="stmt"/>
      <line num="452" count="12" type="stmt"/>
      <line num="453" count="171" type="stmt"/>
      <line num="454" count="171" type="stmt"/>
      <line num="455" count="171" type="stmt"/>
      <line num="456" count="171" type="stmt"/>
      <line num="457" count="171" type="stmt"/>
      <line num="458" count="171" type="stmt"/>
      <line num="459" count="171" type="stmt"/>
      <line num="460" count="171" type="stmt"/>
      <line num="461" count="171" type="stmt"/>
      <line num="462" count="171" type="stmt"/>
      <line num="463" count="171" type="stmt"/>
      <line num="464" count="171" type="stmt"/>
      <line num="465" count="171" type="cond" truecount="1" falsecount="0"/>
      <line num="466" count="16" type="stmt"/>
      <line num="467" count="16" type="cond" truecount="3" falsecount="0"/>
      <line num="468" count="6" type="stmt"/>
      <line num="469" count="16" type="cond" truecount="3" falsecount="0"/>
      <line num="470" count="5" type="stmt"/>
      <line num="471" count="5" type="stmt"/>
      <line num="472" count="5" type="stmt"/>
      <line num="473" count="5" type="cond" truecount="1" falsecount="0"/>
      <line num="474" count="4" type="stmt"/>
      <line num="475" count="16" type="cond" truecount="1" falsecount="0"/>
      <line num="476" count="1" type="stmt"/>
      <line num="477" count="1" type="stmt"/>
      <line num="478" count="1" type="cond" truecount="1" falsecount="0"/>
      <line num="479" count="4" type="stmt"/>
      <line num="480" count="16" type="cond" truecount="1" falsecount="0"/>
      <line num="481" count="16" type="cond" truecount="2" falsecount="0"/>
      <line num="482" count="4" type="stmt"/>
      <line num="483" count="4" type="stmt"/>
      <line num="484" count="16" type="stmt"/>
      <line num="485" count="171" type="stmt"/>
      <line num="486" count="171" type="stmt"/>
      <line num="487" count="171" type="stmt"/>
      <line num="488" count="171" type="cond" truecount="1" falsecount="0"/>
      <line num="489" count="21" type="cond" truecount="2" falsecount="0"/>
      <line num="490" count="12" type="stmt"/>
      <line num="491" count="12" type="stmt"/>
      <line num="492" count="21" type="cond" truecount="1" falsecount="0"/>
      <line num="493" count="21" type="cond" truecount="1" falsecount="0"/>
      <line num="494" count="21" type="cond" truecount="1" falsecount="0"/>
      <line num="495" count="21" type="cond" truecount="2" falsecount="0"/>
      <line num="496" count="21" type="stmt"/>
      <line num="497" count="21" type="stmt"/>
      <line num="498" count="21" type="stmt"/>
      <line num="499" count="171" type="stmt"/>
      <line num="500" count="171" type="stmt"/>
      <line num="501" count="171" type="stmt"/>
      <line num="502" count="171" type="cond" truecount="1" falsecount="0"/>
      <line num="503" count="9" type="stmt"/>
      <line num="504" count="9" type="stmt"/>
      <line num="505" count="9" type="cond" truecount="1" falsecount="0"/>
      <line num="506" count="11" type="cond" truecount="1" falsecount="0"/>
      <line num="507" count="11" type="cond" truecount="1" falsecount="0"/>
      <line num="508" count="11" type="cond" truecount="1" falsecount="0"/>
      <line num="509" count="11" type="stmt"/>
      <line num="510" count="9" type="stmt"/>
      <line num="511" count="9" type="stmt"/>
      <line num="512" count="9" type="stmt"/>
      <line num="513" count="171" type="stmt"/>
      <line num="514" count="171" type="stmt"/>
      <line num="515" count="171" type="cond" truecount="1" falsecount="0"/>
      <line num="516" count="8" type="cond" truecount="0" falsecount="1"/>
      <line num="517" count="8" type="stmt"/>
      <line num="518" count="8" type="stmt"/>
      <line num="519" count="8" type="stmt"/>
      <line num="520" count="8" type="stmt"/>
      <line num="521" count="8" type="stmt"/>
      <line num="522" count="8" type="stmt"/>
      <line num="523" count="8" type="stmt"/>
      <line num="524" count="8" type="stmt"/>
      <line num="525" count="8" type="stmt"/>
      <line num="526" count="8" type="stmt"/>
      <line num="527" count="8" type="stmt"/>
      <line num="528" count="8" type="stmt"/>
      <line num="529" count="8" type="stmt"/>
      <line num="530" count="8" type="cond" truecount="1" falsecount="0"/>
      <line num="531" count="5" type="stmt"/>
      <line num="532" count="5" type="stmt"/>
      <line num="533" count="8" type="cond" truecount="1" falsecount="0"/>
      <line num="534" count="3" type="stmt"/>
      <line num="535" count="3" type="stmt"/>
      <line num="536" count="3" type="stmt"/>
      <line num="537" count="8" type="stmt"/>
      <line num="538" count="8" type="cond" truecount="2" falsecount="0"/>
      <line num="539" count="4" type="stmt"/>
      <line num="540" count="4" type="stmt"/>
      <line num="541" count="4" type="stmt"/>
      <line num="542" count="4" type="stmt"/>
      <line num="543" count="8" type="stmt"/>
      <line num="544" count="171" type="stmt"/>
      <line num="545" count="171" type="cond" truecount="1" falsecount="0"/>
      <line num="546" count="11" type="cond" truecount="0" falsecount="1"/>
      <line num="547" count="11" type="stmt"/>
      <line num="548" count="11" type="stmt"/>
      <line num="549" count="11" type="stmt"/>
      <line num="550" count="11" type="stmt"/>
      <line num="551" count="11" type="stmt"/>
      <line num="552" count="11" type="stmt"/>
      <line num="553" count="11" type="stmt"/>
      <line num="554" count="171" type="stmt"/>
      <line num="555" count="171" type="cond" truecount="1" falsecount="0"/>
      <line num="556" count="45" type="stmt"/>
      <line num="557" count="45" type="stmt"/>
      <line num="558" count="45" type="stmt"/>
      <line num="559" count="45" type="cond" truecount="1" falsecount="0"/>
      <line num="560" count="45" type="stmt"/>
      <line num="561" count="45" type="stmt"/>
      <line num="562" count="45" type="cond" truecount="2" falsecount="0"/>
      <line num="563" count="4" type="stmt"/>
      <line num="564" count="4" type="stmt"/>
      <line num="565" count="45" type="stmt"/>
      <line num="566" count="45" type="cond" truecount="1" falsecount="0"/>
      <line num="567" count="45" type="stmt"/>
      <line num="568" count="171" type="stmt"/>
      <line num="569" count="171" type="stmt"/>
      <line num="570" count="171" type="cond" truecount="1" falsecount="0"/>
      <line num="571" count="37" type="stmt"/>
      <line num="572" count="37" type="stmt"/>
      <line num="573" count="37" type="stmt"/>
      <line num="574" count="37" type="stmt"/>
      <line num="575" count="37" type="cond" truecount="1" falsecount="0"/>
      <line num="576" count="37" type="stmt"/>
      <line num="577" count="37" type="stmt"/>
      <line num="578" count="37" type="stmt"/>
      <line num="579" count="37" type="stmt"/>
      <line num="580" count="37" type="cond" truecount="2" falsecount="0"/>
      <line num="581" count="35" type="stmt"/>
      <line num="582" count="35" type="stmt"/>
      <line num="583" count="35" type="cond" truecount="3" falsecount="0"/>
      <line num="584" count="33" type="stmt"/>
      <line num="585" count="33" type="stmt"/>
      <line num="586" count="35" type="stmt"/>
      <line num="587" count="35" type="stmt"/>
      <line num="588" count="37" type="cond" truecount="2" falsecount="0"/>
      <line num="589" count="35" type="stmt"/>
      <line num="590" count="37" type="cond" truecount="2" falsecount="0"/>
      <line num="591" count="35" type="stmt"/>
      <line num="592" count="35" type="stmt"/>
      <line num="593" count="35" type="stmt"/>
      <line num="594" count="35" type="stmt"/>
      <line num="595" count="35" type="cond" truecount="1" falsecount="0"/>
      <line num="596" count="8" type="stmt"/>
      <line num="597" count="35" type="stmt"/>
      <line num="598" count="37" type="stmt"/>
      <line num="599" count="171" type="stmt"/>
      <line num="600" count="171" type="stmt"/>
      <line num="601" count="171" type="stmt"/>
      <line num="602" count="171" type="cond" truecount="1" falsecount="0"/>
      <line num="603" count="7" type="cond" truecount="0" falsecount="1"/>
      <line num="604" count="7" type="stmt"/>
      <line num="605" count="7" type="cond" truecount="1" falsecount="0"/>
      <line num="606" count="5" type="cond" truecount="1" falsecount="0"/>
      <line num="607" count="2" type="stmt"/>
      <line num="608" count="2" type="stmt"/>
      <line num="609" count="2" type="cond" truecount="1" falsecount="0"/>
      <line num="610" count="2" type="stmt"/>
      <line num="611" count="5" type="cond" truecount="1" falsecount="0"/>
      <line num="612" count="3" type="cond" truecount="2" falsecount="0"/>
      <line num="613" count="2" type="stmt"/>
      <line num="614" count="3" type="stmt"/>
      <line num="615" count="5" type="stmt"/>
      <line num="616" count="7" type="stmt"/>
      <line num="617" count="171" type="stmt"/>
      <line num="618" count="171" type="cond" truecount="1" falsecount="0"/>
      <line num="619" count="3" type="stmt"/>
      <line num="620" count="3" type="stmt"/>
      <line num="621" count="3" type="stmt"/>
      <line num="622" count="3" type="cond" truecount="1" falsecount="0"/>
      <line num="623" count="3" type="stmt"/>
      <line num="624" count="171" type="stmt"/>
    </file>
    <file name="validator-utils.ts" path="/Users/jd/code/validator/src/validator-utils.ts">
      <metrics statements="635" coveredstatements="628" conditionals="255" coveredconditionals="234" methods="64" coveredmethods="64"/>
      <line num="1" count="1" type="stmt"/>
      <line num="2" count="1" type="stmt"/>
      <line num="3" count="1" type="stmt"/>
      <line num="4" count="1" type="stmt"/>
      <line num="5" count="1" type="stmt"/>
      <line num="6" count="1" type="stmt"/>
      <line num="7" count="1" type="stmt"/>
      <line num="8" count="1" type="stmt"/>
      <line num="9" count="1" type="cond" truecount="1" falsecount="0"/>
      <line num="10" count="8" type="stmt"/>
      <line num="11" count="8" type="cond" truecount="1" falsecount="0"/>
      <line num="12" count="3" type="cond" truecount="1" falsecount="0"/>
      <line num="13" count="2" type="stmt"/>
      <line num="14" count="8" type="stmt"/>
      <line num="15" count="8" type="cond" truecount="1" falsecount="0"/>
      <line num="16" count="1" type="stmt"/>
      <line num="17" count="1" type="stmt"/>
      <line num="18" count="1" type="stmt"/>
      <line num="19" count="1" type="stmt"/>
      <line num="20" count="1" type="stmt"/>
      <line num="21" count="1" type="stmt"/>
      <line num="22" count="1" type="stmt"/>
      <line num="23" count="1" type="stmt"/>
      <line num="24" count="1" type="stmt"/>
      <line num="25" count="1" type="cond" truecount="1" falsecount="0"/>
      <line num="26" count="146" type="stmt"/>
      <line num="27" count="146" type="stmt"/>
      <line num="28" count="146" type="stmt"/>
      <line num="29" count="146" type="cond" truecount="1" falsecount="0"/>
      <line num="30" count="146" type="stmt"/>
      <line num="31" count="146" type="cond" truecount="1" falsecount="0"/>
      <line num="32" count="146" type="cond" truecount="0" falsecount="1"/>
      <line num="33" count="146" type="stmt"/>
      <line num="34" count="146" type="cond" truecount="2" falsecount="0"/>
      <line num="35" count="146" type="cond" truecount="2" falsecount="0"/>
      <line num="36" count="94" type="stmt"/>
      <line num="37" count="146" type="cond" truecount="1" falsecount="0"/>
      <line num="38" count="1" type="stmt"/>
      <line num="39" count="1" type="stmt"/>
      <line num="40" count="1" type="stmt"/>
      <line num="41" count="1" type="stmt"/>
      <line num="42" count="1" type="stmt"/>
      <line num="43" count="1" type="cond" truecount="1" falsecount="0"/>
      <line num="44" count="16" type="stmt"/>
      <line num="45" count="16" type="stmt"/>
      <line num="46" count="16" type="stmt"/>
      <line num="47" count="16" type="stmt"/>
      <line num="48" count="16" type="stmt"/>
      <line num="49" count="16" type="stmt"/>
      <line num="50" count="16" type="stmt"/>
      <line num="51" count="16" type="stmt"/>
      <line num="52" count="16" type="stmt"/>
      <line num="53" count="16" type="stmt"/>
      <line num="54" count="16" type="stmt"/>
      <line num="55" count="16" type="stmt"/>
      <line num="56" count="16" type="stmt"/>
      <line num="57" count="16" type="stmt"/>
      <line num="58" count="16" type="stmt"/>
      <line num="59" count="16" type="stmt"/>
      <line num="60" count="16" type="stmt"/>
      <line num="61" count="16" type="stmt"/>
      <line num="62" count="16" type="stmt"/>
      <line num="63" count="16" type="stmt"/>
      <line num="64" count="16" type="stmt"/>
      <line num="65" count="16" type="stmt"/>
      <line num="66" count="16" type="stmt"/>
      <line num="67" count="16" type="stmt"/>
      <line num="68" count="16" type="stmt"/>
      <line num="69" count="16" type="cond" truecount="1" falsecount="0"/>
      <line num="70" count="1" type="stmt"/>
      <line num="71" count="1" type="stmt"/>
      <line num="72" count="1" type="cond" truecount="1" falsecount="0"/>
      <line num="73" count="33" type="stmt"/>
      <line num="74" count="33" type="cond" truecount="3" falsecount="0"/>
      <line num="75" count="30" type="stmt"/>
      <line num="76" count="30" type="stmt"/>
      <line num="77" count="33" type="cond" truecount="3" falsecount="0"/>
      <line num="78" count="4" type="stmt"/>
      <line num="79" count="4" type="stmt"/>
      <line num="80" count="4" type="stmt"/>
      <line num="81" count="4" type="stmt"/>
      <line num="82" count="4" type="stmt"/>
      <line num="83" count="4" type="stmt"/>
      <line num="84" count="4" type="stmt"/>
      <line num="85" count="4" type="stmt"/>
      <line num="86" count="4" type="stmt"/>
      <line num="87" count="4" type="stmt"/>
      <line num="88" count="4" type="stmt"/>
      <line num="89" count="4" type="stmt"/>
      <line num="90" count="4" type="stmt"/>
      <line num="91" count="4" type="stmt"/>
      <line num="92" count="4" type="stmt"/>
      <line num="93" count="4" type="stmt"/>
      <line num="94" count="4" type="stmt"/>
      <line num="95" count="4" type="stmt"/>
      <line num="96" count="4" type="stmt"/>
      <line num="97" count="4" type="stmt"/>
      <line num="98" count="4" type="stmt"/>
      <line num="99" count="23" type="cond" truecount="1" falsecount="0"/>
      <line num="100" count="41" type="cond" truecount="1" falsecount="0"/>
      <line num="101" count="41" type="cond" truecount="1" falsecount="0"/>
      <line num="102" count="1" type="stmt"/>
      <line num="103" count="1" type="stmt"/>
      <line num="104" count="11" type="cond" truecount="1" falsecount="0"/>
      <line num="105" count="1" type="stmt"/>
      <line num="106" count="1" type="stmt"/>
      <line num="107" count="1" type="cond" truecount="1" falsecount="0"/>
      <line num="108" count="64" type="cond" truecount="1" falsecount="0"/>
      <line num="109" count="64" type="cond" truecount="3" falsecount="0"/>
      <line num="110" count="15" type="stmt"/>
      <line num="111" count="39" type="cond" truecount="2" falsecount="0"/>
      <line num="112" count="4" type="stmt"/>
      <line num="113" count="8" type="cond" truecount="1" falsecount="0"/>
      <line num="114" count="1" type="stmt"/>
      <line num="115" count="1" type="stmt"/>
      <line num="116" count="1" type="cond" truecount="1" falsecount="0"/>
      <line num="117" count="92" type="cond" truecount="2" falsecount="0"/>
      <line num="118" count="58" type="stmt"/>
      <line num="119" count="58" type="stmt"/>
      <line num="120" count="58" type="stmt"/>
      <line num="121" count="58" type="stmt"/>
      <line num="122" count="58" type="stmt"/>
      <line num="123" count="58" type="stmt"/>
      <line num="124" count="58" type="stmt"/>
      <line num="125" count="58" type="stmt"/>
      <line num="126" count="58" type="stmt"/>
      <line num="127" count="58" type="stmt"/>
      <line num="128" count="58" type="stmt"/>
      <line num="129" count="58" type="stmt"/>
      <line num="130" count="92" type="cond" truecount="1" falsecount="0"/>
      <line num="131" count="2" type="stmt"/>
      <line num="132" count="2" type="stmt"/>
      <line num="133" count="2" type="stmt"/>
      <line num="134" count="2" type="stmt"/>
      <line num="135" count="2" type="stmt"/>
      <line num="136" count="2" type="stmt"/>
      <line num="137" count="2" type="stmt"/>
      <line num="138" count="2" type="stmt"/>
      <line num="139" count="2" type="cond" truecount="1" falsecount="0"/>
      <line num="140" count="1" type="stmt"/>
      <line num="141" count="1" type="stmt"/>
      <line num="142" count="1" type="stmt"/>
      <line num="143" count="2" type="cond" truecount="1" falsecount="0"/>
      <line num="144" count="57" type="stmt"/>
      <line num="145" count="57" type="stmt"/>
      <line num="146" count="57" type="stmt"/>
      <line num="147" count="57" type="stmt"/>
      <line num="148" count="57" type="stmt"/>
      <line num="149" count="57" type="stmt"/>
      <line num="150" count="57" type="stmt"/>
      <line num="151" count="92" type="cond" truecount="2" falsecount="0"/>
      <line num="152" count="92" type="cond" truecount="2" falsecount="0"/>
      <line num="153" count="54" type="stmt"/>
      <line num="154" count="54" type="stmt"/>
      <line num="155" count="92" type="cond" truecount="2" falsecount="0"/>
      <line num="156" count="54" type="stmt"/>
      <line num="157" count="92" type="cond" truecount="2" falsecount="0"/>
      <line num="158" count="54" type="stmt"/>
      <line num="159" count="54" type="stmt"/>
      <line num="160" count="54" type="stmt"/>
      <line num="161" count="92" type="cond" truecount="1" falsecount="0"/>
      <line num="162" count="5" type="stmt"/>
      <line num="163" count="5" type="cond" truecount="1" falsecount="0"/>
      <line num="164" count="49" type="stmt"/>
      <line num="165" count="49" type="stmt"/>
      <line num="166" count="49" type="stmt"/>
      <line num="167" count="33" type="cond" truecount="1" falsecount="0"/>
      <line num="168" count="1" type="stmt"/>
      <line num="169" count="1" type="stmt"/>
      <line num="170" count="54" type="cond" truecount="1" falsecount="0"/>
      <line num="171" count="54" type="stmt"/>
      <line num="172" count="54" type="stmt"/>
      <line num="173" count="54" type="stmt"/>
      <line num="174" count="54" type="cond" truecount="1" falsecount="0"/>
      <line num="175" count="181" type="stmt"/>
      <line num="176" count="181" type="stmt"/>
      <line num="177" count="181" type="stmt"/>
      <line num="178" count="181" type="cond" truecount="2" falsecount="0"/>
      <line num="179" count="181" type="stmt"/>
      <line num="180" count="181" type="cond" truecount="2" falsecount="0"/>
      <line num="181" count="181" type="cond" truecount="2" falsecount="0"/>
      <line num="182" count="181" type="cond" truecount="1" falsecount="2"/>
      <line num="183" count="0" type="stmt"/>
      <line num="184" count="181" type="stmt"/>
      <line num="185" count="54" type="stmt"/>
      <line num="186" count="54" type="cond" truecount="1" falsecount="0"/>
      <line num="187" count="54" type="stmt"/>
      <line num="188" count="54" type="stmt"/>
      <line num="189" count="54" type="cond" truecount="1" falsecount="0"/>
      <line num="190" count="5" type="stmt"/>
      <line num="191" count="5" type="cond" truecount="0" falsecount="1"/>
      <line num="192" count="5" type="stmt"/>
      <line num="193" count="5" type="stmt"/>
      <line num="194" count="54" type="stmt"/>
      <line num="195" count="54" type="stmt"/>
      <line num="196" count="54" type="stmt"/>
      <line num="197" count="54" type="cond" truecount="1" falsecount="0"/>
      <line num="198" count="159" type="cond" truecount="2" falsecount="0"/>
      <line num="199" count="105" type="stmt"/>
      <line num="200" count="159" type="stmt"/>
      <line num="201" count="54" type="stmt"/>
      <line num="202" count="54" type="stmt"/>
      <line num="203" count="54" type="cond" truecount="3" falsecount="0"/>
      <line num="204" count="105" type="cond" truecount="1" falsecount="0"/>
      <line num="205" count="311" type="stmt"/>
      <line num="206" count="311" type="stmt"/>
      <line num="207" count="311" type="cond" truecount="1" falsecount="0"/>
      <line num="208" count="39" type="cond" truecount="1" falsecount="0"/>
      <line num="209" count="39" type="stmt"/>
      <line num="210" count="39" type="cond" truecount="2" falsecount="0"/>
      <line num="211" count="272" type="stmt"/>
      <line num="212" count="272" type="stmt"/>
      <line num="213" count="311" type="cond" truecount="2" falsecount="0"/>
      <line num="214" count="91" type="cond" truecount="1" falsecount="0"/>
      <line num="215" count="91" type="stmt"/>
      <line num="216" count="91" type="cond" truecount="1" falsecount="0"/>
      <line num="217" count="181" type="stmt"/>
      <line num="218" count="181" type="stmt"/>
      <line num="219" count="181" type="stmt"/>
      <line num="220" count="311" type="cond" truecount="0" falsecount="1"/>
      <line num="221" count="0" type="stmt"/>
      <line num="222" count="0" type="stmt"/>
      <line num="223" count="0" type="cond" truecount="1" falsecount="0"/>
      <line num="224" count="181" type="stmt"/>
      <line num="225" count="181" type="stmt"/>
      <line num="226" count="311" type="cond" truecount="2" falsecount="0"/>
      <line num="227" count="311" type="cond" truecount="2" falsecount="0"/>
      <line num="228" count="311" type="cond" truecount="2" falsecount="0"/>
      <line num="229" count="311" type="stmt"/>
      <line num="230" count="311" type="stmt"/>
      <line num="231" count="311" type="cond" truecount="1" falsecount="0"/>
      <line num="232" count="58" type="stmt"/>
      <line num="233" count="58" type="cond" truecount="2" falsecount="0"/>
      <line num="234" count="5" type="stmt"/>
      <line num="235" count="5" type="stmt"/>
      <line num="236" count="5" type="cond" truecount="1" falsecount="0"/>
      <line num="237" count="58" type="cond" truecount="2" falsecount="0"/>
      <line num="238" count="46" type="stmt"/>
      <line num="239" count="46" type="stmt"/>
      <line num="240" count="46" type="cond" truecount="1" falsecount="0"/>
      <line num="241" count="58" type="cond" truecount="1" falsecount="0"/>
      <line num="242" count="7" type="stmt"/>
      <line num="243" count="7" type="stmt"/>
      <line num="244" count="7" type="stmt"/>
      <line num="245" count="58" type="cond" truecount="0" falsecount="1"/>
      <line num="246" count="0" type="cond" truecount="1" falsecount="0"/>
      <line num="247" count="123" type="stmt"/>
      <line num="248" count="123" type="stmt"/>
      <line num="249" count="123" type="stmt"/>
      <line num="250" count="311" type="cond" truecount="1" falsecount="0"/>
      <line num="251" count="47" type="cond" truecount="3" falsecount="0"/>
      <line num="252" count="20" type="cond" truecount="3" falsecount="0"/>
      <line num="253" count="15" type="cond" truecount="0" falsecount="2"/>
      <line num="254" count="47" type="stmt"/>
      <line num="255" count="311" type="stmt"/>
      <line num="256" count="105" type="stmt"/>
      <line num="257" count="105" type="stmt"/>
      <line num="258" count="105" type="cond" truecount="1" falsecount="0"/>
      <line num="259" count="105" type="cond" truecount="1" falsecount="0"/>
      <line num="260" count="49" type="stmt"/>
      <line num="261" count="54" type="cond" truecount="2" falsecount="1"/>
      <line num="262" count="0" type="stmt"/>
      <line num="263" count="0" type="stmt"/>
      <line num="264" count="1" type="stmt"/>
      <line num="265" count="1" type="stmt"/>
      <line num="266" count="1" type="cond" truecount="1" falsecount="0"/>
      <line num="267" count="43" type="stmt"/>
      <line num="268" count="43" type="stmt"/>
      <line num="269" count="43" type="cond" truecount="1" falsecount="0"/>
      <line num="270" count="1" type="stmt"/>
      <line num="271" count="1" type="stmt"/>
      <line num="272" count="1" type="cond" truecount="1" falsecount="0"/>
      <line num="273" count="42" type="stmt"/>
      <line num="274" count="42" type="stmt"/>
      <line num="275" count="42" type="stmt"/>
      <line num="276" count="42" type="stmt"/>
      <line num="277" count="43" type="cond" truecount="1" falsecount="0"/>
      <line num="278" count="2" type="stmt"/>
      <line num="279" count="2" type="cond" truecount="0" falsecount="1"/>
      <line num="280" count="2" type="stmt"/>
      <line num="281" count="2" type="stmt"/>
      <line num="282" count="2" type="cond" truecount="1" falsecount="0"/>
      <line num="283" count="42" type="stmt"/>
      <line num="284" count="42" type="stmt"/>
      <line num="285" count="42" type="stmt"/>
      <line num="286" count="43" type="cond" truecount="1" falsecount="0"/>
      <line num="287" count="28" type="stmt"/>
      <line num="288" count="28" type="cond" truecount="0" falsecount="1"/>
      <line num="289" count="28" type="cond" truecount="2" falsecount="0"/>
      <line num="290" count="28" type="cond" truecount="1" falsecount="0"/>
      <line num="291" count="42" type="stmt"/>
      <line num="292" count="42" type="stmt"/>
      <line num="293" count="42" type="stmt"/>
      <line num="294" count="42" type="stmt"/>
      <line num="295" count="43" type="cond" truecount="2" falsecount="0"/>
      <line num="296" count="38" type="stmt"/>
      <line num="297" count="38" type="stmt"/>
      <line num="298" count="43" type="cond" truecount="1" falsecount="1"/>
      <line num="299" count="38" type="stmt"/>
      <line num="300" count="38" type="stmt"/>
      <line num="301" count="38" type="stmt"/>
      <line num="302" count="43" type="cond" truecount="2" falsecount="0"/>
      <line num="303" count="43" type="stmt"/>
      <line num="304" count="43" type="stmt"/>
      <line num="305" count="43" type="cond" truecount="3" falsecount="1"/>
      <line num="306" count="38" type="stmt"/>
      <line num="307" count="43" type="cond" truecount="3" falsecount="0"/>
      <line num="308" count="43" type="cond" truecount="3" falsecount="0"/>
      <line num="309" count="24" type="stmt"/>
      <line num="310" count="43" type="cond" truecount="2" falsecount="0"/>
      <line num="311" count="43" type="cond" truecount="1" falsecount="1"/>
      <line num="312" count="43" type="cond" truecount="1" falsecount="1"/>
      <line num="313" count="22" type="stmt"/>
      <line num="314" count="22" type="stmt"/>
      <line num="315" count="11" type="cond" truecount="1" falsecount="0"/>
      <line num="316" count="1" type="stmt"/>
      <line num="317" count="1" type="cond" truecount="1" falsecount="0"/>
      <line num="318" count="19" type="stmt"/>
      <line num="319" count="19" type="stmt"/>
      <line num="320" count="19" type="cond" truecount="1" falsecount="0"/>
      <line num="321" count="16" type="stmt"/>
      <line num="322" count="16" type="stmt"/>
      <line num="323" count="16" type="stmt"/>
      <line num="324" count="16" type="stmt"/>
      <line num="325" count="16" type="stmt"/>
      <line num="326" count="16" type="stmt"/>
      <line num="327" count="16" type="cond" truecount="1" falsecount="0"/>
      <line num="328" count="3" type="stmt"/>
      <line num="329" count="3" type="stmt"/>
      <line num="330" count="179" type="cond" truecount="1" falsecount="0"/>
      <line num="331" count="1" type="stmt"/>
      <line num="332" count="1" type="stmt"/>
      <line num="333" count="1" type="stmt"/>
      <line num="334" count="1" type="cond" truecount="1" falsecount="0"/>
      <line num="335" count="33" type="stmt"/>
      <line num="336" count="33" type="stmt"/>
      <line num="337" count="33" type="stmt"/>
      <line num="338" count="33" type="stmt"/>
      <line num="339" count="33" type="cond" truecount="0" falsecount="1"/>
      <line num="340" count="33" type="stmt"/>
      <line num="341" count="33" type="stmt"/>
      <line num="342" count="33" type="stmt"/>
      <line num="343" count="33" type="stmt"/>
      <line num="344" count="33" type="stmt"/>
      <line num="345" count="33" type="stmt"/>
      <line num="346" count="33" type="stmt"/>
      <line num="347" count="33" type="stmt"/>
      <line num="348" count="33" type="stmt"/>
      <line num="349" count="33" type="stmt"/>
      <line num="350" count="33" type="stmt"/>
      <line num="351" count="33" type="stmt"/>
      <line num="352" count="33" type="cond" truecount="1" falsecount="0"/>
      <line num="353" count="33" type="stmt"/>
      <line num="354" count="33" type="cond" truecount="2" falsecount="0"/>
      <line num="355" count="33" type="stmt"/>
      <line num="356" count="33" type="cond" truecount="3" falsecount="0"/>
      <line num="357" count="33" type="stmt"/>
      <line num="358" count="33" type="cond" truecount="1" falsecount="0"/>
      <line num="359" count="66" type="stmt"/>
      <line num="360" count="66" type="stmt"/>
      <line num="361" count="66" type="stmt"/>
      <line num="362" count="33" type="stmt"/>
      <line num="363" count="33" type="cond" truecount="1" falsecount="0"/>
      <line num="364" count="99" type="stmt"/>
      <line num="365" count="99" type="cond" truecount="2" falsecount="0"/>
      <line num="366" count="99" type="stmt"/>
      <line num="367" count="33" type="stmt"/>
      <line num="368" count="33" type="stmt"/>
      <line num="369" count="33" type="stmt"/>
      <line num="370" count="33" type="stmt"/>
      <line num="371" count="33" type="stmt"/>
      <line num="372" count="33" type="stmt"/>
      <line num="373" count="33" type="stmt"/>
      <line num="374" count="33" type="stmt"/>
      <line num="375" count="33" type="stmt"/>
      <line num="376" count="33" type="stmt"/>
      <line num="377" count="33" type="stmt"/>
      <line num="378" count="33" type="stmt"/>
      <line num="379" count="33" type="stmt"/>
      <line num="380" count="33" type="stmt"/>
      <line num="381" count="33" type="stmt"/>
      <line num="382" count="33" type="stmt"/>
      <line num="383" count="33" type="stmt"/>
      <line num="384" count="33" type="stmt"/>
      <line num="385" count="33" type="stmt"/>
      <line num="386" count="33" type="stmt"/>
      <line num="387" count="33" type="stmt"/>
      <line num="388" count="33" type="stmt"/>
      <line num="389" count="33" type="stmt"/>
      <line num="390" count="33" type="stmt"/>
      <line num="391" count="33" type="stmt"/>
      <line num="392" count="33" type="stmt"/>
      <line num="393" count="33" type="stmt"/>
      <line num="394" count="33" type="stmt"/>
      <line num="395" count="33" type="stmt"/>
      <line num="396" count="33" type="cond" truecount="1" falsecount="0"/>
      <line num="397" count="33" type="stmt"/>
      <line num="398" count="5" type="cond" truecount="1" falsecount="0"/>
      <line num="399" count="1" type="stmt"/>
      <line num="400" count="1" type="cond" truecount="1" falsecount="0"/>
      <line num="401" count="15" type="stmt"/>
      <line num="402" count="15" type="cond" truecount="2" falsecount="0"/>
      <line num="403" count="12" type="stmt"/>
      <line num="404" count="15" type="cond" truecount="3" falsecount="0"/>
      <line num="405" count="12" type="stmt"/>
      <line num="406" count="175" type="cond" truecount="1" falsecount="0"/>
      <line num="407" count="1" type="stmt"/>
      <line num="408" count="1" type="stmt"/>
      <line num="409" count="1" type="cond" truecount="1" falsecount="0"/>
      <line num="410" count="11" type="stmt"/>
      <line num="411" count="11" type="stmt"/>
      <line num="412" count="11" type="cond" truecount="0" falsecount="1"/>
      <line num="413" count="11" type="stmt"/>
      <line num="414" count="11" type="stmt"/>
      <line num="415" count="171" type="cond" truecount="1" falsecount="0"/>
      <line num="416" count="1" type="stmt"/>
      <line num="417" count="1" type="stmt"/>
      <line num="418" count="1" type="cond" truecount="1" falsecount="0"/>
      <line num="419" count="10" type="cond" truecount="3" falsecount="0"/>
      <line num="420" count="10" type="cond" truecount="3" falsecount="0"/>
      <line num="421" count="6" type="stmt"/>
      <line num="422" count="6" type="stmt"/>
      <line num="423" count="6" type="stmt"/>
      <line num="424" count="6" type="stmt"/>
      <line num="425" count="10" type="cond" truecount="1" falsecount="0"/>
      <line num="426" count="1" type="stmt"/>
      <line num="427" count="1" type="cond" truecount="1" falsecount="0"/>
      <line num="428" count="11" type="stmt"/>
      <line num="429" count="11" type="stmt"/>
      <line num="430" count="11" type="cond" truecount="2" falsecount="0"/>
      <line num="431" count="9" type="stmt"/>
      <line num="432" count="11" type="cond" truecount="1" falsecount="0"/>
      <line num="433" count="171" type="cond" truecount="1" falsecount="0"/>
      <line num="434" count="1" type="stmt"/>
      <line num="435" count="1" type="stmt"/>
      <line num="436" count="1" type="cond" truecount="1" falsecount="0"/>
      <line num="437" count="39" type="stmt"/>
      <line num="438" count="39" type="cond" truecount="2" falsecount="0"/>
      <line num="439" count="38" type="stmt"/>
      <line num="440" count="38" type="stmt"/>
      <line num="441" count="38" type="stmt"/>
      <line num="442" count="38" type="stmt"/>
      <line num="443" count="39" type="cond" truecount="2" falsecount="0"/>
      <line num="444" count="22" type="stmt"/>
      <line num="445" count="22" type="stmt"/>
      <line num="446" count="22" type="stmt"/>
      <line num="447" count="22" type="stmt"/>
      <line num="448" count="22" type="stmt"/>
      <line num="449" count="22" type="stmt"/>
      <line num="450" count="22" type="stmt"/>
      <line num="451" count="22" type="stmt"/>
      <line num="452" count="22" type="stmt"/>
      <line num="453" count="22" type="stmt"/>
      <line num="454" count="22" type="stmt"/>
      <line num="455" count="22" type="stmt"/>
      <line num="456" count="22" type="stmt"/>
      <line num="457" count="22" type="stmt"/>
      <line num="458" count="22" type="stmt"/>
      <line num="459" count="22" type="stmt"/>
      <line num="460" count="22" type="stmt"/>
      <line num="461" count="22" type="stmt"/>
      <line num="462" count="22" type="stmt"/>
      <line num="463" count="22" type="stmt"/>
      <line num="464" count="22" type="stmt"/>
      <line num="465" count="22" type="stmt"/>
      <line num="466" count="22" type="stmt"/>
      <line num="467" count="22" type="stmt"/>
      <line num="468" count="22" type="stmt"/>
      <line num="469" count="22" type="stmt"/>
      <line num="470" count="22" type="stmt"/>
      <line num="471" count="22" type="stmt"/>
      <line num="472" count="203" type="cond" truecount="1" falsecount="0"/>
      <line num="473" count="1" type="stmt"/>
      <line num="474" count="1" type="stmt"/>
      <line num="475" count="1" type="cond" truecount="1" falsecount="0"/>
      <line num="476" count="19" type="stmt"/>
      <line num="477" count="19" type="stmt"/>
      <line num="478" count="19" type="stmt"/>
      <line num="479" count="19" type="stmt"/>
      <line num="480" count="19" type="stmt"/>
      <line num="481" count="19" type="stmt"/>
      <line num="482" count="186" type="cond" truecount="1" falsecount="0"/>
      <line num="483" count="1" type="stmt"/>
      <line num="484" count="1" type="stmt"/>
      <line num="485" count="1" type="cond" truecount="1" falsecount="0"/>
      <line num="486" count="13" type="stmt"/>
      <line num="487" count="180" type="cond" truecount="1" falsecount="0"/>
      <line num="488" count="1" type="stmt"/>
      <line num="489" count="1" type="cond" truecount="1" falsecount="0"/>
      <line num="490" count="7" type="stmt"/>
      <line num="491" count="174" type="cond" truecount="1" falsecount="0"/>
      <line num="492" count="1" type="stmt"/>
      <line num="493" count="1" type="cond" truecount="1" falsecount="0"/>
      <line num="494" count="3" type="stmt"/>
      <line num="495" count="171" type="cond" truecount="1" falsecount="0"/>
      <line num="496" count="1" type="stmt"/>
      <line num="497" count="1" type="cond" truecount="1" falsecount="0"/>
      <line num="498" count="8" type="stmt"/>
      <line num="499" count="8" type="stmt"/>
      <line num="500" count="8" type="cond" truecount="1" falsecount="1"/>
      <line num="501" count="8" type="stmt"/>
      <line num="502" count="175" type="cond" truecount="1" falsecount="0"/>
      <line num="503" count="1" type="stmt"/>
      <line num="504" count="1" type="cond" truecount="1" falsecount="0"/>
      <line num="505" count="4" type="stmt"/>
      <line num="506" count="171" type="cond" truecount="1" falsecount="0"/>
      <line num="507" count="1" type="stmt"/>
      <line num="508" count="1" type="stmt"/>
      <line num="509" count="1" type="cond" truecount="1" falsecount="0"/>
      <line num="510" count="3" type="stmt"/>
      <line num="511" count="3" type="stmt"/>
      <line num="512" count="3" type="cond" truecount="2" falsecount="0"/>
      <line num="513" count="1" type="stmt"/>
      <line num="514" count="171" type="cond" truecount="1" falsecount="0"/>
      <line num="515" count="1" type="stmt"/>
      <line num="516" count="1" type="stmt"/>
      <line num="517" count="1" type="stmt"/>
      <line num="518" count="1" type="cond" truecount="1" falsecount="0"/>
      <line num="519" count="3" type="stmt"/>
      <line num="520" count="3" type="stmt"/>
      <line num="521" count="171" type="cond" truecount="1" falsecount="0"/>
      <line num="522" count="1" type="stmt"/>
      <line num="523" count="1" type="cond" truecount="1" falsecount="0"/>
      <line num="524" count="7" type="stmt"/>
      <line num="525" count="7" type="stmt"/>
      <line num="526" count="7" type="stmt"/>
      <line num="527" count="7" type="stmt"/>
      <line num="528" count="7" type="stmt"/>
      <line num="529" count="7" type="stmt"/>
      <line num="530" count="175" type="cond" truecount="1" falsecount="0"/>
      <line num="531" count="1" type="stmt"/>
      <line num="532" count="1" type="cond" truecount="1" falsecount="0"/>
      <line num="533" count="21" type="stmt"/>
      <line num="534" count="21" type="stmt"/>
      <line num="535" count="21" type="stmt"/>
      <line num="536" count="21" type="stmt"/>
      <line num="537" count="189" type="cond" truecount="1" falsecount="0"/>
      <line num="538" count="1" type="stmt"/>
      <line num="539" count="1" type="stmt"/>
      <line num="540" count="1" type="stmt"/>
      <line num="541" count="1" type="cond" truecount="1" falsecount="0"/>
      <line num="542" count="210" type="cond" truecount="2" falsecount="0"/>
      <line num="543" count="205" type="stmt"/>
      <line num="544" count="210" type="cond" truecount="1" falsecount="1"/>
      <line num="545" count="205" type="stmt"/>
      <line num="546" count="210" type="cond" truecount="2" falsecount="0"/>
      <line num="547" count="1" type="stmt"/>
      <line num="548" count="1" type="cond" truecount="1" falsecount="0"/>
      <line num="549" count="204" type="stmt"/>
      <line num="550" count="204" type="stmt"/>
      <line num="551" count="204" type="stmt"/>
      <line num="552" count="204" type="stmt"/>
      <line num="553" count="332" type="cond" truecount="1" falsecount="0"/>
      <line num="554" count="1" type="stmt"/>
      <line num="555" count="204" type="cond" truecount="1" falsecount="0"/>
      <line num="556" count="204" type="stmt"/>
      <line num="557" count="204" type="stmt"/>
      <line num="558" count="204" type="stmt"/>
      <line num="559" count="204" type="stmt"/>
      <line num="560" count="204" type="stmt"/>
      <line num="561" count="204" type="stmt"/>
      <line num="562" count="204" type="stmt"/>
      <line num="563" count="204" type="stmt"/>
      <line num="564" count="204" type="stmt"/>
      <line num="565" count="204" type="stmt"/>
      <line num="566" count="204" type="stmt"/>
      <line num="567" count="204" type="stmt"/>
      <line num="568" count="204" type="stmt"/>
      <line num="569" count="204" type="stmt"/>
      <line num="570" count="204" type="stmt"/>
      <line num="571" count="204" type="stmt"/>
      <line num="572" count="204" type="stmt"/>
      <line num="573" count="204" type="stmt"/>
      <line num="574" count="204" type="stmt"/>
      <line num="575" count="204" type="stmt"/>
      <line num="576" count="204" type="stmt"/>
      <line num="577" count="204" type="stmt"/>
      <line num="578" count="204" type="stmt"/>
      <line num="579" count="204" type="stmt"/>
      <line num="580" count="204" type="stmt"/>
      <line num="581" count="204" type="cond" truecount="1" falsecount="0"/>
      <line num="582" count="173" type="cond" truecount="1" falsecount="0"/>
      <line num="583" count="144" type="cond" truecount="1" falsecount="0"/>
      <line num="584" count="142" type="cond" truecount="1" falsecount="0"/>
      <line num="585" count="135" type="cond" truecount="1" falsecount="0"/>
      <line num="586" count="98" type="stmt"/>
      <line num="587" count="204" type="stmt"/>
      <line num="588" count="204" type="stmt"/>
      <line num="589" count="1" type="stmt"/>
      <line num="590" count="1" type="stmt"/>
      <line num="591" count="1" type="stmt"/>
      <line num="592" count="1" type="stmt"/>
      <line num="593" count="1" type="stmt"/>
      <line num="594" count="1" type="stmt"/>
      <line num="595" count="1" type="stmt"/>
      <line num="596" count="1" type="stmt"/>
      <line num="597" count="1" type="cond" truecount="1" falsecount="0"/>
      <line num="598" count="41" type="stmt"/>
      <line num="599" count="41" type="stmt"/>
      <line num="600" count="41" type="cond" truecount="0" falsecount="1"/>
      <line num="601" count="41" type="cond" truecount="2" falsecount="0"/>
      <line num="602" count="40" type="stmt"/>
      <line num="603" count="41" type="cond" truecount="1" falsecount="0"/>
      <line num="604" count="2" type="stmt"/>
      <line num="605" count="2" type="stmt"/>
      <line num="606" count="2" type="stmt"/>
      <line num="607" count="2" type="cond" truecount="1" falsecount="0"/>
      <line num="608" count="40" type="stmt"/>
      <line num="609" count="41" type="cond" truecount="1" falsecount="1"/>
      <line num="610" count="40" type="stmt"/>
      <line num="611" count="40" type="stmt"/>
      <line num="612" count="40" type="stmt"/>
      <line num="613" count="40" type="stmt"/>
      <line num="614" count="40" type="stmt"/>
      <line num="615" count="40" type="stmt"/>
      <line num="616" count="40" type="stmt"/>
      <line num="617" count="40" type="stmt"/>
      <line num="618" count="40" type="stmt"/>
      <line num="619" count="41" type="cond" truecount="1" falsecount="0"/>
      <line num="620" count="1" type="stmt"/>
      <line num="621" count="1" type="stmt"/>
      <line num="622" count="1" type="stmt"/>
      <line num="623" count="1" type="cond" truecount="1" falsecount="0"/>
      <line num="624" count="9" type="stmt"/>
      <line num="625" count="9" type="stmt"/>
      <line num="626" count="9" type="stmt"/>
      <line num="627" count="9" type="cond" truecount="3" falsecount="0"/>
      <line num="628" count="6" type="stmt"/>
      <line num="629" count="9" type="cond" truecount="2" falsecount="0"/>
      <line num="630" count="9" type="cond" truecount="3" falsecount="0"/>
      <line num="631" count="7" type="cond" truecount="2" falsecount="0"/>
      <line num="632" count="9" type="cond" truecount="2" falsecount="0"/>
      <line num="633" count="6" type="stmt"/>
      <line num="634" count="6" type="stmt"/>
      <line num="635" count="9" type="cond" truecount="1" falsecount="0"/>
    </file>
  </project>
</coverage>
