{"/Users/jd/code/validator/src/validator-utils.ts": {"path":"/Users/jd/code/validator/src/validator-utils.ts","all":false,"statementMap":{"0":{"start":{"line":1,"column":0},"end":{"line":1,"column":3}},"1":{"start":{"line":2,"column":0},"end":{"line":2,"column":41}},"2":{"start":{"line":3,"column":0},"end":{"line":3,"column":2}},"3":{"start":{"line":4,"column":0},"end":{"line":4,"column":10}},"4":{"start":{"line":5,"column":0},"end":{"line":5,"column":3}},"5":{"start":{"line":6,"column":0},"end":{"line":6,"column":0}},"6":{"start":{"line":7,"column":0},"end":{"line":7,"column":61}},"7":{"start":{"line":8,"column":0},"end":{"line":8,"column":0}},"8":{"start":{"line":9,"column":0},"end":{"line":9,"column":49}},"9":{"start":{"line":10,"column":0},"end":{"line":10,"column":10}},"10":{"start":{"line":11,"column":0},"end":{"line":11,"column":37}},"11":{"start":{"line":12,"column":0},"end":{"line":12,"column":38}},"12":{"start":{"line":13,"column":0},"end":{"line":13,"column":37}},"13":{"start":{"line":14,"column":0},"end":{"line":14,"column":3}},"14":{"start":{"line":15,"column":0},"end":{"line":15,"column":1}},"15":{"start":{"line":16,"column":0},"end":{"line":16,"column":0}},"16":{"start":{"line":17,"column":0},"end":{"line":17,"column":28}},"17":{"start":{"line":18,"column":0},"end":{"line":18,"column":16}},"18":{"start":{"line":19,"column":0},"end":{"line":19,"column":17}},"19":{"start":{"line":20,"column":0},"end":{"line":20,"column":20}},"20":{"start":{"line":21,"column":0},"end":{"line":21,"column":1}},"21":{"start":{"line":22,"column":0},"end":{"line":22,"column":0}},"22":{"start":{"line":23,"column":0},"end":{"line":23,"column":66}},"23":{"start":{"line":24,"column":0},"end":{"line":24,"column":39}},"24":{"start":{"line":25,"column":0},"end":{"line":25,"column":23}},"25":{"start":{"line":26,"column":0},"end":{"line":26,"column":45}},"26":{"start":{"line":27,"column":0},"end":{"line":27,"column":26}},"27":{"start":{"line":28,"column":0},"end":{"line":28,"column":12}},"28":{"start":{"line":29,"column":0},"end":{"line":29,"column":48}},"29":{"start":{"line":30,"column":0},"end":{"line":30,"column":0}},"30":{"start":{"line":31,"column":0},"end":{"line":31,"column":40}},"31":{"start":{"line":32,"column":0},"end":{"line":32,"column":28}},"32":{"start":{"line":33,"column":0},"end":{"line":33,"column":0}},"33":{"start":{"line":34,"column":0},"end":{"line":34,"column":43}},"34":{"start":{"line":35,"column":0},"end":{"line":35,"column":39}},"35":{"start":{"line":36,"column":0},"end":{"line":36,"column":14}},"36":{"start":{"line":37,"column":0},"end":{"line":37,"column":1}},"37":{"start":{"line":38,"column":0},"end":{"line":38,"column":0}},"38":{"start":{"line":39,"column":0},"end":{"line":39,"column":67}},"39":{"start":{"line":40,"column":0},"end":{"line":40,"column":39}},"40":{"start":{"line":41,"column":0},"end":{"line":41,"column":56}},"41":{"start":{"line":42,"column":0},"end":{"line":42,"column":53}},"42":{"start":{"line":43,"column":0},"end":{"line":43,"column":50}},"43":{"start":{"line":44,"column":0},"end":{"line":44,"column":15}},"44":{"start":{"line":45,"column":0},"end":{"line":45,"column":26}},"45":{"start":{"line":46,"column":0},"end":{"line":46,"column":24}},"46":{"start":{"line":47,"column":0},"end":{"line":47,"column":26}},"47":{"start":{"line":48,"column":0},"end":{"line":48,"column":27}},"48":{"start":{"line":49,"column":0},"end":{"line":49,"column":26}},"49":{"start":{"line":50,"column":0},"end":{"line":50,"column":23}},"50":{"start":{"line":51,"column":0},"end":{"line":51,"column":26}},"51":{"start":{"line":52,"column":0},"end":{"line":52,"column":23}},"52":{"start":{"line":53,"column":0},"end":{"line":53,"column":26}},"53":{"start":{"line":54,"column":0},"end":{"line":54,"column":25}},"54":{"start":{"line":55,"column":0},"end":{"line":55,"column":24}},"55":{"start":{"line":56,"column":0},"end":{"line":56,"column":23}},"56":{"start":{"line":57,"column":0},"end":{"line":57,"column":26}},"57":{"start":{"line":58,"column":0},"end":{"line":58,"column":23}},"58":{"start":{"line":59,"column":0},"end":{"line":59,"column":24}},"59":{"start":{"line":60,"column":0},"end":{"line":60,"column":24}},"60":{"start":{"line":61,"column":0},"end":{"line":61,"column":23}},"61":{"start":{"line":62,"column":0},"end":{"line":62,"column":24}},"62":{"start":{"line":63,"column":0},"end":{"line":63,"column":23}},"63":{"start":{"line":64,"column":0},"end":{"line":64,"column":24}},"64":{"start":{"line":65,"column":0},"end":{"line":65,"column":27}},"65":{"start":{"line":66,"column":0},"end":{"line":66,"column":27}},"66":{"start":{"line":67,"column":0},"end":{"line":67,"column":27}},"67":{"start":{"line":68,"column":0},"end":{"line":68,"column":27}},"68":{"start":{"line":69,"column":0},"end":{"line":69,"column":1}},"69":{"start":{"line":70,"column":0},"end":{"line":70,"column":0}},"70":{"start":{"line":71,"column":0},"end":{"line":71,"column":49}},"71":{"start":{"line":72,"column":0},"end":{"line":72,"column":61}},"72":{"start":{"line":73,"column":0},"end":{"line":73,"column":37}},"73":{"start":{"line":74,"column":0},"end":{"line":74,"column":60}},"74":{"start":{"line":75,"column":0},"end":{"line":75,"column":0}},"75":{"start":{"line":76,"column":0},"end":{"line":76,"column":48}},"76":{"start":{"line":77,"column":0},"end":{"line":77,"column":25}},"77":{"start":{"line":78,"column":0},"end":{"line":78,"column":0}},"78":{"start":{"line":79,"column":0},"end":{"line":79,"column":43}},"79":{"start":{"line":80,"column":0},"end":{"line":80,"column":10}},"80":{"start":{"line":81,"column":0},"end":{"line":81,"column":10}},"81":{"start":{"line":82,"column":0},"end":{"line":82,"column":10}},"82":{"start":{"line":83,"column":0},"end":{"line":83,"column":10}},"83":{"start":{"line":84,"column":0},"end":{"line":84,"column":10}},"84":{"start":{"line":85,"column":0},"end":{"line":85,"column":10}},"85":{"start":{"line":86,"column":0},"end":{"line":86,"column":10}},"86":{"start":{"line":87,"column":0},"end":{"line":87,"column":11}},"87":{"start":{"line":88,"column":0},"end":{"line":88,"column":12}},"88":{"start":{"line":89,"column":0},"end":{"line":89,"column":12}},"89":{"start":{"line":90,"column":0},"end":{"line":90,"column":10}},"90":{"start":{"line":91,"column":0},"end":{"line":91,"column":10}},"91":{"start":{"line":92,"column":0},"end":{"line":92,"column":10}},"92":{"start":{"line":93,"column":0},"end":{"line":93,"column":10}},"93":{"start":{"line":94,"column":0},"end":{"line":94,"column":9}},"94":{"start":{"line":95,"column":0},"end":{"line":95,"column":10}},"95":{"start":{"line":96,"column":0},"end":{"line":96,"column":10}},"96":{"start":{"line":97,"column":0},"end":{"line":97,"column":3}},"97":{"start":{"line":98,"column":0},"end":{"line":98,"column":0}},"98":{"start":{"line":99,"column":0},"end":{"line":99,"column":27}},"99":{"start":{"line":100,"column":0},"end":{"line":100,"column":59}},"100":{"start":{"line":101,"column":0},"end":{"line":101,"column":3}},"101":{"start":{"line":102,"column":0},"end":{"line":102,"column":0}},"102":{"start":{"line":103,"column":0},"end":{"line":103,"column":47}},"103":{"start":{"line":104,"column":0},"end":{"line":104,"column":1}},"104":{"start":{"line":105,"column":0},"end":{"line":105,"column":0}},"105":{"start":{"line":106,"column":0},"end":{"line":106,"column":46}},"106":{"start":{"line":107,"column":0},"end":{"line":107,"column":59}},"107":{"start":{"line":108,"column":0},"end":{"line":108,"column":72}},"108":{"start":{"line":109,"column":0},"end":{"line":109,"column":28}},"109":{"start":{"line":110,"column":0},"end":{"line":110,"column":70}},"110":{"start":{"line":111,"column":0},"end":{"line":111,"column":70}},"111":{"start":{"line":112,"column":0},"end":{"line":112,"column":20}},"112":{"start":{"line":113,"column":0},"end":{"line":113,"column":1}},"113":{"start":{"line":114,"column":0},"end":{"line":114,"column":0}},"114":{"start":{"line":115,"column":0},"end":{"line":115,"column":54}},"115":{"start":{"line":116,"column":0},"end":{"line":116,"column":55}},"116":{"start":{"line":117,"column":0},"end":{"line":117,"column":41}},"117":{"start":{"line":118,"column":0},"end":{"line":118,"column":0}},"118":{"start":{"line":119,"column":0},"end":{"line":119,"column":36}},"119":{"start":{"line":120,"column":0},"end":{"line":120,"column":0}},"120":{"start":{"line":121,"column":0},"end":{"line":121,"column":22}},"121":{"start":{"line":122,"column":0},"end":{"line":122,"column":23}},"122":{"start":{"line":123,"column":0},"end":{"line":123,"column":21}},"123":{"start":{"line":124,"column":0},"end":{"line":124,"column":22}},"124":{"start":{"line":125,"column":0},"end":{"line":125,"column":24}},"125":{"start":{"line":126,"column":0},"end":{"line":126,"column":24}},"126":{"start":{"line":127,"column":0},"end":{"line":127,"column":0}},"127":{"start":{"line":128,"column":0},"end":{"line":128,"column":74}},"128":{"start":{"line":129,"column":0},"end":{"line":129,"column":57}},"129":{"start":{"line":130,"column":0},"end":{"line":130,"column":27}},"130":{"start":{"line":131,"column":0},"end":{"line":131,"column":43}},"131":{"start":{"line":132,"column":0},"end":{"line":132,"column":38}},"132":{"start":{"line":133,"column":0},"end":{"line":133,"column":45}},"133":{"start":{"line":134,"column":0},"end":{"line":134,"column":40}},"134":{"start":{"line":135,"column":0},"end":{"line":135,"column":39}},"135":{"start":{"line":136,"column":0},"end":{"line":136,"column":66}},"136":{"start":{"line":137,"column":0},"end":{"line":137,"column":0}},"137":{"start":{"line":138,"column":0},"end":{"line":138,"column":74}},"138":{"start":{"line":139,"column":0},"end":{"line":139,"column":28}},"139":{"start":{"line":140,"column":0},"end":{"line":140,"column":28}},"140":{"start":{"line":141,"column":0},"end":{"line":141,"column":93}},"141":{"start":{"line":142,"column":0},"end":{"line":142,"column":5}},"142":{"start":{"line":143,"column":0},"end":{"line":143,"column":3}},"143":{"start":{"line":144,"column":0},"end":{"line":144,"column":0}},"144":{"start":{"line":145,"column":0},"end":{"line":145,"column":73}},"145":{"start":{"line":146,"column":0},"end":{"line":146,"column":88}},"146":{"start":{"line":147,"column":0},"end":{"line":147,"column":50}},"147":{"start":{"line":148,"column":0},"end":{"line":148,"column":0}},"148":{"start":{"line":149,"column":0},"end":{"line":149,"column":58}},"149":{"start":{"line":150,"column":0},"end":{"line":150,"column":57}},"150":{"start":{"line":151,"column":0},"end":{"line":151,"column":45}},"151":{"start":{"line":152,"column":0},"end":{"line":152,"column":85}},"152":{"start":{"line":153,"column":0},"end":{"line":153,"column":0}},"153":{"start":{"line":154,"column":0},"end":{"line":154,"column":70}},"154":{"start":{"line":155,"column":0},"end":{"line":155,"column":85}},"155":{"start":{"line":156,"column":0},"end":{"line":156,"column":25}},"156":{"start":{"line":157,"column":0},"end":{"line":157,"column":89}},"157":{"start":{"line":158,"column":0},"end":{"line":158,"column":0}},"158":{"start":{"line":159,"column":0},"end":{"line":159,"column":7}},"159":{"start":{"line":160,"column":0},"end":{"line":160,"column":51}},"160":{"start":{"line":161,"column":0},"end":{"line":161,"column":15}},"161":{"start":{"line":162,"column":0},"end":{"line":162,"column":23}},"162":{"start":{"line":163,"column":0},"end":{"line":163,"column":3}},"163":{"start":{"line":164,"column":0},"end":{"line":164,"column":0}},"164":{"start":{"line":165,"column":0},"end":{"line":165,"column":35}},"165":{"start":{"line":166,"column":0},"end":{"line":166,"column":61}},"166":{"start":{"line":167,"column":0},"end":{"line":167,"column":18}},"167":{"start":{"line":168,"column":0},"end":{"line":168,"column":0}},"168":{"start":{"line":169,"column":0},"end":{"line":169,"column":78}},"169":{"start":{"line":170,"column":0},"end":{"line":170,"column":49}},"170":{"start":{"line":171,"column":0},"end":{"line":171,"column":68}},"171":{"start":{"line":172,"column":0},"end":{"line":172,"column":69}},"172":{"start":{"line":173,"column":0},"end":{"line":173,"column":32}},"173":{"start":{"line":174,"column":0},"end":{"line":174,"column":25}},"174":{"start":{"line":175,"column":0},"end":{"line":175,"column":16}},"175":{"start":{"line":176,"column":0},"end":{"line":176,"column":57}},"176":{"start":{"line":177,"column":0},"end":{"line":177,"column":15}},"177":{"start":{"line":178,"column":0},"end":{"line":178,"column":94}},"178":{"start":{"line":179,"column":0},"end":{"line":179,"column":0}},"179":{"start":{"line":180,"column":0},"end":{"line":180,"column":52}},"180":{"start":{"line":181,"column":0},"end":{"line":181,"column":44}},"181":{"start":{"line":182,"column":0},"end":{"line":182,"column":62}},"182":{"start":{"line":183,"column":0},"end":{"line":183,"column":13}},"183":{"start":{"line":184,"column":0},"end":{"line":184,"column":3}},"184":{"start":{"line":185,"column":0},"end":{"line":185,"column":0}},"185":{"start":{"line":186,"column":0},"end":{"line":186,"column":64}},"186":{"start":{"line":187,"column":0},"end":{"line":187,"column":0}},"187":{"start":{"line":188,"column":0},"end":{"line":188,"column":47}},"188":{"start":{"line":189,"column":0},"end":{"line":189,"column":26}},"189":{"start":{"line":190,"column":0},"end":{"line":190,"column":89}},"190":{"start":{"line":191,"column":0},"end":{"line":191,"column":68}},"191":{"start":{"line":192,"column":0},"end":{"line":192,"column":57}},"192":{"start":{"line":193,"column":0},"end":{"line":193,"column":3}},"193":{"start":{"line":194,"column":0},"end":{"line":194,"column":0}},"194":{"start":{"line":195,"column":0},"end":{"line":195,"column":55}},"195":{"start":{"line":196,"column":0},"end":{"line":196,"column":0}},"196":{"start":{"line":197,"column":0},"end":{"line":197,"column":65}},"197":{"start":{"line":198,"column":0},"end":{"line":198,"column":52}},"198":{"start":{"line":199,"column":0},"end":{"line":199,"column":25}},"199":{"start":{"line":200,"column":0},"end":{"line":200,"column":3}},"200":{"start":{"line":201,"column":0},"end":{"line":201,"column":0}},"201":{"start":{"line":202,"column":0},"end":{"line":202,"column":15}},"202":{"start":{"line":203,"column":0},"end":{"line":203,"column":50}},"203":{"start":{"line":204,"column":0},"end":{"line":204,"column":44}},"204":{"start":{"line":205,"column":0},"end":{"line":205,"column":13}},"205":{"start":{"line":206,"column":0},"end":{"line":206,"column":16}},"206":{"start":{"line":207,"column":0},"end":{"line":207,"column":39}},"207":{"start":{"line":208,"column":0},"end":{"line":208,"column":70}},"208":{"start":{"line":209,"column":0},"end":{"line":209,"column":16}},"209":{"start":{"line":210,"column":0},"end":{"line":210,"column":7}},"210":{"start":{"line":211,"column":0},"end":{"line":211,"column":0}},"211":{"start":{"line":212,"column":0},"end":{"line":212,"column":31}},"212":{"start":{"line":213,"column":0},"end":{"line":213,"column":61}},"213":{"start":{"line":214,"column":0},"end":{"line":214,"column":76}},"214":{"start":{"line":215,"column":0},"end":{"line":215,"column":16}},"215":{"start":{"line":216,"column":0},"end":{"line":216,"column":7}},"216":{"start":{"line":217,"column":0},"end":{"line":217,"column":0}},"217":{"start":{"line":218,"column":0},"end":{"line":218,"column":33}},"218":{"start":{"line":219,"column":0},"end":{"line":219,"column":33}},"219":{"start":{"line":220,"column":0},"end":{"line":220,"column":23}},"220":{"start":{"line":221,"column":0},"end":{"line":221,"column":56}},"221":{"start":{"line":222,"column":0},"end":{"line":222,"column":39}},"222":{"start":{"line":223,"column":0},"end":{"line":223,"column":7}},"223":{"start":{"line":224,"column":0},"end":{"line":224,"column":0}},"224":{"start":{"line":225,"column":0},"end":{"line":225,"column":43}},"225":{"start":{"line":226,"column":0},"end":{"line":226,"column":31}},"226":{"start":{"line":227,"column":0},"end":{"line":227,"column":32}},"227":{"start":{"line":228,"column":0},"end":{"line":228,"column":30}},"228":{"start":{"line":229,"column":0},"end":{"line":229,"column":8}},"229":{"start":{"line":230,"column":0},"end":{"line":230,"column":0}},"230":{"start":{"line":231,"column":0},"end":{"line":231,"column":33}},"231":{"start":{"line":232,"column":0},"end":{"line":232,"column":51}},"232":{"start":{"line":233,"column":0},"end":{"line":233,"column":51}},"233":{"start":{"line":234,"column":0},"end":{"line":234,"column":36}},"234":{"start":{"line":235,"column":0},"end":{"line":235,"column":30}},"235":{"start":{"line":236,"column":0},"end":{"line":236,"column":11}},"236":{"start":{"line":237,"column":0},"end":{"line":237,"column":49}},"237":{"start":{"line":238,"column":0},"end":{"line":238,"column":34}},"238":{"start":{"line":239,"column":0},"end":{"line":239,"column":30}},"239":{"start":{"line":240,"column":0},"end":{"line":240,"column":11}},"240":{"start":{"line":241,"column":0},"end":{"line":241,"column":50}},"241":{"start":{"line":242,"column":0},"end":{"line":242,"column":35}},"242":{"start":{"line":243,"column":0},"end":{"line":243,"column":30}},"243":{"start":{"line":244,"column":0},"end":{"line":244,"column":11}},"244":{"start":{"line":245,"column":0},"end":{"line":245,"column":9}},"245":{"start":{"line":246,"column":0},"end":{"line":246,"column":7}},"246":{"start":{"line":247,"column":0},"end":{"line":247,"column":0}},"247":{"start":{"line":248,"column":0},"end":{"line":248,"column":77}},"248":{"start":{"line":249,"column":0},"end":{"line":249,"column":69}},"249":{"start":{"line":250,"column":0},"end":{"line":250,"column":22}},"250":{"start":{"line":251,"column":0},"end":{"line":251,"column":75}},"251":{"start":{"line":252,"column":0},"end":{"line":252,"column":76}},"252":{"start":{"line":253,"column":0},"end":{"line":253,"column":78}},"253":{"start":{"line":254,"column":0},"end":{"line":254,"column":7}},"254":{"start":{"line":255,"column":0},"end":{"line":255,"column":5}},"255":{"start":{"line":256,"column":0},"end":{"line":256,"column":0}},"256":{"start":{"line":257,"column":0},"end":{"line":257,"column":76}},"257":{"start":{"line":258,"column":0},"end":{"line":258,"column":50}},"258":{"start":{"line":259,"column":0},"end":{"line":259,"column":3}},"259":{"start":{"line":260,"column":0},"end":{"line":260,"column":0}},"260":{"start":{"line":261,"column":0},"end":{"line":261,"column":54}},"261":{"start":{"line":262,"column":0},"end":{"line":262,"column":33}},"262":{"start":{"line":263,"column":0},"end":{"line":263,"column":1}},"263":{"start":{"line":264,"column":0},"end":{"line":264,"column":0}},"264":{"start":{"line":265,"column":0},"end":{"line":265,"column":61}},"265":{"start":{"line":266,"column":0},"end":{"line":266,"column":99}},"266":{"start":{"line":267,"column":0},"end":{"line":267,"column":66}},"267":{"start":{"line":268,"column":0},"end":{"line":268,"column":36}},"268":{"start":{"line":269,"column":0},"end":{"line":269,"column":24}},"269":{"start":{"line":270,"column":0},"end":{"line":270,"column":26}},"270":{"start":{"line":271,"column":0},"end":{"line":271,"column":87}},"271":{"start":{"line":272,"column":0},"end":{"line":272,"column":3}},"272":{"start":{"line":273,"column":0},"end":{"line":273,"column":0}},"273":{"start":{"line":274,"column":0},"end":{"line":274,"column":71}},"274":{"start":{"line":275,"column":0},"end":{"line":275,"column":44}},"275":{"start":{"line":276,"column":0},"end":{"line":276,"column":0}},"276":{"start":{"line":277,"column":0},"end":{"line":277,"column":18}},"277":{"start":{"line":278,"column":0},"end":{"line":278,"column":38}},"278":{"start":{"line":279,"column":0},"end":{"line":279,"column":59}},"279":{"start":{"line":280,"column":0},"end":{"line":280,"column":42}},"280":{"start":{"line":281,"column":0},"end":{"line":281,"column":61}},"281":{"start":{"line":282,"column":0},"end":{"line":282,"column":3}},"282":{"start":{"line":283,"column":0},"end":{"line":283,"column":0}},"283":{"start":{"line":284,"column":0},"end":{"line":284,"column":70}},"284":{"start":{"line":285,"column":0},"end":{"line":285,"column":81}},"285":{"start":{"line":286,"column":0},"end":{"line":286,"column":35}},"286":{"start":{"line":287,"column":0},"end":{"line":287,"column":50}},"287":{"start":{"line":288,"column":0},"end":{"line":288,"column":40}},"288":{"start":{"line":289,"column":0},"end":{"line":289,"column":81}},"289":{"start":{"line":290,"column":0},"end":{"line":290,"column":3}},"290":{"start":{"line":291,"column":0},"end":{"line":291,"column":0}},"291":{"start":{"line":292,"column":0},"end":{"line":292,"column":70}},"292":{"start":{"line":293,"column":0},"end":{"line":293,"column":86}},"293":{"start":{"line":294,"column":0},"end":{"line":294,"column":0}},"294":{"start":{"line":295,"column":0},"end":{"line":295,"column":41}},"295":{"start":{"line":296,"column":0},"end":{"line":296,"column":0}},"296":{"start":{"line":297,"column":0},"end":{"line":297,"column":38}},"297":{"start":{"line":298,"column":0},"end":{"line":298,"column":33}},"298":{"start":{"line":299,"column":0},"end":{"line":299,"column":0}},"299":{"start":{"line":300,"column":0},"end":{"line":300,"column":33}},"300":{"start":{"line":301,"column":0},"end":{"line":301,"column":35}},"301":{"start":{"line":302,"column":0},"end":{"line":302,"column":50}},"302":{"start":{"line":303,"column":0},"end":{"line":303,"column":23}},"303":{"start":{"line":304,"column":0},"end":{"line":304,"column":0}},"304":{"start":{"line":305,"column":0},"end":{"line":305,"column":64}},"305":{"start":{"line":306,"column":0},"end":{"line":306,"column":0}},"306":{"start":{"line":307,"column":0},"end":{"line":307,"column":75}},"307":{"start":{"line":308,"column":0},"end":{"line":308,"column":69}},"308":{"start":{"line":309,"column":0},"end":{"line":309,"column":0}},"309":{"start":{"line":310,"column":0},"end":{"line":310,"column":40}},"310":{"start":{"line":311,"column":0},"end":{"line":311,"column":44}},"311":{"start":{"line":312,"column":0},"end":{"line":312,"column":44}},"312":{"start":{"line":313,"column":0},"end":{"line":313,"column":0}},"313":{"start":{"line":314,"column":0},"end":{"line":314,"column":33}},"314":{"start":{"line":315,"column":0},"end":{"line":315,"column":14}},"315":{"start":{"line":316,"column":0},"end":{"line":316,"column":0}},"316":{"start":{"line":317,"column":0},"end":{"line":317,"column":85}},"317":{"start":{"line":318,"column":0},"end":{"line":318,"column":31}},"318":{"start":{"line":319,"column":0},"end":{"line":319,"column":0}},"319":{"start":{"line":320,"column":0},"end":{"line":320,"column":13}},"320":{"start":{"line":321,"column":0},"end":{"line":321,"column":27}},"321":{"start":{"line":322,"column":0},"end":{"line":322,"column":28}},"322":{"start":{"line":323,"column":0},"end":{"line":323,"column":32}},"323":{"start":{"line":324,"column":0},"end":{"line":324,"column":32}},"324":{"start":{"line":325,"column":0},"end":{"line":325,"column":27}},"325":{"start":{"line":326,"column":0},"end":{"line":326,"column":39}},"326":{"start":{"line":327,"column":0},"end":{"line":327,"column":3}},"327":{"start":{"line":328,"column":0},"end":{"line":328,"column":0}},"328":{"start":{"line":329,"column":0},"end":{"line":329,"column":11}},"329":{"start":{"line":330,"column":0},"end":{"line":330,"column":1}},"330":{"start":{"line":331,"column":0},"end":{"line":331,"column":0}},"331":{"start":{"line":332,"column":0},"end":{"line":332,"column":73}},"332":{"start":{"line":333,"column":0},"end":{"line":333,"column":40}},"333":{"start":{"line":334,"column":0},"end":{"line":334,"column":92}},"334":{"start":{"line":335,"column":0},"end":{"line":335,"column":43}},"335":{"start":{"line":336,"column":0},"end":{"line":336,"column":32}},"336":{"start":{"line":337,"column":0},"end":{"line":337,"column":0}},"337":{"start":{"line":338,"column":0},"end":{"line":338,"column":59}},"338":{"start":{"line":339,"column":0},"end":{"line":339,"column":38}},"339":{"start":{"line":340,"column":0},"end":{"line":340,"column":0}},"340":{"start":{"line":341,"column":0},"end":{"line":341,"column":13}},"341":{"start":{"line":342,"column":0},"end":{"line":342,"column":26}},"342":{"start":{"line":343,"column":0},"end":{"line":343,"column":23}},"343":{"start":{"line":344,"column":0},"end":{"line":344,"column":22}},"344":{"start":{"line":345,"column":0},"end":{"line":345,"column":21}},"345":{"start":{"line":346,"column":0},"end":{"line":346,"column":23}},"346":{"start":{"line":347,"column":0},"end":{"line":347,"column":25}},"347":{"start":{"line":348,"column":0},"end":{"line":348,"column":25}},"348":{"start":{"line":349,"column":0},"end":{"line":349,"column":31}},"349":{"start":{"line":350,"column":0},"end":{"line":350,"column":3}},"350":{"start":{"line":351,"column":0},"end":{"line":351,"column":0}},"351":{"start":{"line":352,"column":0},"end":{"line":352,"column":70}},"352":{"start":{"line":353,"column":0},"end":{"line":353,"column":0}},"353":{"start":{"line":354,"column":0},"end":{"line":354,"column":35}},"354":{"start":{"line":355,"column":0},"end":{"line":355,"column":0}},"355":{"start":{"line":356,"column":0},"end":{"line":356,"column":65}},"356":{"start":{"line":357,"column":0},"end":{"line":357,"column":0}},"357":{"start":{"line":358,"column":0},"end":{"line":358,"column":42}},"358":{"start":{"line":359,"column":0},"end":{"line":359,"column":98}},"359":{"start":{"line":360,"column":0},"end":{"line":360,"column":9}},"360":{"start":{"line":361,"column":0},"end":{"line":361,"column":12}},"361":{"start":{"line":362,"column":0},"end":{"line":362,"column":0}},"362":{"start":{"line":363,"column":0},"end":{"line":363,"column":62}},"363":{"start":{"line":364,"column":0},"end":{"line":364,"column":86}},"364":{"start":{"line":365,"column":0},"end":{"line":365,"column":52}},"365":{"start":{"line":366,"column":0},"end":{"line":366,"column":3}},"366":{"start":{"line":367,"column":0},"end":{"line":367,"column":0}},"367":{"start":{"line":368,"column":0},"end":{"line":368,"column":55}},"368":{"start":{"line":369,"column":0},"end":{"line":369,"column":30}},"369":{"start":{"line":370,"column":0},"end":{"line":370,"column":14}},"370":{"start":{"line":371,"column":0},"end":{"line":371,"column":15}},"371":{"start":{"line":372,"column":0},"end":{"line":372,"column":21}},"372":{"start":{"line":373,"column":0},"end":{"line":373,"column":29}},"373":{"start":{"line":374,"column":0},"end":{"line":374,"column":40}},"374":{"start":{"line":375,"column":0},"end":{"line":375,"column":19}},"375":{"start":{"line":376,"column":0},"end":{"line":376,"column":17}},"376":{"start":{"line":377,"column":0},"end":{"line":377,"column":19}},"377":{"start":{"line":378,"column":0},"end":{"line":378,"column":28}},"378":{"start":{"line":379,"column":0},"end":{"line":379,"column":29}},"379":{"start":{"line":380,"column":0},"end":{"line":380,"column":27}},"380":{"start":{"line":381,"column":0},"end":{"line":381,"column":19}},"381":{"start":{"line":382,"column":0},"end":{"line":382,"column":17}},"382":{"start":{"line":383,"column":0},"end":{"line":383,"column":14}},"383":{"start":{"line":384,"column":0},"end":{"line":384,"column":20}},"384":{"start":{"line":385,"column":0},"end":{"line":385,"column":24}},"385":{"start":{"line":386,"column":0},"end":{"line":386,"column":38}},"386":{"start":{"line":387,"column":0},"end":{"line":387,"column":19}},"387":{"start":{"line":388,"column":0},"end":{"line":388,"column":17}},"388":{"start":{"line":389,"column":0},"end":{"line":389,"column":19}},"389":{"start":{"line":390,"column":0},"end":{"line":390,"column":17}},"390":{"start":{"line":391,"column":0},"end":{"line":391,"column":22}},"391":{"start":{"line":392,"column":0},"end":{"line":392,"column":3}},"392":{"start":{"line":393,"column":0},"end":{"line":393,"column":0}},"393":{"start":{"line":394,"column":0},"end":{"line":394,"column":24}},"394":{"start":{"line":395,"column":0},"end":{"line":395,"column":90}},"395":{"start":{"line":396,"column":0},"end":{"line":396,"column":39}},"396":{"start":{"line":397,"column":0},"end":{"line":397,"column":3}},"397":{"start":{"line":398,"column":0},"end":{"line":398,"column":23}},"398":{"start":{"line":399,"column":0},"end":{"line":399,"column":0}},"399":{"start":{"line":400,"column":0},"end":{"line":400,"column":82}},"400":{"start":{"line":401,"column":0},"end":{"line":401,"column":31}},"401":{"start":{"line":402,"column":0},"end":{"line":402,"column":38}},"402":{"start":{"line":403,"column":0},"end":{"line":403,"column":80}},"403":{"start":{"line":404,"column":0},"end":{"line":404,"column":60}},"404":{"start":{"line":405,"column":0},"end":{"line":405,"column":37}},"405":{"start":{"line":406,"column":0},"end":{"line":406,"column":1}},"406":{"start":{"line":407,"column":0},"end":{"line":407,"column":0}},"407":{"start":{"line":408,"column":0},"end":{"line":408,"column":93}},"408":{"start":{"line":409,"column":0},"end":{"line":409,"column":55}},"409":{"start":{"line":410,"column":0},"end":{"line":410,"column":29}},"410":{"start":{"line":411,"column":0},"end":{"line":411,"column":0}},"411":{"start":{"line":412,"column":0},"end":{"line":412,"column":55}},"412":{"start":{"line":413,"column":0},"end":{"line":413,"column":0}},"413":{"start":{"line":414,"column":0},"end":{"line":414,"column":31}},"414":{"start":{"line":415,"column":0},"end":{"line":415,"column":1}},"415":{"start":{"line":416,"column":0},"end":{"line":416,"column":0}},"416":{"start":{"line":417,"column":0},"end":{"line":417,"column":48}},"417":{"start":{"line":418,"column":0},"end":{"line":418,"column":67}},"418":{"start":{"line":419,"column":0},"end":{"line":419,"column":57}},"419":{"start":{"line":420,"column":0},"end":{"line":420,"column":90}},"420":{"start":{"line":421,"column":0},"end":{"line":421,"column":0}},"421":{"start":{"line":422,"column":0},"end":{"line":422,"column":85}},"422":{"start":{"line":423,"column":0},"end":{"line":423,"column":54}},"423":{"start":{"line":424,"column":0},"end":{"line":424,"column":13}},"424":{"start":{"line":425,"column":0},"end":{"line":425,"column":1}},"425":{"start":{"line":426,"column":0},"end":{"line":426,"column":0}},"426":{"start":{"line":427,"column":0},"end":{"line":427,"column":48}},"427":{"start":{"line":428,"column":0},"end":{"line":428,"column":32}},"428":{"start":{"line":429,"column":0},"end":{"line":429,"column":0}},"429":{"start":{"line":430,"column":0},"end":{"line":430,"column":36}},"430":{"start":{"line":431,"column":0},"end":{"line":431,"column":0}},"431":{"start":{"line":432,"column":0},"end":{"line":432,"column":81}},"432":{"start":{"line":433,"column":0},"end":{"line":433,"column":1}},"433":{"start":{"line":434,"column":0},"end":{"line":434,"column":0}},"434":{"start":{"line":435,"column":0},"end":{"line":435,"column":36}},"435":{"start":{"line":436,"column":0},"end":{"line":436,"column":49}},"436":{"start":{"line":437,"column":0},"end":{"line":437,"column":48}},"437":{"start":{"line":438,"column":0},"end":{"line":438,"column":38}},"438":{"start":{"line":439,"column":0},"end":{"line":439,"column":0}},"439":{"start":{"line":440,"column":0},"end":{"line":440,"column":82}},"440":{"start":{"line":441,"column":0},"end":{"line":441,"column":67}},"441":{"start":{"line":442,"column":0},"end":{"line":442,"column":60}},"442":{"start":{"line":443,"column":0},"end":{"line":443,"column":46}},"443":{"start":{"line":444,"column":0},"end":{"line":444,"column":0}},"444":{"start":{"line":445,"column":0},"end":{"line":445,"column":105}},"445":{"start":{"line":446,"column":0},"end":{"line":446,"column":13}},"446":{"start":{"line":447,"column":0},"end":{"line":447,"column":80}},"447":{"start":{"line":448,"column":0},"end":{"line":448,"column":42}},"448":{"start":{"line":449,"column":0},"end":{"line":449,"column":0}},"449":{"start":{"line":450,"column":0},"end":{"line":450,"column":107}},"450":{"start":{"line":451,"column":0},"end":{"line":451,"column":49}},"451":{"start":{"line":452,"column":0},"end":{"line":452,"column":0}},"452":{"start":{"line":453,"column":0},"end":{"line":453,"column":65}},"453":{"start":{"line":454,"column":0},"end":{"line":454,"column":11}},"454":{"start":{"line":455,"column":0},"end":{"line":455,"column":7}},"455":{"start":{"line":456,"column":0},"end":{"line":456,"column":113}},"456":{"start":{"line":457,"column":0},"end":{"line":457,"column":61}},"457":{"start":{"line":458,"column":0},"end":{"line":458,"column":13}},"458":{"start":{"line":459,"column":0},"end":{"line":459,"column":89}},"459":{"start":{"line":460,"column":0},"end":{"line":460,"column":11}},"460":{"start":{"line":461,"column":0},"end":{"line":461,"column":58}},"461":{"start":{"line":462,"column":0},"end":{"line":462,"column":43}},"462":{"start":{"line":463,"column":0},"end":{"line":463,"column":50}},"463":{"start":{"line":464,"column":0},"end":{"line":464,"column":11}},"464":{"start":{"line":465,"column":0},"end":{"line":465,"column":56}},"465":{"start":{"line":466,"column":0},"end":{"line":466,"column":92}},"466":{"start":{"line":467,"column":0},"end":{"line":467,"column":29}},"467":{"start":{"line":468,"column":0},"end":{"line":468,"column":0}},"468":{"start":{"line":469,"column":0},"end":{"line":469,"column":33}},"469":{"start":{"line":470,"column":0},"end":{"line":470,"column":0}},"470":{"start":{"line":471,"column":0},"end":{"line":471,"column":31}},"471":{"start":{"line":472,"column":0},"end":{"line":472,"column":1}},"472":{"start":{"line":473,"column":0},"end":{"line":473,"column":0}},"473":{"start":{"line":474,"column":0},"end":{"line":474,"column":68}},"474":{"start":{"line":475,"column":0},"end":{"line":475,"column":53}},"475":{"start":{"line":476,"column":0},"end":{"line":476,"column":75}},"476":{"start":{"line":477,"column":0},"end":{"line":477,"column":41}},"477":{"start":{"line":478,"column":0},"end":{"line":478,"column":53}},"478":{"start":{"line":479,"column":0},"end":{"line":479,"column":77}},"479":{"start":{"line":480,"column":0},"end":{"line":480,"column":0}},"480":{"start":{"line":481,"column":0},"end":{"line":481,"column":14}},"481":{"start":{"line":482,"column":0},"end":{"line":482,"column":1}},"482":{"start":{"line":483,"column":0},"end":{"line":483,"column":0}},"483":{"start":{"line":484,"column":0},"end":{"line":484,"column":73}},"484":{"start":{"line":485,"column":0},"end":{"line":485,"column":51}},"485":{"start":{"line":486,"column":0},"end":{"line":486,"column":47}},"486":{"start":{"line":487,"column":0},"end":{"line":487,"column":1}},"487":{"start":{"line":488,"column":0},"end":{"line":488,"column":0}},"488":{"start":{"line":489,"column":0},"end":{"line":489,"column":53}},"489":{"start":{"line":490,"column":0},"end":{"line":490,"column":37}},"490":{"start":{"line":491,"column":0},"end":{"line":491,"column":1}},"491":{"start":{"line":492,"column":0},"end":{"line":492,"column":0}},"492":{"start":{"line":493,"column":0},"end":{"line":493,"column":50}},"493":{"start":{"line":494,"column":0},"end":{"line":494,"column":37}},"494":{"start":{"line":495,"column":0},"end":{"line":495,"column":1}},"495":{"start":{"line":496,"column":0},"end":{"line":496,"column":0}},"496":{"start":{"line":497,"column":0},"end":{"line":497,"column":52}},"497":{"start":{"line":498,"column":0},"end":{"line":498,"column":14}},"498":{"start":{"line":499,"column":0},"end":{"line":499,"column":70}},"499":{"start":{"line":500,"column":0},"end":{"line":500,"column":86}},"500":{"start":{"line":501,"column":0},"end":{"line":501,"column":60}},"501":{"start":{"line":502,"column":0},"end":{"line":502,"column":1}},"502":{"start":{"line":503,"column":0},"end":{"line":503,"column":0}},"503":{"start":{"line":504,"column":0},"end":{"line":504,"column":51}},"504":{"start":{"line":505,"column":0},"end":{"line":505,"column":31}},"505":{"start":{"line":506,"column":0},"end":{"line":506,"column":1}},"506":{"start":{"line":507,"column":0},"end":{"line":507,"column":0}},"507":{"start":{"line":508,"column":0},"end":{"line":508,"column":63}},"508":{"start":{"line":509,"column":0},"end":{"line":509,"column":49}},"509":{"start":{"line":510,"column":0},"end":{"line":510,"column":22}},"510":{"start":{"line":511,"column":0},"end":{"line":511,"column":54}},"511":{"start":{"line":512,"column":0},"end":{"line":512,"column":40}},"512":{"start":{"line":513,"column":0},"end":{"line":513,"column":32}},"513":{"start":{"line":514,"column":0},"end":{"line":514,"column":1}},"514":{"start":{"line":515,"column":0},"end":{"line":515,"column":0}},"515":{"start":{"line":516,"column":0},"end":{"line":516,"column":60}},"516":{"start":{"line":517,"column":0},"end":{"line":517,"column":64}},"517":{"start":{"line":518,"column":0},"end":{"line":518,"column":47}},"518":{"start":{"line":519,"column":0},"end":{"line":519,"column":55}},"519":{"start":{"line":520,"column":0},"end":{"line":520,"column":29}},"520":{"start":{"line":521,"column":0},"end":{"line":521,"column":1}},"521":{"start":{"line":522,"column":0},"end":{"line":522,"column":0}},"522":{"start":{"line":523,"column":0},"end":{"line":523,"column":52}},"523":{"start":{"line":524,"column":0},"end":{"line":524,"column":15}},"524":{"start":{"line":525,"column":0},"end":{"line":525,"column":18}},"525":{"start":{"line":526,"column":0},"end":{"line":526,"column":30}},"526":{"start":{"line":527,"column":0},"end":{"line":527,"column":38}},"527":{"start":{"line":528,"column":0},"end":{"line":528,"column":11}},"528":{"start":{"line":529,"column":0},"end":{"line":529,"column":14}},"529":{"start":{"line":530,"column":0},"end":{"line":530,"column":1}},"530":{"start":{"line":531,"column":0},"end":{"line":531,"column":0}},"531":{"start":{"line":532,"column":0},"end":{"line":532,"column":50}},"532":{"start":{"line":533,"column":0},"end":{"line":533,"column":31}},"533":{"start":{"line":534,"column":0},"end":{"line":534,"column":89}},"534":{"start":{"line":535,"column":0},"end":{"line":535,"column":3}},"535":{"start":{"line":536,"column":0},"end":{"line":536,"column":32}},"536":{"start":{"line":537,"column":0},"end":{"line":537,"column":1}},"537":{"start":{"line":538,"column":0},"end":{"line":538,"column":0}},"538":{"start":{"line":539,"column":0},"end":{"line":539,"column":43}},"539":{"start":{"line":540,"column":0},"end":{"line":540,"column":56}},"540":{"start":{"line":541,"column":0},"end":{"line":541,"column":49}},"541":{"start":{"line":542,"column":0},"end":{"line":542,"column":66}},"542":{"start":{"line":543,"column":0},"end":{"line":543,"column":0}},"543":{"start":{"line":544,"column":0},"end":{"line":544,"column":62}},"544":{"start":{"line":545,"column":0},"end":{"line":545,"column":0}},"545":{"start":{"line":546,"column":0},"end":{"line":546,"column":70}},"546":{"start":{"line":547,"column":0},"end":{"line":547,"column":39}},"547":{"start":{"line":548,"column":0},"end":{"line":548,"column":3}},"548":{"start":{"line":549,"column":0},"end":{"line":549,"column":0}},"549":{"start":{"line":550,"column":0},"end":{"line":550,"column":92}},"550":{"start":{"line":551,"column":0},"end":{"line":551,"column":87}},"551":{"start":{"line":552,"column":0},"end":{"line":552,"column":28}},"552":{"start":{"line":553,"column":0},"end":{"line":553,"column":1}},"553":{"start":{"line":554,"column":0},"end":{"line":554,"column":0}},"554":{"start":{"line":555,"column":0},"end":{"line":555,"column":47}},"555":{"start":{"line":556,"column":0},"end":{"line":556,"column":30}},"556":{"start":{"line":557,"column":0},"end":{"line":557,"column":118}},"557":{"start":{"line":558,"column":0},"end":{"line":558,"column":3}},"558":{"start":{"line":559,"column":0},"end":{"line":559,"column":0}},"559":{"start":{"line":560,"column":0},"end":{"line":560,"column":30}},"560":{"start":{"line":561,"column":0},"end":{"line":561,"column":138}},"561":{"start":{"line":562,"column":0},"end":{"line":562,"column":3}},"562":{"start":{"line":563,"column":0},"end":{"line":563,"column":0}},"563":{"start":{"line":564,"column":0},"end":{"line":564,"column":49}},"564":{"start":{"line":565,"column":0},"end":{"line":565,"column":35}},"565":{"start":{"line":566,"column":0},"end":{"line":566,"column":121}},"566":{"start":{"line":567,"column":0},"end":{"line":567,"column":3}},"567":{"start":{"line":568,"column":0},"end":{"line":568,"column":0}},"568":{"start":{"line":569,"column":0},"end":{"line":569,"column":35}},"569":{"start":{"line":570,"column":0},"end":{"line":570,"column":140}},"570":{"start":{"line":571,"column":0},"end":{"line":571,"column":3}},"571":{"start":{"line":572,"column":0},"end":{"line":572,"column":0}},"572":{"start":{"line":573,"column":0},"end":{"line":573,"column":68}},"573":{"start":{"line":574,"column":0},"end":{"line":574,"column":86}},"574":{"start":{"line":575,"column":0},"end":{"line":575,"column":0}},"575":{"start":{"line":576,"column":0},"end":{"line":576,"column":1486}},"576":{"start":{"line":577,"column":0},"end":{"line":577,"column":0}},"577":{"start":{"line":578,"column":0},"end":{"line":578,"column":57}},"578":{"start":{"line":579,"column":0},"end":{"line":579,"column":0}},"579":{"start":{"line":580,"column":0},"end":{"line":580,"column":10}},"580":{"start":{"line":581,"column":0},"end":{"line":581,"column":27}},"581":{"start":{"line":582,"column":0},"end":{"line":582,"column":27}},"582":{"start":{"line":583,"column":0},"end":{"line":583,"column":32}},"583":{"start":{"line":584,"column":0},"end":{"line":584,"column":32}},"584":{"start":{"line":585,"column":0},"end":{"line":585,"column":27}},"585":{"start":{"line":586,"column":0},"end":{"line":586,"column":30}},"586":{"start":{"line":587,"column":0},"end":{"line":587,"column":3}},"587":{"start":{"line":588,"column":0},"end":{"line":588,"column":1}},"588":{"start":{"line":589,"column":0},"end":{"line":589,"column":0}},"589":{"start":{"line":590,"column":0},"end":{"line":590,"column":44}},"590":{"start":{"line":591,"column":0},"end":{"line":591,"column":48}},"591":{"start":{"line":592,"column":0},"end":{"line":592,"column":0}},"592":{"start":{"line":593,"column":0},"end":{"line":593,"column":63}},"593":{"start":{"line":594,"column":0},"end":{"line":594,"column":44}},"594":{"start":{"line":595,"column":0},"end":{"line":595,"column":0}},"595":{"start":{"line":596,"column":0},"end":{"line":596,"column":63}},"596":{"start":{"line":597,"column":0},"end":{"line":597,"column":51}},"597":{"start":{"line":598,"column":0},"end":{"line":598,"column":36}},"598":{"start":{"line":599,"column":0},"end":{"line":599,"column":0}},"599":{"start":{"line":600,"column":0},"end":{"line":600,"column":51}},"600":{"start":{"line":601,"column":0},"end":{"line":601,"column":58}},"601":{"start":{"line":602,"column":0},"end":{"line":602,"column":0}},"602":{"start":{"line":603,"column":0},"end":{"line":603,"column":29}},"603":{"start":{"line":604,"column":0},"end":{"line":604,"column":50}},"604":{"start":{"line":605,"column":0},"end":{"line":605,"column":84}},"605":{"start":{"line":606,"column":0},"end":{"line":606,"column":49}},"606":{"start":{"line":607,"column":0},"end":{"line":607,"column":3}},"607":{"start":{"line":608,"column":0},"end":{"line":608,"column":41}},"608":{"start":{"line":609,"column":0},"end":{"line":609,"column":65}},"609":{"start":{"line":610,"column":0},"end":{"line":610,"column":0}},"610":{"start":{"line":611,"column":0},"end":{"line":611,"column":24}},"611":{"start":{"line":612,"column":0},"end":{"line":612,"column":27}},"612":{"start":{"line":613,"column":0},"end":{"line":613,"column":44}},"613":{"start":{"line":614,"column":0},"end":{"line":614,"column":89}},"614":{"start":{"line":615,"column":0},"end":{"line":615,"column":0}},"615":{"start":{"line":616,"column":0},"end":{"line":616,"column":28}},"616":{"start":{"line":617,"column":0},"end":{"line":617,"column":0}},"617":{"start":{"line":618,"column":0},"end":{"line":618,"column":12}},"618":{"start":{"line":619,"column":0},"end":{"line":619,"column":1}},"619":{"start":{"line":620,"column":0},"end":{"line":620,"column":0}},"620":{"start":{"line":621,"column":0},"end":{"line":621,"column":79}},"621":{"start":{"line":622,"column":0},"end":{"line":622,"column":66}},"622":{"start":{"line":623,"column":0},"end":{"line":623,"column":42}},"623":{"start":{"line":624,"column":0},"end":{"line":624,"column":100}},"624":{"start":{"line":625,"column":0},"end":{"line":625,"column":21}},"625":{"start":{"line":626,"column":0},"end":{"line":626,"column":77}},"626":{"start":{"line":627,"column":0},"end":{"line":627,"column":81}},"627":{"start":{"line":628,"column":0},"end":{"line":628,"column":62}},"628":{"start":{"line":629,"column":0},"end":{"line":629,"column":70}},"629":{"start":{"line":630,"column":0},"end":{"line":630,"column":72}},"630":{"start":{"line":631,"column":0},"end":{"line":631,"column":65}},"631":{"start":{"line":632,"column":0},"end":{"line":632,"column":45}},"632":{"start":{"line":633,"column":0},"end":{"line":633,"column":0}},"633":{"start":{"line":634,"column":0},"end":{"line":634,"column":15}},"634":{"start":{"line":635,"column":0},"end":{"line":635,"column":1}}},"s":{"0":1,"1":1,"2":1,"3":1,"4":1,"5":1,"6":1,"7":1,"8":1,"9":4,"10":4,"11":3,"12":2,"13":4,"14":4,"15":1,"16":1,"17":1,"18":1,"19":1,"20":1,"21":1,"22":1,"23":1,"24":1,"25":7,"26":7,"27":7,"28":7,"29":7,"30":7,"31":7,"32":7,"33":7,"34":7,"35":2,"36":7,"37":1,"38":1,"39":1,"40":1,"41":1,"42":1,"43":16,"44":16,"45":16,"46":16,"47":16,"48":16,"49":16,"50":16,"51":16,"52":16,"53":16,"54":16,"55":16,"56":16,"57":16,"58":16,"59":16,"60":16,"61":16,"62":16,"63":16,"64":16,"65":16,"66":16,"67":16,"68":16,"69":1,"70":1,"71":1,"72":23,"73":23,"74":20,"75":20,"76":23,"77":4,"78":4,"79":4,"80":4,"81":4,"82":4,"83":4,"84":4,"85":4,"86":4,"87":4,"88":4,"89":4,"90":4,"91":4,"92":4,"93":4,"94":4,"95":4,"96":4,"97":4,"98":23,"99":41,"100":41,"101":1,"102":1,"103":11,"104":1,"105":1,"106":1,"107":38,"108":38,"109":14,"110":38,"111":4,"112":8,"113":1,"114":1,"115":1,"116":48,"117":32,"118":32,"119":32,"120":32,"121":32,"122":32,"123":32,"124":32,"125":32,"126":32,"127":32,"128":32,"129":48,"130":2,"131":2,"132":2,"133":2,"134":2,"135":2,"136":2,"137":2,"138":2,"139":1,"140":1,"141":1,"142":2,"143":31,"144":31,"145":31,"146":31,"147":31,"148":31,"149":31,"150":48,"151":48,"152":28,"153":28,"154":48,"155":28,"156":48,"157":28,"158":28,"159":28,"160":48,"161":1,"162":1,"163":27,"164":27,"165":27,"166":29,"167":1,"168":1,"169":28,"170":28,"171":28,"172":28,"173":28,"174":96,"175":96,"176":96,"177":96,"178":96,"179":96,"180":96,"181":96,"182":0,"183":96,"184":28,"185":28,"186":28,"187":28,"188":28,"189":5,"190":5,"191":5,"192":5,"193":28,"194":28,"195":28,"196":28,"197":83,"198":55,"199":83,"200":28,"201":28,"202":28,"203":56,"204":164,"205":164,"206":164,"207":24,"208":24,"209":24,"210":140,"211":140,"212":164,"213":44,"214":44,"215":44,"216":96,"217":96,"218":96,"219":164,"220":0,"221":0,"222":0,"223":96,"224":96,"225":164,"226":164,"227":164,"228":164,"229":164,"230":164,"231":32,"232":32,"233":4,"234":4,"235":4,"236":32,"237":22,"238":22,"239":22,"240":32,"241":6,"242":6,"243":6,"244":32,"245":0,"246":64,"247":64,"248":64,"249":164,"250":22,"251":10,"252":5,"253":22,"254":164,"255":56,"256":56,"257":56,"258":56,"259":27,"260":28,"261":0,"262":0,"263":1,"264":1,"265":1,"266":21,"267":21,"268":21,"269":0,"270":0,"271":0,"272":21,"273":21,"274":21,"275":21,"276":21,"277":0,"278":0,"279":0,"280":0,"281":0,"282":21,"283":21,"284":21,"285":21,"286":10,"287":10,"288":10,"289":10,"290":21,"291":21,"292":21,"293":21,"294":21,"295":19,"296":19,"297":21,"298":19,"299":19,"300":19,"301":21,"302":21,"303":21,"304":21,"305":19,"306":21,"307":21,"308":13,"309":21,"310":21,"311":21,"312":13,"313":13,"314":11,"315":1,"316":1,"317":8,"318":8,"319":8,"320":7,"321":7,"322":7,"323":7,"324":7,"325":7,"326":7,"327":1,"328":1,"329":8,"330":1,"331":1,"332":1,"333":1,"334":15,"335":15,"336":15,"337":15,"338":15,"339":15,"340":15,"341":15,"342":15,"343":15,"344":15,"345":15,"346":15,"347":15,"348":15,"349":15,"350":15,"351":15,"352":15,"353":15,"354":15,"355":15,"356":15,"357":15,"358":30,"359":30,"360":30,"361":15,"362":15,"363":45,"364":45,"365":45,"366":15,"367":15,"368":15,"369":15,"370":15,"371":15,"372":15,"373":15,"374":15,"375":15,"376":15,"377":15,"378":15,"379":15,"380":15,"381":15,"382":15,"383":15,"384":15,"385":15,"386":15,"387":15,"388":15,"389":15,"390":15,"391":15,"392":15,"393":15,"394":15,"395":15,"396":15,"397":5,"398":1,"399":1,"400":4,"401":4,"402":3,"403":4,"404":3,"405":4,"406":1,"407":1,"408":1,"409":0,"410":0,"411":0,"412":0,"413":0,"414":0,"415":1,"416":1,"417":1,"418":6,"419":6,"420":4,"421":4,"422":4,"423":4,"424":6,"425":1,"426":1,"427":0,"428":0,"429":0,"430":0,"431":0,"432":0,"433":1,"434":1,"435":1,"436":32,"437":32,"438":31,"439":31,"440":31,"441":31,"442":32,"443":18,"444":18,"445":18,"446":18,"447":18,"448":18,"449":18,"450":18,"451":18,"452":18,"453":18,"454":18,"455":18,"456":18,"457":18,"458":18,"459":18,"460":18,"461":18,"462":18,"463":18,"464":18,"465":18,"466":18,"467":18,"468":18,"469":18,"470":18,"471":32,"472":1,"473":1,"474":1,"475":15,"476":15,"477":15,"478":15,"479":15,"480":15,"481":15,"482":1,"483":1,"484":1,"485":9,"486":9,"487":1,"488":1,"489":0,"490":0,"491":1,"492":1,"493":0,"494":0,"495":1,"496":1,"497":0,"498":0,"499":0,"500":0,"501":0,"502":1,"503":1,"504":0,"505":0,"506":1,"507":1,"508":1,"509":0,"510":0,"511":0,"512":0,"513":0,"514":1,"515":1,"516":1,"517":1,"518":0,"519":0,"520":0,"521":1,"522":1,"523":4,"524":4,"525":4,"526":4,"527":4,"528":4,"529":4,"530":1,"531":1,"532":18,"533":18,"534":18,"535":18,"536":18,"537":1,"538":1,"539":1,"540":1,"541":127,"542":123,"543":127,"544":123,"545":127,"546":1,"547":1,"548":122,"549":122,"550":122,"551":122,"552":127,"553":1,"554":122,"555":122,"556":122,"557":122,"558":122,"559":122,"560":122,"561":122,"562":122,"563":122,"564":122,"565":122,"566":122,"567":122,"568":122,"569":122,"570":122,"571":122,"572":122,"573":122,"574":122,"575":122,"576":122,"577":122,"578":122,"579":122,"580":122,"581":107,"582":90,"583":88,"584":85,"585":74,"586":122,"587":122,"588":1,"589":1,"590":1,"591":1,"592":1,"593":1,"594":1,"595":1,"596":1,"597":6,"598":6,"599":6,"600":6,"601":6,"602":6,"603":1,"604":1,"605":1,"606":1,"607":6,"608":6,"609":6,"610":6,"611":6,"612":6,"613":6,"614":6,"615":6,"616":6,"617":6,"618":6,"619":1,"620":1,"621":1,"622":1,"623":5,"624":5,"625":5,"626":5,"627":4,"628":5,"629":5,"630":5,"631":5,"632":4,"633":4,"634":5},"branchMap":{"0":{"type":"branch","line":9,"loc":{"start":{"line":9,"column":48},"end":{"line":15,"column":1}},"locations":[{"start":{"line":9,"column":48},"end":{"line":15,"column":1}}]},"1":{"type":"branch","line":11,"loc":{"start":{"line":11,"column":18},"end":{"line":12,"column":38}},"locations":[{"start":{"line":11,"column":18},"end":{"line":12,"column":38}}]},"2":{"type":"branch","line":12,"loc":{"start":{"line":12,"column":18},"end":{"line":13,"column":37}},"locations":[{"start":{"line":12,"column":18},"end":{"line":13,"column":37}}]},"3":{"type":"branch","line":15,"loc":{"start":{"line":15,"column":0},"end":{"line":15,"column":1}},"locations":[{"start":{"line":15,"column":0},"end":{"line":15,"column":1}}]},"4":{"type":"branch","line":25,"loc":{"start":{"line":25,"column":7},"end":{"line":37,"column":1}},"locations":[{"start":{"line":25,"column":7},"end":{"line":37,"column":1}}]},"5":{"type":"branch","line":29,"loc":{"start":{"line":29,"column":33},"end":{"line":29,"column":48}},"locations":[{"start":{"line":29,"column":33},"end":{"line":29,"column":48}}]},"6":{"type":"branch","line":31,"loc":{"start":{"line":31,"column":30},"end":{"line":31,"column":40}},"locations":[{"start":{"line":31,"column":30},"end":{"line":31,"column":40}}]},"7":{"type":"branch","line":32,"loc":{"start":{"line":32,"column":18},"end":{"line":32,"column":28}},"locations":[{"start":{"line":32,"column":18},"end":{"line":32,"column":28}}]},"8":{"type":"branch","line":34,"loc":{"start":{"line":34,"column":32},"end":{"line":34,"column":43}},"locations":[{"start":{"line":34,"column":32},"end":{"line":34,"column":43}}]},"9":{"type":"branch","line":34,"loc":{"start":{"line":34,"column":39},"end":{"line":35,"column":35}},"locations":[{"start":{"line":34,"column":39},"end":{"line":35,"column":35}}]},"10":{"type":"branch","line":35,"loc":{"start":{"line":35,"column":28},"end":{"line":35,"column":39}},"locations":[{"start":{"line":35,"column":28},"end":{"line":35,"column":39}}]},"11":{"type":"branch","line":35,"loc":{"start":{"line":35,"column":35},"end":{"line":37,"column":1}},"locations":[{"start":{"line":35,"column":35},"end":{"line":37,"column":1}}]},"12":{"type":"branch","line":37,"loc":{"start":{"line":37,"column":0},"end":{"line":37,"column":1}},"locations":[{"start":{"line":37,"column":0},"end":{"line":37,"column":1}}]},"13":{"type":"branch","line":43,"loc":{"start":{"line":43,"column":7},"end":{"line":69,"column":1}},"locations":[{"start":{"line":43,"column":7},"end":{"line":69,"column":1}}]},"14":{"type":"branch","line":69,"loc":{"start":{"line":69,"column":0},"end":{"line":69,"column":1}},"locations":[{"start":{"line":69,"column":0},"end":{"line":69,"column":1}}]},"15":{"type":"branch","line":72,"loc":{"start":{"line":72,"column":7},"end":{"line":104,"column":1}},"locations":[{"start":{"line":72,"column":7},"end":{"line":104,"column":1}}]},"16":{"type":"branch","line":74,"loc":{"start":{"line":74,"column":21},"end":{"line":74,"column":46}},"locations":[{"start":{"line":74,"column":21},"end":{"line":74,"column":46}}]},"17":{"type":"branch","line":74,"loc":{"start":{"line":74,"column":46},"end":{"line":74,"column":60}},"locations":[{"start":{"line":74,"column":46},"end":{"line":74,"column":60}}]},"18":{"type":"branch","line":74,"loc":{"start":{"line":74,"column":59},"end":{"line":77,"column":24}},"locations":[{"start":{"line":74,"column":59},"end":{"line":77,"column":24}}]},"19":{"type":"branch","line":77,"loc":{"start":{"line":77,"column":17},"end":{"line":77,"column":25}},"locations":[{"start":{"line":77,"column":17},"end":{"line":77,"column":25}}]},"20":{"type":"branch","line":77,"loc":{"start":{"line":77,"column":24},"end":{"line":99,"column":26}},"locations":[{"start":{"line":77,"column":24},"end":{"line":99,"column":26}}]},"21":{"type":"branch","line":99,"loc":{"start":{"line":99,"column":26},"end":{"line":101,"column":3}},"locations":[{"start":{"line":99,"column":26},"end":{"line":101,"column":3}}]},"22":{"type":"branch","line":100,"loc":{"start":{"line":100,"column":43},"end":{"line":100,"column":59}},"locations":[{"start":{"line":100,"column":43},"end":{"line":100,"column":59}}]},"23":{"type":"branch","line":101,"loc":{"start":{"line":101,"column":2},"end":{"line":104,"column":1}},"locations":[{"start":{"line":101,"column":2},"end":{"line":104,"column":1}}]},"24":{"type":"branch","line":104,"loc":{"start":{"line":104,"column":0},"end":{"line":104,"column":1}},"locations":[{"start":{"line":104,"column":0},"end":{"line":104,"column":1}}]},"25":{"type":"branch","line":107,"loc":{"start":{"line":107,"column":7},"end":{"line":113,"column":1}},"locations":[{"start":{"line":107,"column":7},"end":{"line":113,"column":1}}]},"26":{"type":"branch","line":108,"loc":{"start":{"line":108,"column":32},"end":{"line":108,"column":72}},"locations":[{"start":{"line":108,"column":32},"end":{"line":108,"column":72}}]},"27":{"type":"branch","line":109,"loc":{"start":{"line":109,"column":17},"end":{"line":109,"column":28}},"locations":[{"start":{"line":109,"column":17},"end":{"line":109,"column":28}}]},"28":{"type":"branch","line":109,"loc":{"start":{"line":109,"column":24},"end":{"line":111,"column":59}},"locations":[{"start":{"line":109,"column":24},"end":{"line":111,"column":59}}]},"29":{"type":"branch","line":111,"loc":{"start":{"line":111,"column":52},"end":{"line":111,"column":70}},"locations":[{"start":{"line":111,"column":52},"end":{"line":111,"column":70}}]},"30":{"type":"branch","line":111,"loc":{"start":{"line":111,"column":66},"end":{"line":113,"column":1}},"locations":[{"start":{"line":111,"column":66},"end":{"line":113,"column":1}}]},"31":{"type":"branch","line":113,"loc":{"start":{"line":113,"column":0},"end":{"line":113,"column":1}},"locations":[{"start":{"line":113,"column":0},"end":{"line":113,"column":1}}]},"32":{"type":"branch","line":116,"loc":{"start":{"line":116,"column":7},"end":{"line":167,"column":18}},"locations":[{"start":{"line":116,"column":7},"end":{"line":167,"column":18}}]},"33":{"type":"branch","line":117,"loc":{"start":{"line":117,"column":29},"end":{"line":117,"column":41}},"locations":[{"start":{"line":117,"column":29},"end":{"line":117,"column":41}}]},"34":{"type":"branch","line":117,"loc":{"start":{"line":117,"column":36},"end":{"line":130,"column":26}},"locations":[{"start":{"line":117,"column":36},"end":{"line":130,"column":26}}]},"35":{"type":"branch","line":130,"loc":{"start":{"line":130,"column":26},"end":{"line":143,"column":3}},"locations":[{"start":{"line":130,"column":26},"end":{"line":143,"column":3}}]},"36":{"type":"branch","line":139,"loc":{"start":{"line":139,"column":27},"end":{"line":142,"column":5}},"locations":[{"start":{"line":139,"column":27},"end":{"line":142,"column":5}}]},"37":{"type":"branch","line":143,"loc":{"start":{"line":143,"column":2},"end":{"line":151,"column":40}},"locations":[{"start":{"line":143,"column":2},"end":{"line":151,"column":40}}]},"38":{"type":"branch","line":151,"loc":{"start":{"line":151,"column":33},"end":{"line":151,"column":45}},"locations":[{"start":{"line":151,"column":33},"end":{"line":151,"column":45}}]},"39":{"type":"branch","line":151,"loc":{"start":{"line":151,"column":40},"end":{"line":152,"column":41}},"locations":[{"start":{"line":151,"column":40},"end":{"line":152,"column":41}}]},"40":{"type":"branch","line":152,"loc":{"start":{"line":152,"column":34},"end":{"line":152,"column":85}},"locations":[{"start":{"line":152,"column":34},"end":{"line":152,"column":85}}]},"41":{"type":"branch","line":152,"loc":{"start":{"line":152,"column":84},"end":{"line":155,"column":34}},"locations":[{"start":{"line":152,"column":84},"end":{"line":155,"column":34}}]},"42":{"type":"branch","line":155,"loc":{"start":{"line":155,"column":26},"end":{"line":155,"column":85}},"locations":[{"start":{"line":155,"column":26},"end":{"line":155,"column":85}}]},"43":{"type":"branch","line":155,"loc":{"start":{"line":155,"column":84},"end":{"line":157,"column":12}},"locations":[{"start":{"line":155,"column":84},"end":{"line":157,"column":12}}]},"44":{"type":"branch","line":157,"loc":{"start":{"line":157,"column":4},"end":{"line":157,"column":89}},"locations":[{"start":{"line":157,"column":4},"end":{"line":157,"column":89}}]},"45":{"type":"branch","line":157,"loc":{"start":{"line":157,"column":88},"end":{"line":161,"column":4}},"locations":[{"start":{"line":157,"column":88},"end":{"line":161,"column":4}}]},"46":{"type":"branch","line":161,"loc":{"start":{"line":161,"column":2},"end":{"line":163,"column":3}},"locations":[{"start":{"line":161,"column":2},"end":{"line":163,"column":3}}]},"47":{"type":"branch","line":163,"loc":{"start":{"line":163,"column":2},"end":{"line":167,"column":18}},"locations":[{"start":{"line":163,"column":2},"end":{"line":167,"column":18}}]},"48":{"type":"branch","line":167,"loc":{"start":{"line":167,"column":0},"end":{"line":167,"column":18}},"locations":[{"start":{"line":167,"column":0},"end":{"line":167,"column":18}}]},"49":{"type":"branch","line":170,"loc":{"start":{"line":170,"column":0},"end":{"line":263,"column":1}},"locations":[{"start":{"line":170,"column":0},"end":{"line":263,"column":1}}]},"50":{"type":"branch","line":189,"loc":{"start":{"line":189,"column":25},"end":{"line":193,"column":3}},"locations":[{"start":{"line":189,"column":25},"end":{"line":193,"column":3}}]},"51":{"type":"branch","line":191,"loc":{"start":{"line":191,"column":37},"end":{"line":191,"column":68}},"locations":[{"start":{"line":191,"column":37},"end":{"line":191,"column":68}}]},"52":{"type":"branch","line":203,"loc":{"start":{"line":203,"column":16},"end":{"line":203,"column":38}},"locations":[{"start":{"line":203,"column":16},"end":{"line":203,"column":38}}]},"53":{"type":"branch","line":203,"loc":{"start":{"line":203,"column":29},"end":{"line":203,"column":49}},"locations":[{"start":{"line":203,"column":29},"end":{"line":203,"column":49}}]},"54":{"type":"branch","line":203,"loc":{"start":{"line":203,"column":49},"end":{"line":259,"column":3}},"locations":[{"start":{"line":203,"column":49},"end":{"line":259,"column":3}}]},"55":{"type":"branch","line":204,"loc":{"start":{"line":204,"column":43},"end":{"line":255,"column":5}},"locations":[{"start":{"line":204,"column":43},"end":{"line":255,"column":5}}]},"56":{"type":"branch","line":207,"loc":{"start":{"line":207,"column":38},"end":{"line":210,"column":7}},"locations":[{"start":{"line":207,"column":38},"end":{"line":210,"column":7}}]},"57":{"type":"branch","line":208,"loc":{"start":{"line":208,"column":25},"end":{"line":208,"column":70}},"locations":[{"start":{"line":208,"column":25},"end":{"line":208,"column":70}}]},"58":{"type":"branch","line":210,"loc":{"start":{"line":210,"column":6},"end":{"line":213,"column":35}},"locations":[{"start":{"line":210,"column":6},"end":{"line":213,"column":35}}]},"59":{"type":"branch","line":213,"loc":{"start":{"line":213,"column":30},"end":{"line":213,"column":60}},"locations":[{"start":{"line":213,"column":30},"end":{"line":213,"column":60}}]},"60":{"type":"branch","line":213,"loc":{"start":{"line":213,"column":60},"end":{"line":216,"column":7}},"locations":[{"start":{"line":213,"column":60},"end":{"line":216,"column":7}}]},"61":{"type":"branch","line":214,"loc":{"start":{"line":214,"column":24},"end":{"line":214,"column":76}},"locations":[{"start":{"line":214,"column":24},"end":{"line":214,"column":76}}]},"62":{"type":"branch","line":216,"loc":{"start":{"line":216,"column":6},"end":{"line":220,"column":22}},"locations":[{"start":{"line":216,"column":6},"end":{"line":220,"column":22}}]},"63":{"type":"branch","line":220,"loc":{"start":{"line":220,"column":22},"end":{"line":223,"column":7}},"locations":[{"start":{"line":220,"column":22},"end":{"line":223,"column":7}}]},"64":{"type":"branch","line":223,"loc":{"start":{"line":223,"column":6},"end":{"line":226,"column":20}},"locations":[{"start":{"line":223,"column":6},"end":{"line":226,"column":20}}]},"65":{"type":"branch","line":226,"loc":{"start":{"line":226,"column":13},"end":{"line":226,"column":26}},"locations":[{"start":{"line":226,"column":13},"end":{"line":226,"column":26}}]},"66":{"type":"branch","line":226,"loc":{"start":{"line":226,"column":20},"end":{"line":226,"column":31}},"locations":[{"start":{"line":226,"column":20},"end":{"line":226,"column":31}}]},"67":{"type":"branch","line":227,"loc":{"start":{"line":227,"column":13},"end":{"line":227,"column":27}},"locations":[{"start":{"line":227,"column":13},"end":{"line":227,"column":27}}]},"68":{"type":"branch","line":227,"loc":{"start":{"line":227,"column":21},"end":{"line":227,"column":32}},"locations":[{"start":{"line":227,"column":21},"end":{"line":227,"column":32}}]},"69":{"type":"branch","line":228,"loc":{"start":{"line":228,"column":13},"end":{"line":228,"column":25}},"locations":[{"start":{"line":228,"column":13},"end":{"line":228,"column":25}}]},"70":{"type":"branch","line":228,"loc":{"start":{"line":228,"column":19},"end":{"line":228,"column":30}},"locations":[{"start":{"line":228,"column":19},"end":{"line":228,"column":30}}]},"71":{"type":"branch","line":231,"loc":{"start":{"line":231,"column":32},"end":{"line":246,"column":7}},"locations":[{"start":{"line":231,"column":32},"end":{"line":246,"column":7}}]},"72":{"type":"branch","line":233,"loc":{"start":{"line":233,"column":30},"end":{"line":233,"column":50}},"locations":[{"start":{"line":233,"column":30},"end":{"line":233,"column":50}}]},"73":{"type":"branch","line":233,"loc":{"start":{"line":233,"column":50},"end":{"line":236,"column":11}},"locations":[{"start":{"line":233,"column":50},"end":{"line":236,"column":11}}]},"74":{"type":"branch","line":236,"loc":{"start":{"line":236,"column":10},"end":{"line":237,"column":37}},"locations":[{"start":{"line":236,"column":10},"end":{"line":237,"column":37}}]},"75":{"type":"branch","line":237,"loc":{"start":{"line":237,"column":30},"end":{"line":237,"column":48}},"locations":[{"start":{"line":237,"column":30},"end":{"line":237,"column":48}}]},"76":{"type":"branch","line":237,"loc":{"start":{"line":237,"column":48},"end":{"line":240,"column":11}},"locations":[{"start":{"line":237,"column":48},"end":{"line":240,"column":11}}]},"77":{"type":"branch","line":240,"loc":{"start":{"line":240,"column":10},"end":{"line":241,"column":49}},"locations":[{"start":{"line":240,"column":10},"end":{"line":241,"column":49}}]},"78":{"type":"branch","line":241,"loc":{"start":{"line":241,"column":49},"end":{"line":244,"column":11}},"locations":[{"start":{"line":241,"column":49},"end":{"line":244,"column":11}}]},"79":{"type":"branch","line":245,"loc":{"start":{"line":245,"column":8},"end":{"line":246,"column":7}},"locations":[{"start":{"line":245,"column":8},"end":{"line":246,"column":7}}]},"80":{"type":"branch","line":246,"loc":{"start":{"line":246,"column":6},"end":{"line":250,"column":21}},"locations":[{"start":{"line":246,"column":6},"end":{"line":250,"column":21}}]},"81":{"type":"branch","line":250,"loc":{"start":{"line":250,"column":21},"end":{"line":254,"column":7}},"locations":[{"start":{"line":250,"column":21},"end":{"line":254,"column":7}}]},"82":{"type":"branch","line":251,"loc":{"start":{"line":251,"column":18},"end":{"line":251,"column":51}},"locations":[{"start":{"line":251,"column":18},"end":{"line":251,"column":51}}]},"83":{"type":"branch","line":251,"loc":{"start":{"line":251,"column":51},"end":{"line":251,"column":75}},"locations":[{"start":{"line":251,"column":51},"end":{"line":251,"column":75}}]},"84":{"type":"branch","line":251,"loc":{"start":{"line":251,"column":74},"end":{"line":253,"column":78}},"locations":[{"start":{"line":251,"column":74},"end":{"line":253,"column":78}}]},"85":{"type":"branch","line":252,"loc":{"start":{"line":252,"column":23},"end":{"line":252,"column":54}},"locations":[{"start":{"line":252,"column":23},"end":{"line":252,"column":54}}]},"86":{"type":"branch","line":252,"loc":{"start":{"line":252,"column":54},"end":{"line":253,"column":78}},"locations":[{"start":{"line":252,"column":54},"end":{"line":253,"column":78}}]},"87":{"type":"branch","line":253,"loc":{"start":{"line":253,"column":23},"end":{"line":253,"column":55}},"locations":[{"start":{"line":253,"column":23},"end":{"line":253,"column":55}}]},"88":{"type":"branch","line":253,"loc":{"start":{"line":253,"column":55},"end":{"line":253,"column":78}},"locations":[{"start":{"line":253,"column":55},"end":{"line":253,"column":78}}]},"89":{"type":"branch","line":258,"loc":{"start":{"line":258,"column":19},"end":{"line":258,"column":50}},"locations":[{"start":{"line":258,"column":19},"end":{"line":258,"column":50}}]},"90":{"type":"branch","line":259,"loc":{"start":{"line":259,"column":2},"end":{"line":261,"column":33}},"locations":[{"start":{"line":259,"column":2},"end":{"line":261,"column":33}}]},"91":{"type":"branch","line":261,"loc":{"start":{"line":261,"column":24},"end":{"line":261,"column":43}},"locations":[{"start":{"line":261,"column":24},"end":{"line":261,"column":43}}]},"92":{"type":"branch","line":261,"loc":{"start":{"line":261,"column":43},"end":{"line":261,"column":54}},"locations":[{"start":{"line":261,"column":43},"end":{"line":261,"column":54}}]},"93":{"type":"branch","line":261,"loc":{"start":{"line":261,"column":50},"end":{"line":263,"column":1}},"locations":[{"start":{"line":261,"column":50},"end":{"line":263,"column":1}}]},"94":{"type":"branch","line":174,"loc":{"start":{"line":174,"column":2},"end":{"line":184,"column":3}},"locations":[{"start":{"line":174,"column":2},"end":{"line":184,"column":3}}]},"95":{"type":"branch","line":180,"loc":{"start":{"line":180,"column":31},"end":{"line":180,"column":52}},"locations":[{"start":{"line":180,"column":31},"end":{"line":180,"column":52}}]},"96":{"type":"branch","line":180,"loc":{"start":{"line":180,"column":51},"end":{"line":181,"column":25}},"locations":[{"start":{"line":180,"column":51},"end":{"line":181,"column":25}}]},"97":{"type":"branch","line":181,"loc":{"start":{"line":181,"column":18},"end":{"line":181,"column":44}},"locations":[{"start":{"line":181,"column":18},"end":{"line":181,"column":44}}]},"98":{"type":"branch","line":181,"loc":{"start":{"line":181,"column":43},"end":{"line":182,"column":20}},"locations":[{"start":{"line":181,"column":43},"end":{"line":182,"column":20}}]},"99":{"type":"branch","line":182,"loc":{"start":{"line":182,"column":15},"end":{"line":182,"column":31}},"locations":[{"start":{"line":182,"column":15},"end":{"line":182,"column":31}}]},"100":{"type":"branch","line":182,"loc":{"start":{"line":182,"column":31},"end":{"line":182,"column":62}},"locations":[{"start":{"line":182,"column":31},"end":{"line":182,"column":62}}]},"101":{"type":"branch","line":182,"loc":{"start":{"line":182,"column":61},"end":{"line":183,"column":13}},"locations":[{"start":{"line":182,"column":61},"end":{"line":183,"column":13}}]},"102":{"type":"branch","line":178,"loc":{"start":{"line":178,"column":20},"end":{"line":178,"column":94}},"locations":[{"start":{"line":178,"column":20},"end":{"line":178,"column":94}}]},"103":{"type":"branch","line":178,"loc":{"start":{"line":178,"column":60},"end":{"line":178,"column":93}},"locations":[{"start":{"line":178,"column":60},"end":{"line":178,"column":93}}]},"104":{"type":"branch","line":186,"loc":{"start":{"line":186,"column":48},"end":{"line":186,"column":63}},"locations":[{"start":{"line":186,"column":48},"end":{"line":186,"column":63}}]},"105":{"type":"branch","line":197,"loc":{"start":{"line":197,"column":2},"end":{"line":200,"column":3}},"locations":[{"start":{"line":197,"column":2},"end":{"line":200,"column":3}}]},"106":{"type":"branch","line":198,"loc":{"start":{"line":198,"column":25},"end":{"line":198,"column":52}},"locations":[{"start":{"line":198,"column":25},"end":{"line":198,"column":52}}]},"107":{"type":"branch","line":198,"loc":{"start":{"line":198,"column":51},"end":{"line":199,"column":25}},"locations":[{"start":{"line":198,"column":51},"end":{"line":199,"column":25}}]},"108":{"type":"branch","line":266,"loc":{"start":{"line":266,"column":7},"end":{"line":315,"column":14}},"locations":[{"start":{"line":266,"column":7},"end":{"line":315,"column":14}}]},"109":{"type":"branch","line":269,"loc":{"start":{"line":269,"column":23},"end":{"line":272,"column":3}},"locations":[{"start":{"line":269,"column":23},"end":{"line":272,"column":3}}]},"110":{"type":"branch","line":277,"loc":{"start":{"line":277,"column":17},"end":{"line":282,"column":3}},"locations":[{"start":{"line":277,"column":17},"end":{"line":282,"column":3}}]},"111":{"type":"branch","line":286,"loc":{"start":{"line":286,"column":34},"end":{"line":290,"column":3}},"locations":[{"start":{"line":286,"column":34},"end":{"line":290,"column":3}}]},"112":{"type":"branch","line":288,"loc":{"start":{"line":288,"column":29},"end":{"line":288,"column":40}},"locations":[{"start":{"line":288,"column":29},"end":{"line":288,"column":40}}]},"113":{"type":"branch","line":289,"loc":{"start":{"line":289,"column":47},"end":{"line":289,"column":61}},"locations":[{"start":{"line":289,"column":47},"end":{"line":289,"column":61}}]},"114":{"type":"branch","line":289,"loc":{"start":{"line":289,"column":73},"end":{"line":289,"column":81}},"locations":[{"start":{"line":289,"column":73},"end":{"line":289,"column":81}}]},"115":{"type":"branch","line":295,"loc":{"start":{"line":295,"column":30},"end":{"line":295,"column":41}},"locations":[{"start":{"line":295,"column":30},"end":{"line":295,"column":41}}]},"116":{"type":"branch","line":295,"loc":{"start":{"line":295,"column":37},"end":{"line":298,"column":29}},"locations":[{"start":{"line":295,"column":37},"end":{"line":298,"column":29}}]},"117":{"type":"branch","line":298,"loc":{"start":{"line":298,"column":22},"end":{"line":298,"column":33}},"locations":[{"start":{"line":298,"column":22},"end":{"line":298,"column":33}}]},"118":{"type":"branch","line":298,"loc":{"start":{"line":298,"column":29},"end":{"line":302,"column":28}},"locations":[{"start":{"line":298,"column":29},"end":{"line":302,"column":28}}]},"119":{"type":"branch","line":302,"loc":{"start":{"line":302,"column":24},"end":{"line":302,"column":49}},"locations":[{"start":{"line":302,"column":24},"end":{"line":302,"column":49}}]},"120":{"type":"branch","line":302,"loc":{"start":{"line":302,"column":45},"end":{"line":302,"column":50}},"locations":[{"start":{"line":302,"column":45},"end":{"line":302,"column":50}}]},"121":{"type":"branch","line":305,"loc":{"start":{"line":305,"column":16},"end":{"line":305,"column":38}},"locations":[{"start":{"line":305,"column":16},"end":{"line":305,"column":38}}]},"122":{"type":"branch","line":305,"loc":{"start":{"line":305,"column":33},"end":{"line":305,"column":53}},"locations":[{"start":{"line":305,"column":33},"end":{"line":305,"column":53}}]},"123":{"type":"branch","line":305,"loc":{"start":{"line":305,"column":53},"end":{"line":305,"column":64}},"locations":[{"start":{"line":305,"column":53},"end":{"line":305,"column":64}}]},"124":{"type":"branch","line":305,"loc":{"start":{"line":305,"column":60},"end":{"line":307,"column":22}},"locations":[{"start":{"line":305,"column":60},"end":{"line":307,"column":22}}]},"125":{"type":"branch","line":307,"loc":{"start":{"line":307,"column":15},"end":{"line":307,"column":33}},"locations":[{"start":{"line":307,"column":15},"end":{"line":307,"column":33}}]},"126":{"type":"branch","line":307,"loc":{"start":{"line":307,"column":33},"end":{"line":307,"column":75}},"locations":[{"start":{"line":307,"column":33},"end":{"line":307,"column":75}}]},"127":{"type":"branch","line":307,"loc":{"start":{"line":307,"column":74},"end":{"line":308,"column":22}},"locations":[{"start":{"line":307,"column":74},"end":{"line":308,"column":22}}]},"128":{"type":"branch","line":308,"loc":{"start":{"line":308,"column":15},"end":{"line":308,"column":35}},"locations":[{"start":{"line":308,"column":15},"end":{"line":308,"column":35}}]},"129":{"type":"branch","line":308,"loc":{"start":{"line":308,"column":35},"end":{"line":308,"column":69}},"locations":[{"start":{"line":308,"column":35},"end":{"line":308,"column":69}}]},"130":{"type":"branch","line":308,"loc":{"start":{"line":308,"column":68},"end":{"line":310,"column":29}},"locations":[{"start":{"line":308,"column":68},"end":{"line":310,"column":29}}]},"131":{"type":"branch","line":310,"loc":{"start":{"line":310,"column":29},"end":{"line":310,"column":40}},"locations":[{"start":{"line":310,"column":29},"end":{"line":310,"column":40}}]},"132":{"type":"branch","line":310,"loc":{"start":{"line":310,"column":36},"end":{"line":311,"column":33}},"locations":[{"start":{"line":310,"column":36},"end":{"line":311,"column":33}}]},"133":{"type":"branch","line":311,"loc":{"start":{"line":311,"column":33},"end":{"line":311,"column":44}},"locations":[{"start":{"line":311,"column":33},"end":{"line":311,"column":44}}]},"134":{"type":"branch","line":311,"loc":{"start":{"line":311,"column":40},"end":{"line":312,"column":33}},"locations":[{"start":{"line":311,"column":40},"end":{"line":312,"column":33}}]},"135":{"type":"branch","line":312,"loc":{"start":{"line":312,"column":33},"end":{"line":312,"column":44}},"locations":[{"start":{"line":312,"column":33},"end":{"line":312,"column":44}}]},"136":{"type":"branch","line":312,"loc":{"start":{"line":312,"column":40},"end":{"line":315,"column":14}},"locations":[{"start":{"line":312,"column":40},"end":{"line":315,"column":14}}]},"137":{"type":"branch","line":315,"loc":{"start":{"line":315,"column":0},"end":{"line":315,"column":14}},"locations":[{"start":{"line":315,"column":0},"end":{"line":315,"column":14}}]},"138":{"type":"branch","line":317,"loc":{"start":{"line":317,"column":7},"end":{"line":330,"column":1}},"locations":[{"start":{"line":317,"column":7},"end":{"line":330,"column":1}}]},"139":{"type":"branch","line":320,"loc":{"start":{"line":320,"column":12},"end":{"line":327,"column":3}},"locations":[{"start":{"line":320,"column":12},"end":{"line":327,"column":3}}]},"140":{"type":"branch","line":327,"loc":{"start":{"line":327,"column":2},"end":{"line":330,"column":1}},"locations":[{"start":{"line":327,"column":2},"end":{"line":330,"column":1}}]},"141":{"type":"branch","line":330,"loc":{"start":{"line":330,"column":0},"end":{"line":330,"column":1}},"locations":[{"start":{"line":330,"column":0},"end":{"line":330,"column":1}}]},"142":{"type":"branch","line":334,"loc":{"start":{"line":334,"column":7},"end":{"line":398,"column":23}},"locations":[{"start":{"line":334,"column":7},"end":{"line":398,"column":23}}]},"143":{"type":"branch","line":339,"loc":{"start":{"line":339,"column":29},"end":{"line":339,"column":38}},"locations":[{"start":{"line":339,"column":29},"end":{"line":339,"column":38}}]},"144":{"type":"branch","line":352,"loc":{"start":{"line":352,"column":14},"end":{"line":352,"column":70}},"locations":[{"start":{"line":352,"column":14},"end":{"line":352,"column":70}}]},"145":{"type":"branch","line":354,"loc":{"start":{"line":354,"column":15},"end":{"line":354,"column":35}},"locations":[{"start":{"line":354,"column":15},"end":{"line":354,"column":35}}]},"146":{"type":"branch","line":354,"loc":{"start":{"line":354,"column":27},"end":{"line":354,"column":35}},"locations":[{"start":{"line":354,"column":27},"end":{"line":354,"column":35}}]},"147":{"type":"branch","line":356,"loc":{"start":{"line":356,"column":22},"end":{"line":356,"column":65}},"locations":[{"start":{"line":356,"column":22},"end":{"line":356,"column":65}}]},"148":{"type":"branch","line":356,"loc":{"start":{"line":356,"column":48},"end":{"line":356,"column":60}},"locations":[{"start":{"line":356,"column":48},"end":{"line":356,"column":60}}]},"149":{"type":"branch","line":356,"loc":{"start":{"line":356,"column":53},"end":{"line":356,"column":65}},"locations":[{"start":{"line":356,"column":53},"end":{"line":356,"column":65}}]},"150":{"type":"branch","line":358,"loc":{"start":{"line":358,"column":24},"end":{"line":361,"column":12}},"locations":[{"start":{"line":358,"column":24},"end":{"line":361,"column":12}}]},"151":{"type":"branch","line":363,"loc":{"start":{"line":363,"column":2},"end":{"line":366,"column":3}},"locations":[{"start":{"line":363,"column":2},"end":{"line":366,"column":3}}]},"152":{"type":"branch","line":365,"loc":{"start":{"line":365,"column":11},"end":{"line":365,"column":43}},"locations":[{"start":{"line":365,"column":11},"end":{"line":365,"column":43}}]},"153":{"type":"branch","line":365,"loc":{"start":{"line":365,"column":39},"end":{"line":365,"column":52}},"locations":[{"start":{"line":365,"column":39},"end":{"line":365,"column":52}}]},"154":{"type":"branch","line":396,"loc":{"start":{"line":396,"column":4},"end":{"line":396,"column":39}},"locations":[{"start":{"line":396,"column":4},"end":{"line":396,"column":39}}]},"155":{"type":"branch","line":398,"loc":{"start":{"line":398,"column":0},"end":{"line":398,"column":23}},"locations":[{"start":{"line":398,"column":0},"end":{"line":398,"column":23}}]},"156":{"type":"branch","line":400,"loc":{"start":{"line":400,"column":7},"end":{"line":406,"column":1}},"locations":[{"start":{"line":400,"column":7},"end":{"line":406,"column":1}}]},"157":{"type":"branch","line":402,"loc":{"start":{"line":402,"column":29},"end":{"line":402,"column":38}},"locations":[{"start":{"line":402,"column":29},"end":{"line":402,"column":38}}]},"158":{"type":"branch","line":402,"loc":{"start":{"line":402,"column":36},"end":{"line":404,"column":17}},"locations":[{"start":{"line":402,"column":36},"end":{"line":404,"column":17}}]},"159":{"type":"branch","line":404,"loc":{"start":{"line":404,"column":7},"end":{"line":404,"column":38}},"locations":[{"start":{"line":404,"column":7},"end":{"line":404,"column":38}}]},"160":{"type":"branch","line":404,"loc":{"start":{"line":404,"column":38},"end":{"line":404,"column":60}},"locations":[{"start":{"line":404,"column":38},"end":{"line":404,"column":60}}]},"161":{"type":"branch","line":404,"loc":{"start":{"line":404,"column":47},"end":{"line":406,"column":1}},"locations":[{"start":{"line":404,"colu
[...]
lumn":1}},"locations":[{"start":{"line":541,"column":7},"end":{"line":553,"column":1}}]},"186":{"type":"branch","line":542,"loc":{"start":{"line":542,"column":55},"end":{"line":542,"column":66}},"locations":[{"start":{"line":542,"column":55},"end":{"line":542,"column":66}}]},"187":{"type":"branch","line":542,"loc":{"start":{"line":542,"column":62},"end":{"line":544,"column":50}},"locations":[{"start":{"line":542,"column":62},"end":{"line":544,"column":50}}]},"188":{"type":"branch","line":544,"loc":{"start":{"line":544,"column":50},"end":{"line":544,"column":62}},"locations":[{"start":{"line":544,"column":50},"end":{"line":544,"column":62}}]},"189":{"type":"branch","line":544,"loc":{"start":{"line":544,"column":57},"end":{"line":546,"column":33}},"locations":[{"start":{"line":544,"column":57},"end":{"line":546,"column":33}}]},"190":{"type":"branch","line":546,"loc":{"start":{"line":546,"column":21},"end":{"line":546,"column":69}},"locations":[{"start":{"line":546,"column":21},"end":{"line":546,"column":69}}]},"191":{"type":"branch","line":546,"loc":{"start":{"line":546,"column":69},"end":{"line":548,"column":3}},"locations":[{"start":{"line":546,"column":69},"end":{"line":548,"column":3}}]},"192":{"type":"branch","line":548,"loc":{"start":{"line":548,"column":2},"end":{"line":553,"column":1}},"locations":[{"start":{"line":548,"column":2},"end":{"line":553,"column":1}}]},"193":{"type":"branch","line":553,"loc":{"start":{"line":553,"column":0},"end":{"line":553,"column":1}},"locations":[{"start":{"line":553,"column":0},"end":{"line":553,"column":1}}]},"194":{"type":"branch","line":555,"loc":{"start":{"line":555,"column":0},"end":{"line":588,"column":1}},"locations":[{"start":{"line":555,"column":0},"end":{"line":588,"column":1}}]},"195":{"type":"branch","line":581,"loc":{"start":{"line":581,"column":23},"end":{"line":582,"column":27}},"locations":[{"start":{"line":581,"column":23},"end":{"line":582,"column":27}}]},"196":{"type":"branch","line":582,"loc":{"start":{"line":582,"column":23},"end":{"line":583,"column":32}},"locations":[{"start":{"line":582,"column":23},"end":{"line":583,"column":32}}]},"197":{"type":"branch","line":583,"loc":{"start":{"line":583,"column":28},"end":{"line":584,"column":32}},"locations":[{"start":{"line":583,"column":28},"end":{"line":584,"column":32}}]},"198":{"type":"branch","line":584,"loc":{"start":{"line":584,"column":28},"end":{"line":585,"column":27}},"locations":[{"start":{"line":584,"column":28},"end":{"line":585,"column":27}}]},"199":{"type":"branch","line":585,"loc":{"start":{"line":585,"column":23},"end":{"line":586,"column":30}},"locations":[{"start":{"line":585,"column":23},"end":{"line":586,"column":30}}]},"200":{"type":"branch","line":597,"loc":{"start":{"line":597,"column":7},"end":{"line":619,"column":1}},"locations":[{"start":{"line":597,"column":7},"end":{"line":619,"column":1}}]},"201":{"type":"branch","line":600,"loc":{"start":{"line":600,"column":31},"end":{"line":600,"column":51}},"locations":[{"start":{"line":600,"column":31},"end":{"line":600,"column":51}}]},"202":{"type":"branch","line":601,"loc":{"start":{"line":601,"column":29},"end":{"line":601,"column":58}},"locations":[{"start":{"line":601,"column":29},"end":{"line":601,"column":58}}]},"203":{"type":"branch","line":603,"loc":{"start":{"line":603,"column":28},"end":{"line":607,"column":3}},"locations":[{"start":{"line":603,"column":28},"end":{"line":607,"column":3}}]},"204":{"type":"branch","line":609,"loc":{"start":{"line":609,"column":12},"end":{"line":609,"column":65}},"locations":[{"start":{"line":609,"column":12},"end":{"line":609,"column":65}}]},"205":{"type":"branch","line":619,"loc":{"start":{"line":619,"column":0},"end":{"line":619,"column":1}},"locations":[{"start":{"line":619,"column":0},"end":{"line":619,"column":1}}]},"206":{"type":"branch","line":623,"loc":{"start":{"line":623,"column":7},"end":{"line":635,"column":1}},"locations":[{"start":{"line":623,"column":7},"end":{"line":635,"column":1}}]},"207":{"type":"branch","line":627,"loc":{"start":{"line":627,"column":32},"end":{"line":627,"column":81}},"locations":[{"start":{"line":627,"column":32},"end":{"line":627,"column":81}}]},"208":{"type":"branch","line":627,"loc":{"start":{"line":627,"column":80},"end":{"line":629,"column":46}},"locations":[{"start":{"line":627,"column":80},"end":{"line":629,"column":46}}]},"209":{"type":"branch","line":629,"loc":{"start":{"line":629,"column":39},"end":{"line":629,"column":70}},"locations":[{"start":{"line":629,"column":39},"end":{"line":629,"column":70}}]},"210":{"type":"branch","line":629,"loc":{"start":{"line":629,"column":69},"end":{"line":630,"column":47}},"locations":[{"start":{"line":629,"column":69},"end":{"line":630,"column":47}}]},"211":{"type":"branch","line":630,"loc":{"start":{"line":630,"column":40},"end":{"line":630,"column":72}},"locations":[{"start":{"line":630,"column":40},"end":{"line":630,"column":72}}]},"212":{"type":"branch","line":630,"loc":{"start":{"line":630,"column":71},"end":{"line":631,"column":42}},"locations":[{"start":{"line":630,"column":71},"end":{"line":631,"column":42}}]},"213":{"type":"branch","line":631,"loc":{"start":{"line":631,"column":35},"end":{"line":631,"column":65}},"locations":[{"start":{"line":631,"column":35},"end":{"line":631,"column":65}}]},"214":{"type":"branch","line":631,"loc":{"start":{"line":631,"column":57},"end":{"line":632,"column":33}},"locations":[{"start":{"line":631,"column":57},"end":{"line":632,"column":33}}]},"215":{"type":"branch","line":632,"loc":{"start":{"line":632,"column":26},"end":{"line":632,"column":45}},"locations":[{"start":{"line":632,"column":26},"end":{"line":632,"column":45}}]},"216":{"type":"branch","line":632,"loc":{"start":{"line":632,"column":41},"end":{"line":635,"column":1}},"locations":[{"start":{"line":632,"column":41},"end":{"line":635,"column":1}}]},"217":{"type":"branch","line":635,"loc":{"start":{"line":635,"column":0},"end":{"line":635,"column":1}},"locations":[{"start":{"line":635,"column":0},"end":{"line":635,"column":1}}]}},"b":{"0":[4],"1":[3],"2":[2],"3":[4],"4":[7],"5":[4],"6":[4],"7":[0],"8":[2],"9":[5],"10":[3],"11":[2],"12":[7],"13":[16],"14":[16],"15":[23],"16":[22],"17":[3],"18":[20],"19":[16],"20":[4],"21":[41],"22":[3],"23":[1],"24":[11],"25":[38],"26":[6],"27":[24],"28":[14],"29":[10],"30":[4],"31":[8],"32":[48],"33":[16],"34":[32],"35":[2],"36":[1],"37":[31],"38":[2],"39":[29],"40":[1],"41":[28],"42":[5],"43":[28],"44":[2],"45":[28],"46":[1],"47":[27],"48":[29],"49":[28],"50":[5],"51":[0],"52":[50],"53":[37],"54":[56],"55":[164],"56":[24],"57":[12],"58":[140],"59":[136],"60":[44],"61":[22],"62":[96],"63":[0],"64":[96],"65":[60],"66":[36],"67":[40],"68":[56],"69":[14],"70":[82],"71":[32],"72":[4],"73":[4],"74":[28],"75":[22],"76":[22],"77":[6],"78":[6],"79":[0],"80":[64],"81":[22],"82":[12],"83":[12],"84":[10],"85":[5],"86":[5],"87":[0],"88":[0],"89":[1],"90":[27],"91":[27],"92":[27],"93":[0],"94":[96],"95":[2],"96":[94],"97":[26],"98":[68],"99":[0],"100":[68],"101":[0],"102":[96],"103":[258],"104":[78],"105":[83],"106":[28],"107":[55],"108":[21],"109":[0],"110":[0],"111":[10],"112":[0],"113":[5],"114":[5],"115":[2],"116":[19],"117":[0],"118":[19],"119":[9],"120":[10],"121":[19],"122":[19],"123":[0],"124":[19],"125":[5],"126":[5],"127":[14],"128":[1],"129":[1],"130":[13],"131":[0],"132":[13],"133":[0],"134":[13],"135":[0],"136":[13],"137":[11],"138":[8],"139":[7],"140":[1],"141":[8],"142":[15],"143":[0],"144":[105],"145":[30],"146":[24],"147":[30],"148":[8],"149":[22],"150":[30],"151":[45],"152":[30],"153":[15],"154":[53],"155":[5],"156":[4],"157":[1],"158":[3],"159":[1],"160":[2],"161":[3],"162":[4],"163":[6],"164":[3],"165":[1],"166":[5],"167":[3],"168":[1],"169":[4],"170":[6],"171":[32],"172":[1],"173":[31],"174":[13],"175":[18],"176":[32],"177":[15],"178":[15],"179":[9],"180":[9],"181":[4],"182":[4],"183":[18],"184":[18],"185":[127],"186":[4],"187":[123],"188":[0],"189":[123],"190":[1],"191":[1],"192":[122],"193":[127],"194":[122],"195":[107],"196":[90],"197":[88],"198":[85],"199":[74],"200":[6],"201":[0],"202":[0],"203":[1],"204":[0],"205":[6],"206":[5],"207":[1],"208":[4],"209":[1],"210":[4],"211":[1],"212":[4],"213":[1],"214":[4],"215":[1],"216":[4],"217":[5]},"fnMap":{"0":{"name":"isFormControl","decl":{"start":{"line":9,"column":48},"end":{"line":15,"column":1}},"loc":{"start":{"line":9,"column":48},"end":{"line":15,"column":1}},"line":9},"1":{"name":"get","decl":{"start":{"line":15,"column":0},"end":{"line":15,"column":1}},"loc":{"start":{"line":15,"column":0},"end":{"line":15,"column":1}},"line":15},"2":{"name":"isType","decl":{"start":{"line":25,"column":7},"end":{"line":37,"column":1}},"loc":{"start":{"line":25,"column":7},"end":{"line":37,"column":1}},"line":25},"3":{"name":"get","decl":{"start":{"line":37,"column":0},"end":{"line":37,"column":1}},"loc":{"start":{"line":37,"column":0},"end":{"line":37,"column":1}},"line":37},"4":{"name":"momentToFPFormat","decl":{"start":{"line":43,"column":7},"end":{"line":69,"column":1}},"loc":{"start":{"line":43,"column":7},"end":{"line":69,"column":1}},"line":43},"5":{"name":"get","decl":{"start":{"line":69,"column":0},"end":{"line":69,"column":1}},"loc":{"start":{"line":69,"column":0},"end":{"line":69,"column":1}},"line":69},"6":{"name":"monthToNumber","decl":{"start":{"line":72,"column":7},"end":{"line":104,"column":1}},"loc":{"start":{"line":72,"column":7},"end":{"line":104,"column":1}},"line":72},"7":{"name":"get","decl":{"start":{"line":104,"column":0},"end":{"line":104,"column":1}},"loc":{"start":{"line":104,"column":0},"end":{"line":104,"column":1}},"line":104},"8":{"name":"yearToFull","decl":{"start":{"line":107,"column":7},"end":{"line":113,"column":1}},"loc":{"start":{"line":107,"column":7},"end":{"line":113,"column":1}},"line":107},"9":{"name":"get","decl":{"start":{"line":113,"column":0},"end":{"line":113,"column":1}},"loc":{"start":{"line":113,"column":0},"end":{"line":113,"column":1}},"line":113},"10":{"name":"parseDate","decl":{"start":{"line":116,"column":7},"end":{"line":167,"column":18}},"loc":{"start":{"line":116,"column":7},"end":{"line":167,"column":18}},"line":116},"11":{"name":"get","decl":{"start":{"line":167,"column":0},"end":{"line":167,"column":18}},"loc":{"start":{"line":167,"column":0},"end":{"line":167,"column":18}},"line":167},"12":{"name":"guessDateParts","decl":{"start":{"line":170,"column":0},"end":{"line":263,"column":1}},"loc":{"start":{"line":170,"column":0},"end":{"line":263,"column":1}},"line":170},"13":{"name":"guessDatePart","decl":{"start":{"line":174,"column":2},"end":{"line":184,"column":3}},"loc":{"start":{"line":174,"column":2},"end":{"line":184,"column":3}},"line":174},"14":{"name":"unknown","decl":{"start":{"line":178,"column":20},"end":{"line":178,"column":94}},"loc":{"start":{"line":178,"column":20},"end":{"line":178,"column":94}},"line":178},"15":{"name":"assignPart","decl":{"start":{"line":197,"column":2},"end":{"line":200,"column":3}},"loc":{"start":{"line":197,"column":2},"end":{"line":200,"column":3}},"line":197},"16":{"name":"parseTime","decl":{"start":{"line":266,"column":7},"end":{"line":315,"column":14}},"loc":{"start":{"line":266,"column":7},"end":{"line":315,"column":14}},"line":266},"17":{"name":"get","decl":{"start":{"line":315,"column":0},"end":{"line":315,"column":14}},"loc":{"start":{"line":315,"column":0},"end":{"line":315,"column":14}},"line":315},"18":{"name":"parseTimeToString","decl":{"start":{"line":317,"column":7},"end":{"line":330,"column":1}},"loc":{"start":{"line":317,"column":7},"end":{"line":330,"column":1}},"line":317},"19":{"name":"get","decl":{"start":{"line":330,"column":0},"end":{"line":330,"column":1}},"loc":{"start":{"line":330,"column":0},"end":{"line":330,"column":1}},"line":330},"20":{"name":"formatDateTime","decl":{"start":{"line":334,"column":7},"end":{"line":398,"column":23}},"loc":{"start":{"line":334,"column":7},"end":{"line":398,"column":23}},"line":334},"21":{"name":"pad","decl":{"start":{"line":352,"column":14},"end":{"line":352,"column":70}},"loc":{"start":{"line":352,"column":14},"end":{"line":352,"column":70}},"line":352},"22":{"name":"getH","decl":{"start":{"line":354,"column":15},"end":{"line":354,"column":35}},"loc":{"start":{"line":354,"column":15},"end":{"line":354,"column":35}},"line":354},"23":{"name":"getMeridiem","decl":{"start":{"line":356,"column":22},"end":{"line":356,"column":65}},"loc":{"start":{"line":356,"column":22},"end":{"line":356,"column":65}},"line":356},"24":{"name":"monthToString","decl":{"start":{"line":358,"column":24},"end":{"line":361,"column":12}},"loc":{"start":{"line":358,"column":24},"end":{"line":361,"column":12}},"line":358},"25":{"name":"dayToString","decl":{"start":{"line":363,"column":2},"end":{"line":366,"column":3}},"loc":{"start":{"line":363,"column":2},"end":{"line":366,"column":3}},"line":363},"26":{"name":"get","decl":{"start":{"line":398,"column":0},"end":{"line":398,"column":23}},"loc":{"start":{"line":398,"column":0},"end":{"line":398,"column":23}},"line":398},"27":{"name":"parseDateToString","decl":{"start":{"line":400,"column":7},"end":{"line":406,"column":1}},"loc":{"start":{"line":400,"column":7},"end":{"line":406,"column":1}},"line":400},"28":{"name":"get","decl":{"start":{"line":406,"column":0},"end":{"line":406,"column":1}},"loc":{"start":{"line":406,"column":0},"end":{"line":406,"column":1}},"line":406},"29":{"name":"isDate","decl":{"start":{"line":409,"column":7},"end":{"line":415,"column":1}},"loc":{"start":{"line":409,"column":7},"end":{"line":415,"column":1}},"line":409},"30":{"name":"get","decl":{"start":{"line":415,"column":0},"end":{"line":415,"column":1}},"loc":{"start":{"line":415,"column":0},"end":{"line":415,"column":1}},"line":415},"31":{"name":"isDateInRange","decl":{"start":{"line":418,"column":7},"end":{"line":425,"column":1}},"loc":{"start":{"line":418,"column":7},"end":{"line":425,"column":1}},"line":418},"32":{"name":"get","decl":{"start":{"line":425,"column":0},"end":{"line":425,"column":1}},"loc":{"start":{"line":425,"column":0},"end":{"line":425,"column":1}},"line":425},"33":{"name":"isTime","decl":{"start":{"line":427,"column":7},"end":{"line":433,"column":1}},"loc":{"start":{"line":427,"column":7},"end":{"line":433,"column":1}},"line":427},"34":{"name":"get","decl":{"start":{"line":433,"column":0},"end":{"line":433,"column":1}},"loc":{"start":{"line":433,"column":0},"end":{"line":433,"column":1}},"line":433},"35":{"name":"isEmail","decl":{"start":{"line":436,"column":7},"end":{"line":472,"column":1}},"loc":{"start":{"line":436,"column":7},"end":{"line":472,"column":1}},"line":436},"36":{"name":"get","decl":{"start":{"line":472,"column":0},"end":{"line":472,"column":1}},"loc":{"start":{"line":472,"column":0},"end":{"line":472,"column":1}},"line":472},"37":{"name":"parseNANPTel","decl":{"start":{"line":475,"column":7},"end":{"line":482,"column":1}},"loc":{"start":{"line":475,"column":7},"end":{"line":482,"column":1}},"line":475},"38":{"name":"get","decl":{"start":{"line":482,"column":0},"end":{"line":482,"column":1}},"loc":{"start":{"line":482,"column":0},"end":{"line":482,"column":1}},"line":482},"39":{"name":"isNANPTel","decl":{"start":{"line":485,"column":7},"end":{"line":487,"column":1}},"loc":{"start":{"line":485,"column":7},"end":{"line":487,"column":1}},"line":485},"40":{"name":"get","decl":{"start":{"line":487,"column":0},"end":{"line":487,"column":1}},"loc":{"start":{"line":487,"column":0},"end":{"line":487,"column":1}},"line":487},"41":{"name":"parseInteger","decl":{"start":{"line":489,"column":7},"end":{"line":491,"column":1}},"loc":{"start":{"line":489,"column":7},"end":{"line":491,"column":1}},"line":489},"42":{"name":"get","decl":{"start":{"line":491,"column":0},"end":{"line":491,"column":1}},"loc":{"start":{"line":491,"column":0},"end":{"line":491,"column":1}},"line":491},"43":{"name":"isNumber","decl":{"start":{"line":493,"column":7},"end":{"line":495,"column":1}},"loc":{"start":{"line":493,"column":7},"end":{"line":495,"column":1}},"line":493},"44":{"name":"get","decl":{"start":{"line":495,"column":0},"end":{"line":495,"column":1}},"loc":{"start":{"line":495,"column":0},"end":{"line":495,"column":1}},"line":495},"45":{"name":"parseNumber","decl":{"start":{"line":497,"column":7},"end":{"line":502,"column":1}},"loc":{"start":{"line":497,"column":7},"end":{"line":502,"column":1}},"line":497},"46":{"name":"get","decl":{"start":{"line":502,"column":0},"end":{"line":502,"column":1}},"loc":{"start":{"line":502,"column":0},"end":{"line":502,"column":1}},"line":502},"47":{"name":"isInteger","decl":{"start":{"line":504,"column":7},"end":{"line":506,"column":1}},"loc":{"start":{"line":504,"column":7},"end":{"line":506,"column":1}},"line":504},"48":{"name":"get","decl":{"start":{"line":506,"column":0},"end":{"line":506,"column":1}},"loc":{"start":{"line":506,"column":0},"end":{"line":506,"column":1}},"line":506},"49":{"name":"parseUrl","decl":{"start":{"line":509,"column":7},"end":{"line":514,"column":1}},"loc":{"start":{"line":509,"column":7},"end":{"line":514,"column":1}},"line":509},"50":{"name":"get","decl":{"start":{"line":514,"column":0},"end":{"line":514,"column":1}},"loc":{"start":{"line":514,"column":0},"end":{"line":514,"column":1}},"line":514},"51":{"name":"isUrl","decl":{"start":{"line":518,"column":7},"end":{"line":521,"column":1}},"loc":{"start":{"line":518,"column":7},"end":{"line":521,"column":1}},"line":518},"52":{"name":"get","decl":{"start":{"line":521,"column":0},"end":{"line":521,"column":1}},"loc":{"start":{"line":521,"column":0},"end":{"line":521,"column":1}},"line":521},"53":{"name":"parsePostal","decl":{"start":{"line":523,"column":7},"end":{"line":530,"column":1}},"loc":{"start":{"line":523,"column":7},"end":{"line":530,"column":1}},"line":523},"54":{"name":"get","decl":{"start":{"line":530,"column":0},"end":{"line":530,"column":1}},"loc":{"start":{"line":530,"column":0},"end":{"line":530,"column":1}},"line":530},"55":{"name":"isPostal","decl":{"start":{"line":532,"column":7},"end":{"line":537,"column":1}},"loc":{"start":{"line":532,"column":7},"end":{"line":537,"column":1}},"line":532},"56":{"name":"get","decl":{"start":{"line":537,"column":0},"end":{"line":537,"column":1}},"loc":{"start":{"line":537,"column":0},"end":{"line":537,"column":1}},"line":537},"57":{"name":"isColor","decl":{"start":{"line":541,"column":7},"end":{"line":553,"column":1}},"loc":{"start":{"line":541,"column":7},"end":{"line":553,"column":1}},"line":541},"58":{"name":"get","decl":{"start":{"line":553,"column":0},"end":{"line":553,"column":1}},"loc":{"start":{"line":553,"column":0},"end":{"line":553,"column":1}},"line":553},"59":{"name":"isColorRegex","decl":{"start":{"line":555,"column":0},"end":{"line":588,"column":1}},"loc":{"start":{"line":555,"column":0},"end":{"line":588,"column":1}},"line":555},"60":{"name":"parseColor","decl":{"start":{"line":597,"column":7},"end":{"line":619,"column":1}},"loc":{"start":{"line":597,"column":7},"end":{"line":619,"column":1}},"line":597},"61":{"name":"get","decl":{"start":{"line":619,"column":0},"end":{"line":619,"column":1}},"loc":{"start":{"line":619,"column":0},"end":{"line":619,"column":1}},"line":619},"62":{"name":"normalizeValidationResult","decl":{"start":{"line":623,"column":7},"end":{"line":635,"column":1}},"loc":{"start":{"line":623,"column":7},"end":{"line":635,"column":1}},"line":623},"63":{"name":"get","decl":{"start":{"line":635,"column":0},"end":{"line":635,"column":1}},"loc":{"start":{"line":635,"column":0},"end":{"line":635,"column":1}},"line":635}},"f":{"0":4,"1":4,"2":7,"3":7,"4":16,"5":16,"6":23,"7":11,"8":38,"9":8,"10":48,"11":29,"12":28,"13":96,"14":96,"15":83,"16":21,"17":11,"18":8,"19":8,"20":15,"21":105,"22":30,"23":30,"24":30,"25":45,"26":5,"27":4,"28":4,"29":0,"30":0,"31":6,"32":6,"33":0,"34":0,"35":32,"36":32,"37":15,"38":15,"39":9,"40":9,"41":0,"42":0,"43":0,"44":0,"45":0,"46":0,"47":0,"48":0,"49":0,"50":0,"51":0,"52":0,"53":4,"54":4,"55":18,"56":18,"57":127,"58":127,"59":122,"60":6,"61":6,"62":5,"63":5}}
}
