{"/Users/jd/code/validator/src/Validator.ts": {"path":"/Users/jd/code/validator/src/Validator.ts","all":false,"statementMap":{"0":{"start":{"line":1,"column":0},"end":{"line":1,"column":3}},"1":{"start":{"line":2,"column":0},"end":{"line":2,"column":44}},"2":{"start":{"line":3,"column":0},"end":{"line":3,"column":17}},"3":{"start":{"line":4,"column":0},"end":{"line":4,"column":2}},"4":{"start":{"line":5,"column":0},"end":{"line":5,"column":10}},"5":{"start":{"line":6,"column":0},"end":{"line":6,"column":3}},"6":{"start":{"line":7,"column":0},"end":{"line":7,"column":0}},"7":{"start":{"line":8,"column":0},"end":{"line":8,"column":41}},"8":{"start":{"line":9,"column":0},"end":{"line":9,"column":42}},"9":{"start":{"line":10,"column":0},"end":{"line":10,"column":70}},"10":{"start":{"line":11,"column":0},"end":{"line":11,"column":0}},"11":{"start":{"line":12,"column":0},"end":{"line":12,"column":51}},"12":{"start":{"line":13,"column":0},"end":{"line":13,"column":20}},"13":{"start":{"line":14,"column":0},"end":{"line":14,"column":35}},"14":{"start":{"line":15,"column":0},"end":{"line":15,"column":52}},"15":{"start":{"line":16,"column":0},"end":{"line":16,"column":34}},"16":{"start":{"line":17,"column":0},"end":{"line":17,"column":3}},"17":{"start":{"line":18,"column":0},"end":{"line":18,"column":1}},"18":{"start":{"line":19,"column":0},"end":{"line":19,"column":0}},"19":{"start":{"line":20,"column":0},"end":{"line":20,"column":49}},"20":{"start":{"line":21,"column":0},"end":{"line":21,"column":20}},"21":{"start":{"line":22,"column":0},"end":{"line":22,"column":35}},"22":{"start":{"line":23,"column":0},"end":{"line":23,"column":50}},"23":{"start":{"line":24,"column":0},"end":{"line":24,"column":34}},"24":{"start":{"line":25,"column":0},"end":{"line":25,"column":3}},"25":{"start":{"line":26,"column":0},"end":{"line":26,"column":1}},"26":{"start":{"line":27,"column":0},"end":{"line":27,"column":0}},"27":{"start":{"line":28,"column":0},"end":{"line":28,"column":32}},"28":{"start":{"line":29,"column":0},"end":{"line":29,"column":23}},"29":{"start":{"line":30,"column":0},"end":{"line":30,"column":28}},"30":{"start":{"line":31,"column":0},"end":{"line":31,"column":61}},"31":{"start":{"line":32,"column":0},"end":{"line":32,"column":47}},"32":{"start":{"line":33,"column":0},"end":{"line":33,"column":0}},"33":{"start":{"line":34,"column":0},"end":{"line":34,"column":28}},"34":{"start":{"line":35,"column":0},"end":{"line":35,"column":14}},"35":{"start":{"line":36,"column":0},"end":{"line":36,"column":59}},"36":{"start":{"line":37,"column":0},"end":{"line":37,"column":42}},"37":{"start":{"line":38,"column":0},"end":{"line":38,"column":46}},"38":{"start":{"line":39,"column":0},"end":{"line":39,"column":51}},"39":{"start":{"line":40,"column":0},"end":{"line":40,"column":46}},"40":{"start":{"line":41,"column":0},"end":{"line":41,"column":65}},"41":{"start":{"line":42,"column":0},"end":{"line":42,"column":64}},"42":{"start":{"line":43,"column":0},"end":{"line":43,"column":43}},"43":{"start":{"line":44,"column":0},"end":{"line":44,"column":50}},"44":{"start":{"line":45,"column":0},"end":{"line":45,"column":55}},"45":{"start":{"line":46,"column":0},"end":{"line":46,"column":54}},"46":{"start":{"line":47,"column":0},"end":{"line":47,"column":53}},"47":{"start":{"line":48,"column":0},"end":{"line":48,"column":44}},"48":{"start":{"line":49,"column":0},"end":{"line":49,"column":53}},"49":{"start":{"line":50,"column":0},"end":{"line":50,"column":57}},"50":{"start":{"line":51,"column":0},"end":{"line":51,"column":63}},"51":{"start":{"line":52,"column":0},"end":{"line":52,"column":44}},"52":{"start":{"line":53,"column":0},"end":{"line":53,"column":63}},"53":{"start":{"line":54,"column":0},"end":{"line":54,"column":42}},"54":{"start":{"line":55,"column":0},"end":{"line":55,"column":51}},"55":{"start":{"line":56,"column":0},"end":{"line":56,"column":74}},"56":{"start":{"line":57,"column":0},"end":{"line":57,"column":3}},"57":{"start":{"line":58,"column":0},"end":{"line":58,"column":39}},"58":{"start":{"line":59,"column":0},"end":{"line":59,"column":16}},"59":{"start":{"line":60,"column":0},"end":{"line":60,"column":72}},"60":{"start":{"line":61,"column":0},"end":{"line":61,"column":19}},"61":{"start":{"line":62,"column":0},"end":{"line":62,"column":76}},"62":{"start":{"line":63,"column":0},"end":{"line":63,"column":32}},"63":{"start":{"line":64,"column":0},"end":{"line":64,"column":52}},"64":{"start":{"line":65,"column":0},"end":{"line":65,"column":23}},"65":{"start":{"line":66,"column":0},"end":{"line":66,"column":0}},"66":{"start":{"line":67,"column":0},"end":{"line":67,"column":65}},"67":{"start":{"line":68,"column":0},"end":{"line":68,"column":26}},"68":{"start":{"line":69,"column":0},"end":{"line":69,"column":56}},"69":{"start":{"line":70,"column":0},"end":{"line":70,"column":27}},"70":{"start":{"line":71,"column":0},"end":{"line":71,"column":69}},"71":{"start":{"line":72,"column":0},"end":{"line":72,"column":37}},"72":{"start":{"line":73,"column":0},"end":{"line":73,"column":0}},"73":{"start":{"line":74,"column":0},"end":{"line":74,"column":57}},"74":{"start":{"line":75,"column":0},"end":{"line":75,"column":45}},"75":{"start":{"line":76,"column":0},"end":{"line":76,"column":0}},"76":{"start":{"line":77,"column":0},"end":{"line":77,"column":59}},"77":{"start":{"line":78,"column":0},"end":{"line":78,"column":57}},"78":{"start":{"line":79,"column":0},"end":{"line":79,"column":0}},"79":{"start":{"line":80,"column":0},"end":{"line":80,"column":43}},"80":{"start":{"line":81,"column":0},"end":{"line":81,"column":70}},"81":{"start":{"line":82,"column":0},"end":{"line":82,"column":95}},"82":{"start":{"line":83,"column":0},"end":{"line":83,"column":45}},"83":{"start":{"line":84,"column":0},"end":{"line":84,"column":77}},"84":{"start":{"line":85,"column":0},"end":{"line":85,"column":5}},"85":{"start":{"line":86,"column":0},"end":{"line":86,"column":0}},"86":{"start":{"line":87,"column":0},"end":{"line":87,"column":20}},"87":{"start":{"line":88,"column":0},"end":{"line":88,"column":0}},"88":{"start":{"line":89,"column":0},"end":{"line":89,"column":81}},"89":{"start":{"line":90,"column":0},"end":{"line":90,"column":54}},"90":{"start":{"line":91,"column":0},"end":{"line":91,"column":98}},"91":{"start":{"line":92,"column":0},"end":{"line":92,"column":0}},"92":{"start":{"line":93,"column":0},"end":{"line":93,"column":34}},"93":{"start":{"line":94,"column":0},"end":{"line":94,"column":56}},"94":{"start":{"line":95,"column":0},"end":{"line":95,"column":39}},"95":{"start":{"line":96,"column":0},"end":{"line":96,"column":61}},"96":{"start":{"line":97,"column":0},"end":{"line":97,"column":85}},"97":{"start":{"line":98,"column":0},"end":{"line":98,"column":68}},"98":{"start":{"line":99,"column":0},"end":{"line":99,"column":27}},"99":{"start":{"line":100,"column":0},"end":{"line":100,"column":33}},"100":{"start":{"line":101,"column":0},"end":{"line":101,"column":79}},"101":{"start":{"line":102,"column":0},"end":{"line":102,"column":0}},"102":{"start":{"line":103,"column":0},"end":{"line":103,"column":94}},"103":{"start":{"line":104,"column":0},"end":{"line":104,"column":84}},"104":{"start":{"line":105,"column":0},"end":{"line":105,"column":80}},"105":{"start":{"line":106,"column":0},"end":{"line":106,"column":0}},"106":{"start":{"line":107,"column":0},"end":{"line":107,"column":34}},"107":{"start":{"line":108,"column":0},"end":{"line":108,"column":0}},"108":{"start":{"line":109,"column":0},"end":{"line":109,"column":54}},"109":{"start":{"line":110,"column":0},"end":{"line":110,"column":95}},"110":{"start":{"line":111,"column":0},"end":{"line":111,"column":3}},"111":{"start":{"line":112,"column":0},"end":{"line":112,"column":0}},"112":{"start":{"line":113,"column":0},"end":{"line":113,"column":29}},"113":{"start":{"line":114,"column":0},"end":{"line":114,"column":58}},"114":{"start":{"line":115,"column":0},"end":{"line":115,"column":66}},"115":{"start":{"line":116,"column":0},"end":{"line":116,"column":68}},"116":{"start":{"line":117,"column":0},"end":{"line":117,"column":70}},"117":{"start":{"line":118,"column":0},"end":{"line":118,"column":0}},"118":{"start":{"line":119,"column":0},"end":{"line":119,"column":36}},"119":{"start":{"line":120,"column":0},"end":{"line":120,"column":63}},"120":{"start":{"line":121,"column":0},"end":{"line":121,"column":66}},"121":{"start":{"line":122,"column":0},"end":{"line":122,"column":68}},"122":{"start":{"line":123,"column":0},"end":{"line":123,"column":70}},"123":{"start":{"line":124,"column":0},"end":{"line":124,"column":42}},"124":{"start":{"line":125,"column":0},"end":{"line":125,"column":70}},"125":{"start":{"line":126,"column":0},"end":{"line":126,"column":3}},"126":{"start":{"line":127,"column":0},"end":{"line":127,"column":0}},"127":{"start":{"line":128,"column":0},"end":{"line":128,"column":39}},"128":{"start":{"line":129,"column":0},"end":{"line":129,"column":66}},"129":{"start":{"line":130,"column":0},"end":{"line":130,"column":69}},"130":{"start":{"line":131,"column":0},"end":{"line":131,"column":71}},"131":{"start":{"line":132,"column":0},"end":{"line":132,"column":73}},"132":{"start":{"line":133,"column":0},"end":{"line":133,"column":57}},"133":{"start":{"line":134,"column":0},"end":{"line":134,"column":3}},"134":{"start":{"line":135,"column":0},"end":{"line":135,"column":0}},"135":{"start":{"line":136,"column":0},"end":{"line":136,"column":63}},"136":{"start":{"line":137,"column":0},"end":{"line":137,"column":16}},"137":{"start":{"line":138,"column":0},"end":{"line":138,"column":65}},"138":{"start":{"line":139,"column":0},"end":{"line":139,"column":74}},"139":{"start":{"line":140,"column":0},"end":{"line":140,"column":36}},"140":{"start":{"line":141,"column":0},"end":{"line":141,"column":96}},"141":{"start":{"line":142,"column":0},"end":{"line":142,"column":51}},"142":{"start":{"line":143,"column":0},"end":{"line":143,"column":6}},"143":{"start":{"line":144,"column":0},"end":{"line":144,"column":0}},"144":{"start":{"line":145,"column":0},"end":{"line":145,"column":62}},"145":{"start":{"line":146,"column":0},"end":{"line":146,"column":66}},"146":{"start":{"line":147,"column":0},"end":{"line":147,"column":0}},"147":{"start":{"line":148,"column":0},"end":{"line":148,"column":48}},"148":{"start":{"line":149,"column":0},"end":{"line":149,"column":54}},"149":{"start":{"line":150,"column":0},"end":{"line":150,"column":0}},"150":{"start":{"line":151,"column":0},"end":{"line":151,"column":31}},"151":{"start":{"line":152,"column":0},"end":{"line":152,"column":28}},"152":{"start":{"line":153,"column":0},"end":{"line":153,"column":17}},"153":{"start":{"line":154,"column":0},"end":{"line":154,"column":0}},"154":{"start":{"line":155,"column":0},"end":{"line":155,"column":62}},"155":{"start":{"line":156,"column":0},"end":{"line":156,"column":66}},"156":{"start":{"line":157,"column":0},"end":{"line":157,"column":31}},"157":{"start":{"line":158,"column":0},"end":{"line":158,"column":0}},"158":{"start":{"line":159,"column":0},"end":{"line":159,"column":63}},"159":{"start":{"line":160,"column":0},"end":{"line":160,"column":3}},"160":{"start":{"line":161,"column":0},"end":{"line":161,"column":0}},"161":{"start":{"line":162,"column":0},"end":{"line":162,"column":48}},"162":{"start":{"line":163,"column":0},"end":{"line":163,"column":49}},"163":{"start":{"line":164,"column":0},"end":{"line":164,"column":34}},"164":{"start":{"line":165,"column":0},"end":{"line":165,"column":61}},"165":{"start":{"line":166,"column":0},"end":{"line":166,"column":38}},"166":{"start":{"line":167,"column":0},"end":{"line":167,"column":6}},"167":{"start":{"line":168,"column":0},"end":{"line":168,"column":0}},"168":{"start":{"line":169,"column":0},"end":{"line":169,"column":44}},"169":{"start":{"line":170,"column":0},"end":{"line":170,"column":53}},"170":{"start":{"line":171,"column":0},"end":{"line":171,"column":54}},"171":{"start":{"line":172,"column":0},"end":{"line":172,"column":34}},"172":{"start":{"line":173,"column":0},"end":{"line":173,"column":3}},"173":{"start":{"line":174,"column":0},"end":{"line":174,"column":0}},"174":{"start":{"line":175,"column":0},"end":{"line":175,"column":82}},"175":{"start":{"line":176,"column":0},"end":{"line":176,"column":24}},"176":{"start":{"line":177,"column":0},"end":{"line":177,"column":20}},"177":{"start":{"line":178,"column":0},"end":{"line":178,"column":68}},"178":{"start":{"line":179,"column":0},"end":{"line":179,"column":11}},"179":{"start":{"line":180,"column":0},"end":{"line":180,"column":33}},"180":{"start":{"line":181,"column":0},"end":{"line":181,"column":0}},"181":{"start":{"line":182,"column":0},"end":{"line":182,"column":77}},"182":{"start":{"line":183,"column":0},"end":{"line":183,"column":0}},"183":{"start":{"line":184,"column":0},"end":{"line":184,"column":73}},"184":{"start":{"line":185,"column":0},"end":{"line":185,"column":0}},"185":{"start":{"line":186,"column":0},"end":{"line":186,"column":64}},"186":{"start":{"line":187,"column":0},"end":{"line":187,"column":64}},"187":{"start":{"line":188,"column":0},"end":{"line":188,"column":55}},"188":{"start":{"line":189,"column":0},"end":{"line":189,"column":87}},"189":{"start":{"line":190,"column":0},"end":{"line":190,"column":3}},"190":{"start":{"line":191,"column":0},"end":{"line":191,"column":0}},"191":{"start":{"line":192,"column":0},"end":{"line":192,"column":84}},"192":{"start":{"line":193,"column":0},"end":{"line":193,"column":92}},"193":{"start":{"line":194,"column":0},"end":{"line":194,"column":50}},"194":{"start":{"line":195,"column":0},"end":{"line":195,"column":43}},"195":{"start":{"line":196,"column":0},"end":{"line":196,"column":0}},"196":{"start":{"line":197,"column":0},"end":{"line":197,"column":48}},"197":{"start":{"line":198,"column":0},"end":{"line":198,"column":33}},"198":{"start":{"line":199,"column":0},"end":{"line":199,"column":73}},"199":{"start":{"line":200,"column":0},"end":{"line":200,"column":48}},"200":{"start":{"line":201,"column":0},"end":{"line":201,"column":30}},"201":{"start":{"line":202,"column":0},"end":{"line":202,"column":0}},"202":{"start":{"line":203,"column":0},"end":{"line":203,"column":43}},"203":{"start":{"line":204,"column":0},"end":{"line":204,"column":0}},"204":{"start":{"line":205,"column":0},"end":{"line":205,"column":67}},"205":{"start":{"line":206,"column":0},"end":{"line":206,"column":62}},"206":{"start":{"line":207,"column":0},"end":{"line":207,"column":33}},"207":{"start":{"line":208,"column":0},"end":{"line":208,"column":6}},"208":{"start":{"line":209,"column":0},"end":{"line":209,"column":0}},"209":{"start":{"line":210,"column":0},"end":{"line":210,"column":62}},"210":{"start":{"line":211,"column":0},"end":{"line":211,"column":37}},"211":{"start":{"line":212,"column":0},"end":{"line":212,"column":24}},"212":{"start":{"line":213,"column":0},"end":{"line":213,"column":0}},"213":{"start":{"line":214,"column":0},"end":{"line":214,"column":43}},"214":{"start":{"line":215,"column":0},"end":{"line":215,"column":0}},"215":{"start":{"line":216,"column":0},"end":{"line":216,"column":58}},"216":{"start":{"line":217,"column":0},"end":{"line":217,"column":54}},"217":{"start":{"line":218,"column":0},"end":{"line":218,"column":6}},"218":{"start":{"line":219,"column":0},"end":{"line":219,"column":3}},"219":{"start":{"line":220,"column":0},"end":{"line":220,"column":0}},"220":{"start":{"line":221,"column":0},"end":{"line":221,"column":90}},"221":{"start":{"line":222,"column":0},"end":{"line":222,"column":69}},"222":{"start":{"line":223,"column":0},"end":{"line":223,"column":34}},"223":{"start":{"line":224,"column":0},"end":{"line":224,"column":38}},"224":{"start":{"line":225,"column":0},"end":{"line":225,"column":57}},"225":{"start":{"line":226,"column":0},"end":{"line":226,"column":0}},"226":{"start":{"line":227,"column":0},"end":{"line":227,"column":79}},"227":{"start":{"line":228,"column":0},"end":{"line":228,"column":79}},"228":{"start":{"line":229,"column":0},"end":{"line":229,"column":85}},"229":{"start":{"line":230,"column":0},"end":{"line":230,"column":87}},"230":{"start":{"line":231,"column":0},"end":{"line":231,"column":72}},"231":{"start":{"line":232,"column":0},"end":{"line":232,"column":31}},"232":{"start":{"line":233,"column":0},"end":{"line":233,"column":37}},"233":{"start":{"line":234,"column":0},"end":{"line":234,"column":62}},"234":{"start":{"line":235,"column":0},"end":{"line":235,"column":68}},"235":{"start":{"line":236,"column":0},"end":{"line":236,"column":64}},"236":{"start":{"line":237,"column":0},"end":{"line":237,"column":42}},"237":{"start":{"line":238,"column":0},"end":{"line":238,"column":12}},"238":{"start":{"line":239,"column":0},"end":{"line":239,"column":10}},"239":{"start":{"line":240,"column":0},"end":{"line":240,"column":32}},"240":{"start":{"line":241,"column":0},"end":{"line":241,"column":5}},"241":{"start":{"line":242,"column":0},"end":{"line":242,"column":3}},"242":{"start":{"line":243,"column":0},"end":{"line":243,"column":0}},"243":{"start":{"line":244,"column":0},"end":{"line":244,"column":90}},"244":{"start":{"line":245,"column":0},"end":{"line":245,"column":51}},"245":{"start":{"line":246,"column":0},"end":{"line":246,"column":43}},"246":{"start":{"line":247,"column":0},"end":{"line":247,"column":0}},"247":{"start":{"line":248,"column":0},"end":{"line":248,"column":55}},"248":{"start":{"line":249,"column":0},"end":{"line":249,"column":38}},"249":{"start":{"line":250,"column":0},"end":{"line":250,"column":0}},"250":{"start":{"line":251,"column":0},"end":{"line":251,"column":37}},"251":{"start":{"line":252,"column":0},"end":{"line":252,"column":24}},"252":{"start":{"line":253,"column":0},"end":{"line":253,"column":0}},"253":{"start":{"line":254,"column":0},"end":{"line":254,"column":29}},"254":{"start":{"line":255,"column":0},"end":{"line":255,"column":62}},"255":{"start":{"line":256,"column":0},"end":{"line":256,"column":36}},"256":{"start":{"line":257,"column":0},"end":{"line":257,"column":6}},"257":{"start":{"line":258,"column":0},"end":{"line":258,"column":0}},"258":{"start":{"line":259,"column":0},"end":{"line":259,"column":29}},"259":{"start":{"line":260,"column":0},"end":{"line":260,"column":58}},"260":{"start":{"line":261,"column":0},"end":{"line":261,"column":51}},"261":{"start":{"line":262,"column":0},"end":{"line":262,"column":6}},"262":{"start":{"line":263,"column":0},"end":{"line":263,"column":0}},"263":{"start":{"line":264,"column":0},"end":{"line":264,"column":30}},"264":{"start":{"line":265,"column":0},"end":{"line":265,"column":94}},"265":{"start":{"line":266,"column":0},"end":{"line":266,"column":28}},"266":{"start":{"line":267,"column":0},"end":{"line":267,"column":3}},"267":{"start":{"line":268,"column":0},"end":{"line":268,"column":0}},"268":{"start":{"line":269,"column":0},"end":{"line":269,"column":35}},"269":{"start":{"line":270,"column":0},"end":{"line":270,"column":46}},"270":{"start":{"line":271,"column":0},"end":{"line":271,"column":68}},"271":{"start":{"line":272,"column":0},"end":{"line":272,"column":60}},"272":{"start":{"line":273,"column":0},"end":{"line":273,"column":35}},"273":{"start":{"line":274,"column":0},"end":{"line":274,"column":8}},"274":{"start":{"line":275,"column":0},"end":{"line":275,"column":6}},"275":{"start":{"line":276,"column":0},"end":{"line":276,"column":0}},"276":{"start":{"line":277,"column":0},"end":{"line":277,"column":32}},"277":{"start":{"line":278,"column":0},"end":{"line":278,"column":58}},"278":{"start":{"line":279,"column":0},"end":{"line":279,"column":3}},"279":{"start":{"line":280,"column":0},"end":{"line":280,"column":0}},"280":{"start":{"line":281,"column":0},"end":{"line":281,"column":63}},"281":{"start":{"line":282,"column":0},"end":{"line":282,"column":55}},"282":{"start":{"line":283,"column":0},"end":{"line":283,"column":54}},"283":{"start":{"line":284,"column":0},"end":{"line":284,"column":20}},"284":{"start":{"line":285,"column":0},"end":{"line":285,"column":8}},"285":{"start":{"line":286,"column":0},"end":{"line":286,"column":20}},"286":{"start":{"line":287,"column":0},"end":{"line":287,"column":25}},"287":{"start":{"line":288,"column":0},"end":{"line":288,"column":99}},"288":{"start":{"line":289,"column":0},"end":{"line":289,"column":7}},"289":{"start":{"line":290,"column":0},"end":{"line":290,"column":98}},"290":{"start":{"line":291,"column":0},"end":{"line":291,"column":68}},"291":{"start":{"line":292,"column":0},"end":{"line":292,"column":80}},"292":{"start":{"line":293,"column":0},"end":{"line":293,"column":59}},"293":{"start":{"line":294,"column":0},"end":{"line":294,"column":86}},"294":{"start":{"line":295,"column":0},"end":{"line":295,"column":32}},"295":{"start":{"line":296,"column":0},"end":{"line":296,"column":31}},"296":{"start":{"line":297,"column":0},"end":{"line":297,"column":84}},"297":{"start":{"line":298,"column":0},"end":{"line":298,"column":40}},"298":{"start":{"line":299,"column":0},"end":{"line":299,"column":76}},"299":{"start":{"line":300,"column":0},"end":{"line":300,"column":31}},"300":{"start":{"line":301,"column":0},"end":{"line":301,"column":18}},"301":{"start":{"line":302,"column":0},"end":{"line":302,"column":11}},"302":{"start":{"line":303,"column":0},"end":{"line":303,"column":10}},"303":{"start":{"line":304,"column":0},"end":{"line":304,"column":0}},"304":{"start":{"line":305,"column":0},"end":{"line":305,"column":37}},"305":{"start":{"line":306,"column":0},"end":{"line":306,"column":23}},"306":{"start":{"line":307,"column":0},"end":{"line":307,"column":0}},"307":{"start":{"line":308,"column":0},"end":{"line":308,"column":23}},"308":{"start":{"line":309,"column":0},"end":{"line":309,"column":99}},"309":{"start":{"line":310,"column":0},"end":{"line":310,"column":0}},"310":{"start":{"line":311,"column":0},"end":{"line":311,"column":85}},"311":{"start":{"line":312,"column":0},"end":{"line":312,"column":72}},"312":{"start":{"line":313,"column":0},"end":{"line":313,"column":41}},"313":{"start":{"line":314,"column":0},"end":{"line":314,"column":9}},"314":{"start":{"line":315,"column":0},"end":{"line":315,"column":43}},"315":{"start":{"line":316,"column":0},"end":{"line":316,"column":21}},"316":{"start":{"line":317,"column":0},"end":{"line":317,"column":87}},"317":{"start":{"line":318,"column":0},"end":{"line":318,"column":7}},"318":{"start":{"line":319,"column":0},"end":{"line":319,"column":5}},"319":{"start":{"line":320,"column":0},"end":{"line":320,"column":16}},"320":{"start":{"line":321,"column":0},"end":{"line":321,"column":27}},"321":{"start":{"line":322,"column":0},"end":{"line":322,"column":0}},"322":{"start":{"line":323,"column":0},"end":{"line":323,"column":35}},"323":{"start":{"line":324,"column":0},"end":{"line":324,"column":52}},"324":{"start":{"line":325,"column":0},"end":{"line":325,"column":20}},"325":{"start":{"line":326,"column":0},"end":{"line":326,"column":0}},"326":{"start":{"line":327,"column":0},"end":{"line":327,"column":99}},"327":{"start":{"line":328,"column":0},"end":{"line":328,"column":24}},"328":{"start":{"line":329,"column":0},"end":{"line":329,"column":53}},"329":{"start":{"line":330,"column":0},"end":{"line":330,"column":79}},"330":{"start":{"line":331,"column":0},"end":{"line":331,"column":0}},"331":{"start":{"line":332,"column":0},"end":{"line":332,"column":24}},"332":{"start":{"line":333,"column":0},"end":{"line":333,"column":79}},"333":{"start":{"line":334,"column":0},"end":{"line":334,"column":86}},"334":{"start":{"line":335,"column":0},"end":{"line":335,"column":0}},"335":{"start":{"line":336,"column":0},"end":{"line":336,"column":57}},"336":{"start":{"line":337,"column":0},"end":{"line":337,"column":21}},"337":{"start":{"line":338,"column":0},"end":{"line":338,"column":27}},"338":{"start":{"line":339,"column":0},"end":{"line":339,"column":13}},"339":{"start":{"line":340,"column":0},"end":{"line":340,"column":79}},"340":{"start":{"line":341,"column":0},"end":{"line":341,"column":9}},"341":{"start":{"line":342,"column":0},"end":{"line":342,"column":7}},"342":{"start":{"line":343,"column":0},"end":{"line":343,"column":0}},"343":{"start":{"line":344,"column":0},"end":{"line":344,"column":40}},"344":{"start":{"line":345,"column":0},"end":{"line":345,"column":21}},"345":{"start":{"line":346,"column":0},"end":{"line":346,"column":27}},"346":{"start":{"line":347,"column":0},"end":{"line":347,"column":13}},"347":{"start":{"line":348,"column":0},"end":{"line":348,"column":79}},"348":{"start":{"line":349,"column":0},"end":{"line":349,"column":9}},"349":{"start":{"line":350,"column":0},"end":{"line":350,"column":7}},"350":{"start":{"line":351,"column":0},"end":{"line":351,"column":5}},"351":{"start":{"line":352,"column":0},"end":{"line":352,"column":0}},"352":{"start":{"line":353,"column":0},"end":{"line":353,"column":16}},"353":{"start":{"line":354,"column":0},"end":{"line":354,"column":3}},"354":{"start":{"line":355,"column":0},"end":{"line":355,"column":0}},"355":{"start":{"line":356,"column":0},"end":{"line":356,"column":69}},"356":{"start":{"line":357,"column":0},"end":{"line":357,"column":42}},"357":{"start":{"line":358,"column":0},"end":{"line":358,"column":13}},"358":{"start":{"line":359,"column":0},"end":{"line":359,"column":31}},"359":{"start":{"line":360,"column":0},"end":{"line":360,"column":30}},"360":{"start":{"line":361,"column":0},"end":{"line":361,"column":40}},"361":{"start":{"line":362,"column":0},"end":{"line":362,"column":6}},"362":{"start":{"line":363,"column":0},"end":{"line":363,"column":14}},"363":{"start":{"line":364,"column":0},"end":{"line":364,"column":32}},"364":{"start":{"line":365,"column":0},"end":{"line":365,"column":31}},"365":{"start":{"line":366,"column":0},"end":{"line":366,"column":41}},"366":{"start":{"line":367,"column":0},"end":{"line":367,"column":6}},"367":{"start":{"line":368,"column":0},"end":{"line":368,"column":10}},"368":{"start":{"line":369,"column":0},"end":{"line":369,"column":32}},"369":{"start":{"line":370,"column":0},"end":{"line":370,"column":31}},"370":{"start":{"line":371,"column":0},"end":{"line":371,"column":37}},"371":{"start":{"line":372,"column":0},"end":{"line":372,"column":6}},"372":{"start":{"line":373,"column":0},"end":{"line":373,"column":12}},"373":{"start":{"line":374,"column":0},"end":{"line":374,"column":45}},"374":{"start":{"line":375,"column":0},"end":{"line":375,"column":29}},"375":{"start":{"line":376,"column":0},"end":{"line":376,"column":39}},"376":{"start":{"line":377,"column":0},"end":{"line":377,"column":6}},"377":{"start":{"line":378,"column":0},"end":{"line":378,"column":13}},"378":{"start":{"line":379,"column":0},"end":{"line":379,"column":31}},"379":{"start":{"line":380,"column":0},"end":{"line":380,"column":30}},"380":{"start":{"line":381,"column":0},"end":{"line":381,"column":40}},"381":{"start":{"line":382,"column":0},"end":{"line":382,"column":6}},"382":{"start":{"line":383,"column":0},"end":{"line":383,"column":10}},"383":{"start":{"line":384,"column":0},"end":{"line":384,"column":28}},"384":{"start":{"line":385,"column":0},"end":{"line":385,"column":27}},"385":{"start":{"line":386,"column":0},"end":{"line":386,"column":37}},"386":{"start":{"line":387,"column":0},"end":{"line":387,"column":6}},"387":{"start":{"line":388,"column":0},"end":{"line":388,"column":11}},"388":{"start":{"line":389,"column":0},"end":{"line":389,"column":37}},"389":{"start":{"line":390,"column":0},"end":{"line":390,"column":28}},"390":{"start":{"line":391,"column":0},"end":{"line":391,"column":38}},"391":{"start":{"line":392,"column":0},"end":{"line":392,"column":6}},"392":{"start":{"line":393,"column":0},"end":{"line":393,"column":11}},"393":{"start":{"line":394,"column":0},"end":{"line":394,"column":37}},"394":{"start":{"line":395,"column":0},"end":{"line":395,"column":28}},"395":{"start":{"line":396,"column":0},"end":{"line":396,"column":38}},"396":{"start":{"line":397,"column":0},"end":{"line":397,"column":6}},"397":{"start":{"line":398,"column":0},"end":{"line":398,"column":12}},"398":{"start":{"line":399,"column":0},"end":{"line":399,"column":59}},"399":{"start":{"line":400,"column":0},"end":{"line":400,"column":29}},"400":{"start":{"line":401,"column":0},"end":{"line":401,"column":39}},"401":{"start":{"line":402,"column":0},"end":{"line":402,"column":6}},"402":{"start":{"line":403,"column":0},"end":{"line":403,"column":3}},"403":{"start":{"line":404,"column":0},"end":{"line":404,"column":0}},"404":{"start":{"line":405,"column":0},"end":{"line":405,"column":55}},"405":{"start":{"line":406,"column":0},"end":{"line":406,"column":47}},"406":{"start":{"line":407,"column":0},"end":{"line":407,"column":84}},"407":{"start":{"line":408,"column":0},"end":{"line":408,"column":0}},"408":{"start":{"line":409,"column":0},"end":{"line":409,"column":23}},"409":{"start":{"line":410,"column":0},"end":{"line":410,"column":71}},"410":{"start":{"line":411,"column":0},"end":{"line":411,"column":66}},"411":{"start":{"line":412,"column":0},"end":{"line":412,"column":0}},"412":{"start":{"line":413,"column":0},"end":{"line":413,"column":73}},"413":{"start":{"line":414,"column":0},"end":{"line":414,"column":84}},"414":{"start":{"line":415,"column":0},"end":{"line":415,"column":93}},"415":{"start":{"line":416,"column":0},"end":{"line":416,"column":0}},"416":{"start":{"line":417,"column":0},"end":{"line":417,"column":44}},"417":{"start":{"line":418,"column":0},"end":{"line":418,"column":50}},"418":{"start":{"line":419,"column":0},"end":{"line":419,"column":20}},"419":{"start":{"line":420,"column":0},"end":{"line":420,"column":7}},"420":{"start":{"line":421,"column":0},"end":{"line":421,"column":5}},"421":{"start":{"line":422,"column":0},"end":{"line":422,"column":0}},"422":{"start":{"line":423,"column":0},"end":{"line":423,"column":15}},"423":{"start":{"line":424,"column":0},"end":{"line":424,"column":3}},"424":{"start":{"line":425,"column":0},"end":{"line":425,"column":0}},"425":{"start":{"line":426,"column":0},"end":{"line":426,"column":55}},"426":{"start":{"line":427,"column":0},"end":{"line":427,"column":31}},"427":{"start":{"line":428,"column":0},"end":{"line":428,"column":40}},"428":{"start":{"line":429,"column":0},"end":{"line":429,"column":44}},"429":{"start":{"line":430,"column":0},"end":{"line":430,"column":58}},"430":{"start":{"line":431,"column":0},"end":{"line":431,"column":72}},"431":{"start":{"line":432,"column":0},"end":{"line":432,"column":75}},"432":{"start":{"line":433,"column":0},"end":{"line":433,"column":65}},"433":{"start":{"line":434,"column":0},"end":{"line":434,"column":74}},"434":{"start":{"line":435,"column":0},"end":{"line":435,"column":35}},"435":{"start":{"line":436,"column":0},"end":{"line":436,"column":20}},"436":{"start":{"line":437,"column":0},"end":{"line":437,"column":7}},"437":{"start":{"line":438,"column":0},"end":{"line":438,"column":5}},"438":{"start":{"line":439,"column":0},"end":{"line":439,"column":0}},"439":{"start":{"line":440,"column":0},"end":{"line":440,"column":15}},"440":{"start":{"line":441,"column":0},"end":{"line":441,"column":3}},"441":{"start":{"line":442,"column":0},"end":{"line":442,"column":0}},"442":{"start":{"line":443,"column":0},"end":{"line":443,"column":84}},"443":{"start":{"line":444,"column":0},"end":{"line":444,"column":53}},"444":{"start":{"line":445,"column":0},"end":{"line":445,"column":96}},"445":{"start":{"line":446,"column":0},"end":{"line":446,"column":57}},"446":{"start":{"line":447,"column":0},"end":{"line":447,"column":48}},"447":{"start":{"line":448,"column":0},"end":{"line":448,"column":18}},"448":{"start":{"line":449,"column":0},"end":{"line":449,"column":5}},"449":{"start":{"line":450,"column":0},"end":{"line":450,"column":0}},"450":{"start":{"line":451,"column":0},"end":{"line":451,"column":15}},"451":{"start":{"line":452,"column":0},"end":{"line":452,"column":3}},"452":{"start":{"line":453,"column":0},"end":{"line":453,"column":0}},"453":{"start":{"line":454,"column":0},"end":{"line":454,"column":5}},"454":{"start":{"line":455,"column":0},"end":{"line":455,"column":90}},"455":{"start":{"line":456,"column":0},"end":{"line":456,"column":35}},"456":{"start":{"line":457,"column":0},"end":{"line":457,"column":16}},"457":{"start":{"line":458,"column":0},"end":{"line":458,"column":43}},"458":{"start":{"line":459,"column":0},"end":{"line":459,"column":56}},"459":{"start":{"line":460,"column":0},"end":{"line":460,"column":83}},"460":{"start":{"line":461,"column":0},"end":{"line":461,"column":78}},"461":{"start":{"line":462,"column":0},"end":{"line":462,"column":57}},"462":{"start":{"line":463,"column":0},"end":{"line":463,"column":79}},"463":{"start":{"line":464,"column":0},"end":{"line":464,"column":5}},"464":{"start":{"line":465,"column":0},"end":{"line":465,"column":67}},"465":{"start":{"line":466,"column":0},"end":{"line":466,"column":44}},"466":{"start":{"line":467,"column":0},"end":{"line":467,"column":66}},"467":{"start":{"line":468,"column":0},"end":{"line":468,"column":81}},"468":{"start":{"line":469,"column":0},"end":{"line":469,"column":72}},"469":{"start":{"line":470,"column":0},"end":{"line":470,"column":0}},"470":{"start":{"line":471,"column":0},"end":{"line":471,"column":19}},"471":{"start":{"line":472,"column":0},"end":{"line":472,"column":9}},"472":{"start":{"line":473,"column":0},"end":{"line":473,"column":60}},"473":{"start":{"line":474,"column":0},"end":{"line":474,"column":54}},"474":{"start":{"line":475,"column":0},"end":{"line":475,"column":19}},"475":{"start":{"line":476,"column":0},"end":{"line":476,"column":67}},"476":{"start":{"line":477,"column":0},"end":{"line":477,"column":18}},"477":{"start":{"line":478,"column":0},"end":{"line":478,"column":5}},"478":{"start":{"line":479,"column":0},"end":{"line":479,"column":0}},"479":{"start":{"line":480,"column":0},"end":{"line":480,"column":89}},"480":{"start":{"line":481,"column":0},"end":{"line":481,"column":54}},"481":{"start":{"line":482,"column":0},"end":{"line":482,"column":0}},"482":{"start":{"line":483,"column":0},"end":{"line":483,"column":23}},"483":{"start":{"line":484,"column":0},"end":{"line":484,"column":3}},"484":{"start":{"line":485,"column":0},"end":{"line":485,"column":0}},"485":{"start":{"line":486,"column":0},"end":{"line":486,"column":67}},"486":{"start":{"line":487,"column":0},"end":{"line":487,"column":77}},"487":{"start":{"line":488,"column":0},"end":{"line":488,"column":66}},"488":{"start":{"line":489,"column":0},"end":{"line":489,"column":74}},"489":{"start":{"line":490,"column":0},"end":{"line":490,"column":0}},"490":{"start":{"line":491,"column":0},"end":{"line":491,"column":20}},"491":{"start":{"line":492,"column":0},"end":{"line":492,"column":47}},"492":{"start":{"line":493,"column":0},"end":{"line":493,"column":47}},"493":{"start":{"line":494,"column":0},"end":{"line":494,"column":45}},"494":{"start":{"line":495,"column":0},"end":{"line":495,"column":52}},"495":{"start":{"line":496,"column":0},"end":{"line":496,"column":0}},"496":{"start":{"line":497,"column":0},"end":{"line":497,"column":16}},"497":{"start":{"line":498,"column":0},"end":{"line":498,"column":3}},"498":{"start":{"line":499,"column":0},"end":{"line":499,"column":0}},"499":{"start":{"line":500,"column":0},"end":{"line":500,"column":72}},"500":{"start":{"line":501,"column":0},"end":{"line":501,"column":63}},"501":{"start":{"line":502,"column":0},"end":{"line":502,"column":48}},"502":{"start":{"line":503,"column":0},"end":{"line":503,"column":20}},"503":{"start":{"line":504,"column":0},"end":{"line":504,"column":0}},"504":{"start":{"line":505,"column":0},"end":{"line":505,"column":35}},"505":{"start":{"line":506,"column":0},"end":{"line":506,"column":48}},"506":{"start":{"line":507,"column":0},"end":{"line":507,"column":46}},"507":{"start":{"line":508,"column":0},"end":{"line":508,"column":53}},"508":{"start":{"line":509,"column":0},"end":{"line":509,"column":5}},"509":{"start":{"line":510,"column":0},"end":{"line":510,"column":0}},"510":{"start":{"line":511,"column":0},"end":{"line":511,"column":16}},"511":{"start":{"line":512,"column":0},"end":{"line":512,"column":20}},"512":{"start":{"line":513,"column":0},"end":{"line":513,"column":0}},"513":{"start":{"line":514,"column":0},"end":{"line":514,"column":30}},"514":{"start":{"line":515,"column":0},"end":{"line":515,"column":56}},"515":{"start":{"line":516,"column":0},"end":{"line":516,"column":33}},"516":{"start":{"line":517,"column":0},"end":{"line":517,"column":22}},"517":{"start":{"line":518,"column":0},"end":{"line":518,"column":0}},"518":{"start":{"line":519,"column":0},"end":{"line":519,"column":31}},"519":{"start":{"line":520,"column":0},"end":{"line":520,"column":26}},"520":{"start":{"line":521,"column":0},"end":{"line":521,"column":38}},"521":{"start":{"line":522,"column":0},"end":{"line":522,"column":74}},"522":{"start":{"line":523,"column":0},"end":{"line":523,"column":25}},"523":{"start":{"line":524,"column":0},"end":{"line":524,"column":0}},"524":{"start":{"line":525,"column":0},"end":{"line":525,"column":62}},"525":{"start":{"line":526,"column":0},"end":{"line":526,"column":67}},"526":{"start":{"line":527,"column":0},"end":{"line":527,"column":64}},"527":{"start":{"line":528,"column":0},"end":{"line":528,"column":60}},"528":{"start":{"line":529,"column":0},"end":{"line":529,"column":0}},"529":{"start":{"line":530,"column":0},"end":{"line":530,"column":16}},"530":{"start":{"line":531,"column":0},"end":{"line":531,"column":53}},"531":{"start":{"line":532,"column":0},"end":{"line":532,"column":75}},"532":{"start":{"line":533,"column":0},"end":{"line":533,"column":12}},"533":{"start":{"line":534,"column":0},"end":{"line":534,"column":51}},"534":{"start":{"line":535,"column":0},"end":{"line":535,"column":71}},"535":{"start":{"line":536,"column":0},"end":{"line":536,"column":5}},"536":{"start":{"line":537,"column":0},"end":{"line":537,"column":0}},"537":{"start":{"line":538,"column":0},"end":{"line":538,"column":39}},"538":{"start":{"line":539,"column":0},"end":{"line":539,"column":30}},"539":{"start":{"line":540,"column":0},"end":{"line":540,"column":70}},"540":{"start":{"line":541,"column":0},"end":{"line":541,"column":31}},"541":{"start":{"line":542,"column":0},"end":{"line":542,"column":5}},"542":{"start":{"line":543,"column":0},"end":{"line":543,"column":3}},"543":{"start":{"line":544,"column":0},"end":{"line":544,"column":0}},"544":{"start":{"line":545,"column":0},"end":{"line":545,"column":61}},"545":{"start":{"line":546,"column":0},"end":{"line":546,"column":55}},"546":{"start":{"line":547,"column":0},"end":{"line":547,"column":0}},"547":{"start":{"line":548,"column":0},"end":{"line":548,"column":51}},"548":{"start":{"line":549,"column":0},"end":{"line":549,"column":35}},"549":{"start":{"line":550,"column":0},"end":{"line":550,"column":38}},"550":{"start":{"line":551,"column":0},"end":{"line":551,"column":61}},"551":{"start":{"line":552,"column":0},"end":{"line":552,"column":34}},"552":{"start":{"line":553,"column":0},"end":{"line":553,"column":3}},"553":{"start":{"line":554,"column":0},"end":{"line":554,"column":0}},"554":{"start":{"line":555,"column":0},"end":{"line":555,"column":39}},"555":{"start":{"line":556,"column":0},"end":{"line":556,"column":46}},"556":{"start":{"line":557,"column":0},"end":{"line":557,"column":0}},"557":{"start":{"line":558,"column":0},"end":{"line":558,"column":72}},"558":{"start":{"line":559,"column":0},"end":{"line":559,"column":85}},"559":{"start":{"line":560,"column":0},"end":{"line":560,"column":0}},"560":{"start":{"line":561,"column":0},"end":{"line":561,"column":78}},"561":{"start":{"line":562,"column":0},"end":{"line":562,"column":89}},"562":{"start":{"line":563,"column":0},"end":{"line":563,"column":50}},"563":{"start":{"line":564,"column":0},"end":{"line":564,"column":5}},"564":{"start":{"line":565,"column":0},"end":{"line":565,"column":0}},"565":{"start":{"line":566,"column":0},"end":{"line":566,"column":60}},"566":{"start":{"line":567,"column":0},"end":{"line":567,"column":3}},"567":{"start":{"line":568,"column":0},"end":{"line":568,"column":0}},"568":{"start":{"line":569,"column":0},"end":{"line":569,"column":85}},"569":{"start":{"line":570,"column":0},"end":{"line":570,"column":42}},"570":{"start":{"line":571,"column":0},"end":{"line":571,"column":44}},"571":{"start":{"line":572,"column":0},"end":{"line":572,"column":26}},"572":{"start":{"line":573,"column":0},"end":{"line":573,"column":0}},"573":{"start":{"line":574,"column":0},"end":{"line":574,"column":31}},"574":{"start":{"line":575,"column":0},"end":{"line":575,"column":100}},"575":{"start":{"line":576,"column":0},"end":{"line":576,"column":0}},"576":{"start":{"line":577,"column":0},"end":{"line":577,"column":97}},"577":{"start":{"line":578,"column":0},"end":{"line":578,"column":0}},"578":{"start":{"line":579,"column":0},"end":{"line":579,"column":91}},"579":{"start":{"line":580,"column":0},"end":{"line":580,"column":49}},"580":{"start":{"line":581,"column":0},"end":{"line":581,"column":94}},"581":{"start":{"line":582,"column":0},"end":{"line":582,"column":0}},"582":{"start":{"line":583,"column":0},"end":{"line":583,"column":61}},"583":{"start":{"line":584,"column":0},"end":{"line":584,"column":55}},"584":{"start":{"line":585,"column":0},"end":{"line":585,"column":5}},"585":{"start":{"line":586,"column":0},"end":{"line":586,"column":0}},"586":{"start":{"line":587,"column":0},"end":{"line":587,"column":88}},"587":{"start":{"line":588,"column":0},"end":{"line":588,"column":62}},"588":{"start":{"line":589,"column":0},"end":{"line":589,"column":0}},"589":{"start":{"line":590,"column":0},"end":{"line":590,"column":66}},"590":{"start":{"line":591,"column":0},"end":{"line":591,"column":0}},"591":{"start":{"line":592,"column":0},"end":{"line":592,"column":74}},"592":{"start":{"line":593,"column":0},"end":{"line":593,"column":71}},"593":{"start":{"line":594,"column":0},"end":{"line":594,"column":38}},"594":{"start":{"line":595,"column":0},"end":{"line":595,"column":52}},"595":{"start":{"line":596,"column":0},"end":{"line":596,"column":70}},"596":{"start":{"line":597,"column":0},"end":{"line":597,"column":11}},"597":{"start":{"line":598,"column":0},"end":{"line":598,"column":3}},"598":{"start":{"line":599,"column":0},"end":{"line":599,"column":0}},"599":{"start":{"line":600,"column":0},"end":{"line":600,"column":55}},"600":{"start":{"line":601,"column":0},"end":{"line":601,"column":56}},"601":{"start":{"line":602,"column":0},"end":{"line":602,"column":49}},"602":{"start":{"line":603,"column":0},"end":{"line":603,"column":55}},"603":{"start":{"line":604,"column":0},"end":{"line":604,"column":0}},"604":{"start":{"line":605,"column":0},"end":{"line":605,"column":44}},"605":{"start":{"line":606,"column":0},"end":{"line":606,"column":32}},"606":{"start":{"line":607,"column":0},"end":{"line":607,"column":71}},"607":{"start":{"line":608,"column":0},"end":{"line":608,"column":26}},"608":{"start":{"line":609,"column":0},"end":{"line":609,"column":55}},"609":{"start":{"line":610,"column":0},"end":{"line":610,"column":66}},"610":{"start":{"line":611,"column":0},"end":{"line":611,"column":41}},"611":{"start":{"line":612,"column":0},"end":{"line":612,"column":100}},"612":{"start":{"line":613,"column":0},"end":{"line":613,"column":33}},"613":{"start":{"line":614,"column":0},"end":{"line":614,"column":7}},"614":{"start":{"line":615,"column":0},"end":{"line":615,"column":5}},"615":{"start":{"line":616,"column":0},"end":{"line":616,"column":3}},"616":{"start":{"line":617,"column":0},"end":{"line":617,"column":0}},"617":{"start":{"line":618,"column":0},"end":{"line":618,"column":20}},"618":{"start":{"line":619,"column":0},"end":{"line":619,"column":31}},"619":{"start":{"line":620,"column":0},"end":{"line":620,"column":0}},"620":{"start":{"line":621,"column":0},"end":{"line":621,"column":41}},"621":{"start":{"line":622,"column":0},"end":{"line":622,"column":73}},"622":{"start":{"line":623,"column":0},"end":{"line":623,"column":3}},"623":{"start":{"line":624,"column":0},"end":{"line":624,"column":1}}},"s":{"0":1,"1":1,"2":1,"3":1,"4":1,"5":1,"6":1,"7":1,"8":1,"9":1,"10":1,"11":1,"12":11,"13":11,"14":11,"15":11,"16":11,"17":5,"18":1,"19":1,"20":11,"21":11,"22":11,"23":11,"24":11,"25":5,"26":1,"27":171,"28":171,"29":171,"30":171,"31":171,"32":171,"33":171,"34":171,"35":171,"36":171,"37":171,"38":171,"39":171,"40":171,"41":171,"42":171,"43":171,"44":171,"45":171,"46":171,"47":171,"48":171,"49":171,"50":171,"51":171,"52":171,"53":171,"54":171,"55":171,"56":171,"57":171,"58":171,"59":171,"60":171,"61":171,"62":171,"63":171,"64":171,"65":171,"66":171,"67":171,"68":171,"69":171,"70":171,"71":171,"72":171,"73":171,"74":171,"75":171,"76":171,"77":171,"78":171,"79":171,"80":171,"81":171,"82":171,"83":1,"84":1,"85":169,"86":169,"87":169,"88":169,"89":169,"90":171,"91":169,"92":169,"93":171,"94":171,"95":171,"96":171,"97":171,"98":171,"99":171,"100":164,"101":171,"102":171,"103":171,"104":171,"105":171,"106":171,"107":169,"108":169,"109":169,"110":171,"111":171,"112":171,"113":171,"114":171,"115":171,"116":171,"117":171,"118":171,"119":288,"120":288,"121":288,"122":288,"123":288,"124":288,"125":288,"126":171,"127":171,"128":291,"129":291,"130":291,"131":291,"132":291,"133":291,"134":171,"135":171,"136":171,"137":287,"138":287,"139":287,"140":419,"141":419,"142":287,"143":287,"144":287,"145":287,"146":287,"147":287,"148":287,"149":287,"150":287,"151":287,"152":287,"153":171,"154":171,"155":33,"156":33,"157":2,"158":33,"159":33,"160":171,"161":171,"162":6,"163":6,"164":6,"165":18,"166":6,"167":6,"168":6,"169":5,"170":6,"171":6,"172":6,"173":171,"174":171,"175":171,"176":45,"177":45,"178":45,"179":45,"180":45,"181":45,"182":45,"183":45,"184":45,"185":45,"186":45,"187":45,"188":45,"189":45,"190":171,"191":171,"192":171,"193":171,"194":29,"195":29,"196":29,"197":29,"198":29,"199":29,"200":29,"201":6,"202":6,"203":6,"204":6,"205":6,"206":12,"207":6,"208":6,"209":6,"210":6,"211":6,"212":6,"213":6,"214":6,"215":6,"216":12,"217":6,"218":29,"219":171,"220":171,"221":171,"222":171,"223":12,"224":12,"225":12,"226":12,"227":12,"228":12,"229":12,"230":3,"231":3,"232":1,"233":1,"234":1,"235":1,"236":2,"237":1,"238":1,"239":3,"240":3,"241":12,"242":171,"243":171,"244":171,"245":24,"246":24,"247":24,"248":24,"249":24,"250":24,"251":24,"252":24,"253":24,"254":24,"255":48,"256":24,"257":24,"258":24,"259":24,"260":48,"261":24,"262":24,"263":24,"264":24,"265":24,"266":24,"267":171,"268":171,"269":10,"270":10,"271":1,"272":2,"273":1,"274":10,"275":10,"276":10,"277":10,"278":10,"279":171,"280":171,"281":171,"282":171,"283":15,"284":15,"285":15,"286":9,"287":5,"288":15,"289":8,"290":8,"291":8,"292":8,"293":8,"294":4,"295":4,"296":4,"297":4,"298":7,"299":1,"300":1,"301":1,"302":4,"303":4,"304":4,"305":3,"306":3,"307":3,"308":3,"309":3,"310":3,"311":3,"312":3,"313":3,"314":4,"315":4,"316":4,"317":4,"318":8,"319":15,"320":15,"321":171,"322":171,"323":171,"324":15,"325":15,"326":15,"327":7,"328":7,"329":6,"330":7,"331":7,"332":7,"333":6,"334":7,"335":7,"336":2,"337":2,"338":2,"339":2,"340":2,"341":2,"342":7,"343":7,"344":2,"345":2,"346":2,"347":2,"348":2,"349":2,"350":7,"351":15,"352":15,"353":15,"354":171,"355":171,"356":171,"357":171,"358":171,"359":171,"360":171,"361":171,"362":171,"363":171,"364":171,"365":171,"366":171,"367":171,"368":171,"369":171,"370":171,"371":171,"372":171,"373":171,"374":171,"375":171,"376":171,"377":171,"378":171,"379":171,"380":171,"381":171,"382":171,"383":171,"384":171,"385":171,"386":171,"387":171,"388":171,"389":171,"390":171,"391":171,"392":171,"393":171,"394":171,"395":171,"396":171,"397":171,"398":171,"399":171,"400":171,"401":171,"402":171,"403":171,"404":171,"405":99,"406":99,"407":99,"408":99,"409":96,"410":96,"411":96,"412":96,"413":96,"414":96,"415":96,"416":96,"417":18,"418":18,"419":18,"420":96,"421":81,"422":81,"423":99,"424":171,"425":171,"426":14,"427":4,"428":4,"429":4,"430":4,"431":2,"432":2,"433":1,"434":2,"435":2,"436":2,"437":4,"438":12,"439":12,"440":14,"441":171,"442":171,"443":171,"444":12,"445":12,"446":2,"447":2,"448":2,"449":10,"450":10,"451":12,"452":171,"453":171,"454":171,"455":171,"456":171,"457":171,"458":171,"459":171,"460":171,"461":171,"462":171,"463":171,"464":171,"465":16,"466":16,"467":6,"468":16,"469":5,"470":5,"471":5,"472":5,"473":4,"474":16,"475":1,"476":1,"477":1,"478":4,"479":16,"480":16,"481":4,"482":4,"483":16,"484":171,"485":171,"486":171,"487":171,"488":21,"489":12,"490":12,"491":21,"492":21,"493":21,"494":21,"495":21,"496":21,"497":21,"498":171,"499":171,"500":171,"501":171,"502":9,"503":9,"504":9,"505":11,"506":11,"507":11,"508":11,"509":9,"510":9,"511":9,"512":171,"513":171,"514":171,"515":8,"516":8,"517":8,"518":8,"519":8,"520":8,"521":8,"522":8,"523":8,"524":8,"525":8,"526":8,"527":8,"528":8,"529":8,"530":5,"531":5,"532":8,"533":3,"534":3,"535":3,"536":8,"537":8,"538":4,"539":4,"540":4,"541":4,"542":8,"543":171,"544":171,"545":11,"546":11,"547":11,"548":11,"549":11,"550":11,"551":11,"552":11,"553":171,"554":171,"555":45,"556":45,"557":45,"558":45,"559":45,"560":45,"561":45,"562":4,"563":4,"564":45,"565":45,"566":45,"567":171,"568":171,"569":171,"570":37,"571":37,"572":37,"573":37,"574":37,"575":37,"576":37,"577":37,"578":37,"579":37,"580":35,"581":35,"582":35,"583":33,"584":33,"585":35,"586":35,"587":37,"588":35,"589":37,"590":35,"591":35,"592":35,"593":35,"594":35,"595":8,"596":35,"597":37,"598":171,"599":171,"600":171,"601":171,"602":7,"603":7,"604":7,"605":5,"606":2,"607":2,"608":2,"609":2,"610":5,"611":3,"612":2,"613":3,"614":5,"615":7,"616":171,"617":171,"618":3,"619":3,"620":3,"621":3,"622":3,"623":171},"branchMap":{"0":{"type":"branch","line":12,"loc":{"start":{"line":12,"column":7},"end":{"line":18,"column":1}},"locations":[{"start":{"line":12,"column":7},"end":{"line":18,"column":1}}]},"1":{"type":"branch","line":14,"loc":{"start":{"line":14,"column":2},"end":{"line":17,"column":3}},"locations":[{"start":{"line":14,"column":2},"end":{"line":17,"column":3}}]},"2":{"type":"branch","line":18,"loc":{"start":{"line":18,"column":0},"end":{"line":18,"column":1}},"locations":[{"start":{"line":18,"column":0},"end":{"line":18,"column":1}}]},"3":{"type":"branch","line":20,"loc":{"start":{"line":20,"column":7},"end":{"line":26,"column":1}},"locations":[{"start":{"line":20,"column":7},"end":{"line":26,"column":1}}]},"4":{"type":"branch","line":22,"loc":{"start":{"line":22,"column":2},"end":{"line":25,"column":3}},"locations":[{"start":{"line":22,"column":2},"end":{"line":25,"column":3}}]},"5":{"type":"branch","line":26,"loc":{"start":{"line":26,"column":0},"end":{"line":26,"column":1}},"locations":[{"start":{"line":26,"column":0},"end":{"line":26,"column":1}}]},"6":{"type":"branch","line":28,"loc":{"start":{"line":28,"column":0},"end":{"line":624,"column":1}},"locations":[{"start":{"line":28,"column":0},"end":{"line":624,"column":1}}]},"7":{"type":"branch","line":81,"loc":{"start":{"line":81,"column":2},"end":{"line":111,"column":3}},"locations":[{"start":{"line":81,"column":2},"end":{"line":111,"column":3}}]},"8":{"type":"branch","line":82,"loc":{"start":{"line":82,"column":15},"end":{"line":82,"column":95}},"locations":[{"start":{"line":82,"column":15},"end":{"line":82,"column":95}}]},"9":{"type":"branch","line":82,"loc":{"start":{"line":82,"column":94},"end":{"line":83,"column":44}},"locations":[{"start":{"line":82,"column":94},"end":{"line":83,"column":44}}]},"10":{"type":"branch","line":83,"loc":{"start":{"line":83,"column":44},"end":{"line":85,"column":5}},"locations":[{"start":{"line":83,"column":44},"end":{"line":85,"column":5}}]},"11":{"type":"branch","line":85,"loc":{"start":{"line":85,"column":4},"end":{"line":91,"column":45}},"locations":[{"start":{"line":85,"column":4},"end":{"line":91,"column":45}}]},"12":{"type":"branch","line":91,"loc":{"start":{"line":91,"column":39},"end":{"line":91,"column":73}},"locations":[{"start":{"line":91,"column":39},"end":{"line":91,"column":73}}]},"13":{"type":"branch","line":91,"loc":{"start":{"line":91,"column":73},"end":{"line":91,"column":98}},"locations":[{"start":{"line":91,"column":73},"end":{"line":91,"column":98}}]},"14":{"type":"branch","line":91,"loc":{"start":{"line":91,"column":94},"end":{"line":94,"column":53}},"locations":[{"start":{"line":91,"column":94},"end":{"line":94,"column":53}}]},"15":{"type":"branch","line":94,"loc":{"start":{"line":94,"column":41},"end":{"line":94,"column":55}},"locations":[{"start":{"line":94,"column":41},"end":{"line":94,"column":55}}]},"16":{"type":"branch","line":95,"loc":{"start":{"line":95,"column":25},"end":{"line":95,"column":39}},"locations":[{"start":{"line":95,"column":25},"end":{"line":95,"column":39}}]},"17":{"type":"branch","line":96,"loc":{"start":{"line":96,"column":41},"end":{"line":96,"column":57}},"locations":[{"start":{"line":96,"column":41},"end":{"line":96,"column":57}}]},"18":{"type":"branch","line":96,"loc":{"start":{"line":96,"column":49},"end":{"line":96,"column":61}},"locations":[{"start":{"line":96,"column":49},"end":{"line":96,"column":61}}]},"19":{"type":"branch","line":97,"loc":{"start":{"line":97,"column":51},"end":{"line":97,"column":67}},"locations":[{"start":{"line":97,"column":51},"end":{"line":97,"column":67}}]},"20":{"type":"branch","line":97,"loc":{"start":{"line":97,"column":59},"end":{"line":97,"column":85}},"locations":[{"start":{"line":97,"column":59},"end":{"line":97,"column":85}}]},"21":{"type":"branch","line":98,"loc":{"start":{"line":98,"column":33},"end":{"line":98,"column":68}},"locations":[{"start":{"line":98,"column":33},"end":{"line":98,"column":68}}]},"22":{"type":"branch","line":100,"loc":{"start":{"line":100,"column":14},"end":{"line":101,"column":79}},"locations":[{"start":{"line":100,"column":14},"end":{"line":101,"column":79}}]},"23":{"type":"branch","line":103,"loc":{"start":{"line":103,"column":37},"end":{"line":103,"column":94}},"locations":[{"start":{"line":103,"column":37},"end":{"line":103,"column":94}}]},"24":{"type":"branch","line":104,"loc":{"start":{"line":104,"column":45},"end":{"line":104,"column":84}},"locations":[{"start":{"line":104,"column":45},"end":{"line":104,"column":84}}]},"25":{"type":"branch","line":105,"loc":{"start":{"line":105,"column":43},"end":{"line":105,"column":80}},"locations":[{"start":{"line":105,"column":43},"end":{"line":105,"column":80}}]},"26":{"type":"branch","line":107,"loc":{"start":{"line":107,"column":23},"end":{"line":107,"column":34}},"locations":[{"start":{"line":107,"column":23},"end":{"line":107,"column":34}}]},"27":{"type":"branch","line":107,"loc":{"start":{"line":107,"column":33},"end":{"line":110,"column":95}},"locations":[{"start":{"line":107,"column":33},"end":{"line":110,"column":95}}]},"28":{"type":"branch","line":104,"loc":{"start":{"line":104,"column":75},"end":{"line":104,"column":84}},"locations":[{"start":{"line":104,"column":75},"end":{"line":104,"column":84}}]},"29":{"type":"branch","line":105,"loc":{"start":{"line":105,"column":71},"end":{"line":105,"column":80}},"locations":[{"start":{"line":105,"column":71},"end":{"line":105,"column":80}}]},"30":{"type":"branch","line":110,"loc":{"start":{"line":110,"column":25},"end":{"line":110,"column":59}},"locations":[{"start":{"line":110,"column":25},"end":{"line":110,"column":59}}]},"31":{"type":"branch","line":119,"loc":{"start":{"line":119,"column":9},"end":{"line":126,"column":3}},"locations":[{"start":{"line":119,"column":9},"end":{"line":126,"column":3}}]},"32":{"type":"branch","line":128,"loc":{"start":{"line":128,"column":9},"end":{"line":134,"column":3}},"locations":[{"start":{"line":128,"column":9},"end":{"line":134,"column":3}}]},"33":{"type":"branch","line":137,"loc":{"start":{"line":137,"column":2},"end":{"line":153,"column":17}},"locations":[{"start":{"line":137,"column":2},"end":{"line":153,"column":17}}]},"34":{"type":"branch","line":140,"loc":{"start":{"line":140,"column":24},"end":{"line":143,"column":5}},"locations":[{"start":{"line":140,"column":24},"end":{"line":143,"column":5}}]},"35":{"type":"branch","line":141,"loc":{"start":{"line":141,"column":17},"end":{"line":141,"column":36}},"locations":[{"start":{"line":141,"column":17},"end":{"line":141,"column":36}}]},"36":{"type":"branch","line":141,"loc":{"start":{"line":141,"column":36},"end":{"line":141,"column":96}},"locations":[{"start":{"line":141,"column":36},"end":{"line":141,"column":96}}]},"37":{"type":"branch","line":142,"loc":{"start":{"line":142,"column":29},"end":{"line":142,"column":45}},"locations":[{"start":{"line":142,"column":29},"end":{"line":142,"column":45}}]},"38":{"type":"branch","line":155,"loc":{"start":{"line":155,"column":10},"end":{"line":160,"column":3}},"locations":[{"start":{"line":155,"column":10},"end":{"line":160,"column":3}}]},"39":{"type":"branch","line":157,"loc":{"start":{"line":157,"column":17},"end":{"line":157,"column":31}},"locations":[{"start":{"line":157,"column":17},"end":{"line":157,"column":31}}]},"40":{"type":"branch","line":157,"loc":{"start":{"line":157,"column":24},"end":{"line":159,"column":59}},"locations":[{"start":{"line":157,"column":24},"end":{"line":159,"column":59}}]},"41":{"type":"branch","line":159,"loc":{"start":{"line":159,"column":54},"end":{"line":159,"column":63}},"locations":[{"start":{"line":159,"column":54},"end":{"line":159,"column":63}}]},"42":{"type":"branch","line":162,"loc":{"start":{"line":162,"column":10},"end":{"line":173,"column":3}},"locations":[{"start":{"line":162,"column":10},"end":{"line":173,"column":3}}]},"43":{"type":"branch","line":169,"loc":{"start":{"line":169,"column":17},"end":{"line":169,"column":44}},"locations":[{"start":{"line":169,"column":17},"end":{"line":169,"column":44}}]},"44":{"type":"branch","line":169,"loc":{"start":{"line":169,"column":37},"end":{"line":170,"column":53}},"locations":[{"start":{"line":169,"column":37},"end":{"line":170,"column":53}}]},"45":{"type":"branch","line":165,"loc":{"start":{"line":165,"column":45},"end":{"line":167,"column":5}},"locations":[{"start":{"line":165,"column":45},"end":{"line":167,"column":5}}]},"46":{"type":"branch","line":176,"loc":{"start":{"line":176,"column":10},"end":{"line":190,"column":3}},"locations":[{"start":{"line":176,"column":10},"end":{"line":190,"column":3}}]},"47":{"type":"branch","line":178,"loc":{"start":{"line":178,"column":25},"end":{"line":178,"column":68}},"locations":[{"start":{"line":178,"column":25},"end":{"line":178,"column":68}}]},"48":{"type":"branch","line":180,"loc":{"start":{"line":180,"column":20},"end":{"line":180,"column":33}},"locations":[{"start":{"line":180,"column":20},"end":{"line":180,"column":33}}]},"49":{"type":"branch","line":182,"loc":{"start":{"line":182,"column":20},"end":{"line":182,"column":77}},"locations":[{"start":{"line":182,"column":20},"end":{"line":182,"column":77}}]},"50":{"type":"branch","line":184,"loc":{"start":{"line":184,"column":55},"end":{"line":184,"column":65}},"locations":[{"start":{"line":184,"column":55},"end":{"line":184,"column":65}}]},"51":{"type":"branch","line":187,"loc":{"start":{"line":187,"column":37},"end":{"line":187,"column":64}},"locations":[{"start":{"line":187,"column":37},"end":{"line":187,"column":64}}]},"52":{"type":"branch","line":189,"loc":{"start":{"line":189,"column":51},"end":{"line":189,"column":87}},"locations":[{"start":{"line":189,"column":51},"end":{"line":189,"column":87}}]},"53":{"type":"branch","line":194,"loc":{"start":{"line":194,"column":10},"end":{"line":219,"column":3}},"locations":[{"start":{"line":194,"column":10},"end":{"line":219,"column":3}}]},"54":{"type":"branch","line":195,"loc":{"start":{"line":195,"column":20},"end":{"line":195,"column":37}},"locations":[{"start":{"line":195,"column":20},"end":{"line":195,"column":37}}]},"55":{"type":"branch","line":195,"loc":{"start":{"line":195,"column":37},"end":{"line":195,"column":43}},"locations":[{"start":{"line":195,"column":37},"end":{"line":195,"column":43}}]},"56":{"type":"branch","line":198,"loc":{"start":{"line":198,"column":20},"end":{"line":198,"column":33}},"locations":[{"start":{"line":198,"column":20},"end":{"line":198,"column":33}}]},"57":{"type":"branch","line":199,"loc":{"start":{"line":199,"column":67},"end":{"line":199,"column":73}},"locations":[{"start":{"line":199,"column":67},"end":{"line":199,"column":73}}]},"58":{"type":"branch","line":201,"loc":{"start":{"line":201,"column":24},"end":{"line":201,"column":30}},"locations":[{"start":{"line":201,"column":24},"end":{"line":201,"column":30}}]},"59":{"type":"branch","line":201,"loc":{"start":{"line":201,"column":24},"end":{"line":212,"column":24}},"locations":[{"start":{"line":201,"column":24},"end":{"line":212,"column":24}}]},"60":{"type":"branch","line":212,"loc":{"start":{"line":212,"column":18},"end":{"line":212,"column":24}},"locations":[{"start":{"line":212,"column":18},"end":{"line":212,"column":24}}]},"61":{"type":"branch","line":212,"loc":{"start":{"line":212,"column":18},"end":{"line":218,"column":6}},"locations":[{"start":{"line":212,"column":18},"end":{"line":218,"column":6}}]},"62":{"type":"branch","line":206,"loc":{"start":{"line":206,"column":46},"end":{"line":208,"column":5}},"locations":[{"start":{"line":206,"column":46},"end":{"line":208,"column":5}}]},"63":{"type":"branch","line":216,"loc":{"start":{"line":216,"column":42},"end":{"line":218,"column":5}},"locations":[{"start":{"line":216,"column":42},"end":{"line":218,"column":5}}]},"64":{"type":"branch","line":223,"loc":{"start":{"line":223,"column":10},"end":{"line":242,"column":3}},"locations":[{"start":{"line":223,"column":10},"end":{"line":242,"column":3}}]},"65":{"type":"branch","line":230,"loc":{"start":{"line":230,"column":86},"end":{"line":241,"column":5}},"locations":[{"start":{"line":230,"column":86},"end":{"line":241,"column":5}}]},"66":{"type":"branch","line":232,"loc":{"start":{"line":232,"column":30},"end":{"line":240,"column":13}},"locations":[{"start":{"line":232,"column":30},"end":{"line":240,"column":13}}]},"67":{"type":"branch","line":240,"loc":{"start":{"line":240,"column":6},"end":{"line":240,"column":32}},"locations":[{"start":{"line":240,"column":6},"end":{"line":240,"column":32}}]},"68":{"type":"branch","line":225,"loc":{"start":{"line":225,"column":24},"end":{"line":225,"column":56}},"locations":[{"start":{"line":225,"column":24},"end":{"line":225,"column":56}}]},"69":{"type":"branch","line":230,"loc":{"start":{"line":230,"column":45},"end":{"line":230,"column":83}},"locations":[{"start":{"line":230,"column":45},"end":{"line":230,"column":83}}]},"70":{"type":"branch","line":233,"loc":{"start":{"line":233,"column":28},"end":{"line":239,"column":9}},"locations":[{"start":{"line":233,"column":28},"end":{"line":239,"column":9}}]},"71":{"type":"branch","line":235,"loc":{"start":{"line":235,"column":29},"end":{"line":235,"column":68}},"locations":[{"start":{"line":235,"column":29},"end":{"line":235,"column":68}}]},"72":{"type":"branch","line":236,"loc":{"start":{"line":236,"column":48},"end":{"line":238,"column":11}},"locations":[{"start":{"line":236,"column":48},"end":{"line":238,"column":11}}]},"73":{"type":"branch","line":245,"loc":{"start":{"line":245,"column":10},"end":{"line":267,"column":3}},"locations":[{"start":{"line":245,"column":10},"end":{"line":267,"column":3}}]},"74":{"type":"branch","line":246,"loc":{"start":{"line":246,"column":24},"end":{"line":246,"column":37}},"locations":[{"start":{"line":246,"column":24},"end":{"line":246,"column":37}}]},"75":{"type":"branch","line":252,"loc":{"start":{"line":252,"column":18},"end":{"line":252,"column":24}},"locations":[{"start":{"line":252,"column":18},"end":{"line":252,"column":24}}]},"76":{"type":"branch","line":255,"loc":{"start":{"line":255,"column":46},"end":{"line":257,"column":5}},"locations":[{"start":{"line":255,"column":46},"end":{"line":257,"column":5}}]},"77":{"type":"branch","line":260,"loc":{"start":{"line":260,"column":42},"end":{"line":262,"column":5}},"locations":[{"start":{"line":260,"column":42},"end":{"line":262,"column":5}}]},"78":{"type":"branch","line":269,"loc":{"start":{"line":269,"column":10},"end":{"line":279,"column":3}},"locations":[{"start":{"line":269,"column":10},"end":{"line":279,"column":3}}]},"79":{"type":"branch","line":271,"loc":{"start":{"line":271,"column":59},"end":{"line":275,"column":5}},"locations":[{"start":{"line":271,"column":59},"end":{"line":275,"column":5}}]},"80":{"type":"branch","line":272,"loc":{"start":{"line":272,"column":44},"end":{"line":274,"column":7}},"locations":[{"start":{"line":272,"column":44},"end":{"line":274,"column":7}}]},"81":{"type":"branch","line":278,"loc":{"start":{"line":278,"column":24},"end":{"line":278,"column":57}},"locations":[{"start":{"line":278,"column":24},"end":{"line":278,"column":57}}]},"82":{"type":"branch","line":283,"loc":{"start":{"line":283,"column":10},"end":{"line":321,"column":27}},"locations":[{"start":{"line":283,"column":10},"end":{"line":321,"column":27}}]},"83":{"type":"branch","line":286,"loc":{"start":{"line":286,"column":9},"end":{"line":288,"column":99}},"locations":[{"start":{"line":286,"column":9},"end":{"line":288,"column":99}}]},"84":{"type":"branch","line":287,"loc":{"start":{"line":287,"column":20},"end":{"line":288,"column":99}},"locations":[{"start":{"line":287,"column":20},"end":{"line":288,"column":99}}]},"85":{"type":"branch","line":289,"loc":{"start":{"line":289,"column":6},"end":{"line":319,"column":5}},"locations":[{"start":{"line":289,"column":6},"end":{"line":319,"column":5}}]},"86":{"type":"branch","line":294,"loc":{"start":{"line":294,"column":85},"end":{"line":318,"column":7}},"locations":[{"start":{"line":294,"column":85},"end":{"line":318,"column":7}}]},"87":{"type":"branch","line":305,"loc":{"start":{"line":305,"column":36},"end":{"line":314,"column":9}},"locations":[{"start":{"line":305,"column":36},"end":{"line":314,"column":9}}]},"88":{"type":"branch","line":309,"loc":{"start":{"line":309,"column":33},"end":{"line":309,"column":69}},"locations":[{"start":{"line":309,"column":33},"end":{"line":309,"column":69}}]},"89":{"type":"branch","line":309,"loc":{"start":{"line":309,"column":51},"end":{"line":309,"column":99}},"locations":[{"start":{"line":309,"column":51},"end":{"line":309,"column":99}}]},"90":{"type":"branch","line":312,"loc":{"start":{"line":312,"column":39},"end":{"line":312,"column":72}},"locations":[{"start":{"line":312,"column":39},"end":{"line":312,"column":72}}]},"91":{"type":"branch","line":317,"loc":{"start":{"line":317,"column":42},"end":{"line":317,"column":86}},"locations":[{"start":{"line":317,"column":42},"end":{"line":317,"column":86}}]},"92":{"type":"branch","line":298,"loc":{"start":{"line":298,"column":28},"end":{"line":303,"column":9}},"locations":[{"start":{"line":298,"column":28},"end":{"line":303,"column":9}}]},"93":{"type":"branch","line":299,"loc":{"start":{"line":299,"column":75},"end":{"line":302,"column":11}},"locations":[{"start":{"line":299,"column":75},"end":{"line":302,"column":11}}]},"94":{"type":"branch","line":324,"loc":{"start":{"line":324,"column":10},"end":{"line":354,"column":3}},"locations":[{"start":{"line":324,"column":10},"end":{"line":354,"column":3}}]},"95":{"type":"branch","line":327,"loc":{"start":{"line":327,"column":23},"end":{"line":327,"column":81}},"locations":[{"start":{"line":327,"column":23},"end":{"line":327,"column":81}}]},"96":{"type":"branch","line":327,"loc":{"start":{"line":327,"column":98},"end":{"line":351,"column":5}},"locations":[{"start":{"line":327,"column":98},"end":{"line":351,"column":5}}]},"97":{"type":"branch","line":329,"loc":{"start":{"line":329,"column":37},"end":{"line":329,"column":53}},"locations":[{"start":{"line":329,"column":37},"end":{"line":329,"column":53}}]},"98":{"type":"branch","line":329,"loc":{"start":{"line":329,"column":44},"end":{"line":330,"column":79}},"locations":[{"start":{"line":329,"column":44},"end":{"line":330,"column":79}}]},"99":{"type":"branch","line":330,"loc":{"start":{"line":330,"column":23},"end":{"line":330,"column":78}},"locations":[{"start":{"line":330,"column":23},"end":{"line":330,"column":78}}]},"100":{"type":"branch","line":330,"loc":{"start":{"line":330,"column":74},"end":{"line":330,"column":79}},"locations":[{"start":{"line":330,"column":74},"end":{"line":330,"column":79}}]},"101":{"type":"branch","line":333,"loc":{"start":{"line":333,"column":57},"end":{"line":333,"column":79}},"locations":[{"start":{"line":333,"column":57},"end":{"line":333,"column":79}}]},"102":{"type":"branch","line":333,"loc":{"start":{"line":333,"column":70},"end":{"line":334,"column":86}},"locations":[{"start":{"line":333,"column":70},"end":{"line":334,"column":86}}]},"103":{"type":"branch","line":334,"loc":{"start":{"line":334,"column":23},"end":{"line":334,"column":78}},"locations":[{"start":{"line":334,"column":23},"end":{"line":334,"column":78}}]},"104":{"type":"branch","line":334,"loc":{"start":{"line":334,"column":74},"end":{"line":334,"column":86}},"locations":[{"start":{"line":334,"column":74},"end":{"line":334,"column":86}}]},"105":{"type":"branch","line":336,"loc":{"start":{"line":336,"column":22},"end":{"line":336,"column":56}},"locations":[{"start":{"line":336,"column":22},"end":{"line":336,"column":56}}]},"106":{"type":"branch","line":336,"loc":{"start":{"line":336,"column":56},"end":{"line":342,"column":7}},"locations":[{"start":{"line":336,"column":56},"end":{"line":342,"column":7}}]},"107":{"type":"branch","line":344,"loc":{"start":{"line":344,"column":39},"end":{"line":350,"column":7}},"locations":[{"start":{"line":344,"column":39},"end":{"line":350,"column":7}}]},"108":{"type":"branch","line":374,"loc":{"start":{"line":374,"column":13},"end":{"line":374,"column":45}},"locations":[{"start":{"line":374,"column":13},"end":{"line":374,"column":45}}]},"109":{"type":"branch","line":399,"loc":{"start":{"line":399,"column":13},"end":{"line":399,"column":59}},"locations":[{"start":{"line":399,"column":13},"end":{"line":399,"column":59}}]},"110":{"type":"branch","line":405,"loc":{"start":{"line":405,"column":10},"end":{"line":424,"column":3}},"locations":[{"start":{"line":405,"column":10},"end":{"line":424,"column":3}}]},"111":{"type":"branch","line":406,"loc":{"start":{"line":406,"column":32},"end":{"line":406,"column":47}},"locations":[{"start":{"line":406,"column":32},"end":{"line":406,"column":47}}]},"112":{"type":"branch","line":407,"loc":{"start":{"line":407,"column":51},"end":{"line":407,"column":84}},"locations":[{"start":{"line":407,"column":51},"end":{"line":407,"column":84}}]},"113":{"type":"branch","line":409,"loc":{"start":{"line":409,"column":22},"end":{"line":421,"column":5}},"locations":[{"start":{"line":409,"column":22},"end":{"line":421,"column":5}}]},"114":{"type":"branch","line":410,"loc":{"start":{"line":410,"column":36},"end":{"line":410,"column":71}},"locations":[{"start":{"line":410,"column":36},"end":{"line":410,"column":71}}]},"115":{"type":"branch","line":415,"loc":{"start":{"line":415,"column":22},"end":{"line":415,"column":71}},"locations":[{"start":{"line":415,"column":22},"end":{"line":415,"column":71}}]},"116":{"type":"branch","line":415,"loc":{"start":{"line":415,"column":71},"end":{"line":415,"column":93}},"locations":[{"start":{"line":415,"column":71},"end":{"line":415,"column":93}}]},"117":{"type":"branch","line":417,"loc":{"start":{"line":417,"column":43},"end":{"line":420,"column":7}},"locations":[{"start":{"line":417,"column":43},"end":{"line":420,"column":7}}]},"118":{"type":"branch","line":421,"loc":{"start":{"line":421,"column":4},"end":{"line":423,"column":15}},"locations":[{"start":{"line":421,"column":4},"end":{"line":423,"column":15}}]},"119":{"type":"branch","line":426,"loc":{"start":{"line":426,"column":10},"end":{"line":441,"column":3}},"locations":[{"start":{"line":426,"column":10},"end":{"line":441,"column":3}}]},"120":{"type":"branch","line":427,"loc":{"start":{"line":427,"column":30},"end":{"line":438,"column":5}},"locations":[{"start":{"line":427,"column":30},"end":{"line":438,"column":5}}]},"121":{"type":"branch","line":431,"loc":{"start":{"line":431,"column":71},"end":{"line":437,"column":7}},"locations":[{"start":{"line":431,"column":71},"end":{"line":437,"column":7}}]},"122":{"type":"branch","line":433,"loc":{"start":{"line":433,"column":30},"end":{"line":434,"column":74}},"locations":[{"start":{"line":433,"column":30},"end":{"line":434,"column":74}}]},"123":{"type":"branch","line":438,"loc":{"start":{"line":438,"column":4},"end":{"line":440,"column":15}},"locations":[{"start":{"line":438,"column":4},"end":{"line":440,"column":15}}]},"124":{"type":"branch","line":444,"loc":{"start":{"line":444,"column":10},"end":{"line":452,"column":3}},"locations":[{"start":{"line":444,"column":10},"end":{"line":452,"column":3}}]},"125":{"type":"branch","line":445,"loc":{"start":{"line":445,"column":31},"end":{"line":445,"column":92}},"locations":[{"start":{"line":445,"column":31},"end":{"line":445,"column":92}}]},"126":{"type":"branch","line":445,"loc":{"start":{"line":445,"column":80},"end":{"line":445,"column":96}},"locations":[{"start":{"line":445,"column":80},"end":{"line":445,"column":96}}]},"127":{"type":"branch","line":446,"loc":{"start":{"line":446,"column":8},"end":{"line":446,"column":56}},"locations":[{"start":{"line":446,"column":8},"end":{"line":446,"column":56}}]},"128":{"type":"branch","line":446,"loc":{"start":{"line":446,"column":56},"end":{"line":449,"column":5}},"locations":[{"start":{"line":446,"column":56},"end":{"line":449,"column":5}}]},"129":{"type":"branch","line":449,"loc":{"start":{"line":449,"column":4},"end":{"line":451,"column":15}},"locations":[{"start":{"line":449,"column":4},"end":{"line":451,"column":15}}]},"130":{"type":"branch","line":465,"loc":{"start":{"line":465,"column":2},"end":{"line":484,"column":3}},"locations":[{"start":{"line":465,"column":2},"end":{"line":484,"column":3}}]},"131":{"type":"branch","line":467,"loc":{"start":{"line":467,"column":9},"end":{"line":467,"column":55}},"locations":[{"start":{"line":467,"column":9},"end":{"line":467,"column":55}}]},"132":{"type":"branch","line":467,"loc":{"start":{"line":467,"column":55},"end":{"line":467,"column":66}},"locations":[{"start":{"line":467,"column":55},"end":{"line":467,"column":66}}]},"133":{"type":"branch","line":467,"loc":{"start":{"line":467,"column":62},"end":{"line":469,"column":25}},"locations":[{"start":{"line":467,"column":62},"end":{"line":469,"column":25}}]},"134":{"type":"branch","line":469,"loc":{"start":{"line":469,"column":9},"end":{"line":469,"column":61}},"locations":[{"start":{"line":469,"column":9},"end":{"line":469,"column":61}}]},"135":{"type":"branch","line":469,"loc":{"start":{"line":469,"column":61},"end":{"line":469,"column":72}},"locations":[{"start":{"line":469,"column":61},"end":{"line":469,"column":72}}]},"136":{"type":"branch","line":469,"loc":{"start":{"line":469,"column":68},"end":{"line":473,"column":60}},"locations":[{"start":{"line":469,"column":68},"end":{"line":473,"column":60}}]},"137":{"type":"branch","line":473,"loc":{"start":{"line":473,"column":59},"end":{"line":475,"column":6}},"locations":[{"start":{"line":473,"column":59},"end":{"line":475,"column":6}}]},"138":{"type":"branch","line":475,"loc":{"start":{"line":475,"column":4},"end":{"line":478,"column":5}},"locations":[{"start":{"line":475,"column":4},"end":{"line":478,"column":5}}]},"139":{"type":"branch","line":478,"loc":{"start":{"line":478,"column":4},"end":{"line":480,"column":52}},"locations":[{"start":{"line":478,"column":4},"end":{"line":480,"column":52}}]},"140":{"type":"branch","line":480,"loc":{"start":{"line":480,"column":47},"end":{"line":480,"column":89}},"locations":[{"start":{"line":480,"column":47},"end":{"line":480,"column":89}}]},"141":{"type":"branch","line":481,"loc":{"start":{"line":481,"column":23},"end":{"line":481,"column":54}},"locations":[{"start":{"line":481,"column":23},"end":{"line":481,"column":54}}]},"142":{"type":"branch","line":481,"loc":{"start":{"line":481,"column":53},"end":{"line":483,"column":23}},"locations":[{"start":{"line":481,"column":53},"end":{"line":483,"column":23}}]},"143":{"type":"branch","line":488,"loc":{"start":{"line":488,"column":2},"end":{"line":498,"column":3}},"locations":[{"start":{"line":488,"column":2},"end":{"line":498,"column":3}}]},"144":{"type":"branch","line":489,"loc":{"start":{"line":489,"column":63},"end":{"line":489,"column":74}},"locations":[{"start":{"line":489,"column":63},"end":{"line":489,"column":74}}]},"145":{"type":"branch","line":489,"loc":{"start":{"line":489,"column":70},"end":{"line":492,"column":42}},"locations":[{"start":{"line":489,"column":70},"end":{"line":492,"column":42}}]},"146":{"type":"branch","line":492,"loc":{"start":{"line":492,"column":37},"end":{"line":492,"column":47}},"locations":[{"start":{"line":492,"column":37},"end":{"line":492,"column":47}}]},"147":{"type":"branch","line":493,"loc":{"start":{"line":493,"column":37},"end":{"line":493,"column":47}},"locations":[{"start":{"line":493,"column":37},"end":{"line":493,"column":47}}]},"148":{"type":"branch","line":494,"loc":{"start":{"line":494,"column":35},"end":{"line":494,"column":45}},"locations":[{"start":{"line":494,"column":35},"end":{"line":494,"column":45}}]},"149":{"type":"branch","line":495,"loc":{"start":{"line":495,"column":41},"end":{"line":495,"column":47}},"locations":[{"start":{"line":495,"column":41},"end":{"line":495,"column":47}}]},"150":{"type":"branch","line":495,"loc":{"start":{"line":495,"column":41},"end":{"line":495,"column":52}},"locations":[{"start":{"line":495,"column":41},"end":{"line":495,"column":52}}]},"151":{"type":"branch","line":502,"loc":{"start":{"line":502,"column":2},"end":{"line":512,"column":20}},"locations":[{"start":{"line":502,"column":2},"end":{"line":512,"column":20}}]},"152":{"type":"branch","line":505,"loc":{"start":{"line":505,"column":34},"end":{"line":509,"column":5}},"locations":[{"start":{"line":505,"column":34},"end":{"line":509,"column":5}}]},"153":{"type":"branch","line":506,"loc":{"start":{"line":506,"column":38},"end":{"line":506,"column":48}},"locations":[{"start":{"line":506,"column":38},"end":{"line":506,"column":48}}]},"154":{"type":"branch","line":507,"loc":{"start":{"line":507,"column":36},"end":{"line":507,"column":46}},"locations":[{"start":{"line":507,"column":36},"end":{"line":507,"column":46}}]},"155":{"type":"branch","line":508,"loc":{"start":{"line":508,"column":42},"end":{"line":508,"column":53}},"locations":[{"start":{"line":508,"column":42},"end":{"line":508,"column":53}}]},"156":{"type":"branch","line":515,"loc":{"start":{"line":515,"column":2},"end":{"line":543,"column":3}},"locations":[{"start":{"line":515,"column":2},"end":{"line":543,"column":3}}]},"157":{"type":"branch","line":516,"loc":{"start":{"line":516,"column":27},"end":{"line":516,"column":33}},"locations":[{"start":{"line":516,"column":27},"end":{"line":516,"column":33}}]},"158":{"type":"branch","line":530,"loc":{"start":{"line":530,"column":15},"end":{"line":533,"column":11}},"locations":[{"start":{"line":530,"column":15},"end":{"line":533,"column":11}}]},"159":{"type":"branch","line":533,"loc":{"start":{"line":533,"column":4},"end":{"line":536,"column":5}},"locations":[{"start":{"line":533,"column":4},"end":{"line":536,"column":5}}]},"160":{"type":"branch","line":538,"loc":{"start":{"line":538,"column":8},"end":{"line":538,"column":38}},"locations":[{"start":{"line":538,"column":8},"end":{"line":538,"column":38}}]},"161":{"type":"branch","line":538,"loc":{"start":{"line":538,"column":38},"end":{"line":542,"column":5}},"locations":[{"start":{"line":538,"column":38},"end":{"line":542,"column":5}}]},"162":{"type":"branch","line":545,"loc":{"start":{"line":545,"column":2},"end":{"line":553,"column":3}},"locations":[{"start":{"line":545,"column":2},"end":{"line":553,"column":3}}]},"163":{"type":"branch","line":546,"loc":{"start":{"line":546,"column":49},"end":{"line":546,"column":55}},"locations":[{"start":{"line":546,"column":49},"end":{"line":546,"column":55}}]},"164":{"type":"branch","line":555,"loc":{"start":{"line":555,"column":10},"end":{"line":567,"column":3}},"locations":[{"start":{"line":555,"column":10},"end":{"line":567,"column":3}}]},"165":{"type":"branch","line
[...]
":{"start":{"line":553,"column":0},"end":{"line":553,"column":1}},"locations":[{"start":{"line":553,"column":0},"end":{"line":553,"column":1}}]},"226":{"type":"branch","line":555,"loc":{"start":{"line":555,"column":0},"end":{"line":588,"column":1}},"locations":[{"start":{"line":555,"column":0},"end":{"line":588,"column":1}}]},"227":{"type":"branch","line":581,"loc":{"start":{"line":581,"column":23},"end":{"line":582,"column":27}},"locations":[{"start":{"line":581,"column":23},"end":{"line":582,"column":27}}]},"228":{"type":"branch","line":582,"loc":{"start":{"line":582,"column":23},"end":{"line":583,"column":32}},"locations":[{"start":{"line":582,"column":23},"end":{"line":583,"column":32}}]},"229":{"type":"branch","line":583,"loc":{"start":{"line":583,"column":28},"end":{"line":584,"column":32}},"locations":[{"start":{"line":583,"column":28},"end":{"line":584,"column":32}}]},"230":{"type":"branch","line":584,"loc":{"start":{"line":584,"column":28},"end":{"line":585,"column":27}},"locations":[{"start":{"line":584,"column":28},"end":{"line":585,"column":27}}]},"231":{"type":"branch","line":585,"loc":{"start":{"line":585,"column":23},"end":{"line":586,"column":30}},"locations":[{"start":{"line":585,"column":23},"end":{"line":586,"column":30}}]},"232":{"type":"branch","line":597,"loc":{"start":{"line":597,"column":7},"end":{"line":619,"column":1}},"locations":[{"start":{"line":597,"column":7},"end":{"line":619,"column":1}}]},"233":{"type":"branch","line":600,"loc":{"start":{"line":600,"column":31},"end":{"line":600,"column":51}},"locations":[{"start":{"line":600,"column":31},"end":{"line":600,"column":51}}]},"234":{"type":"branch","line":601,"loc":{"start":{"line":601,"column":29},"end":{"line":601,"column":58}},"locations":[{"start":{"line":601,"column":29},"end":{"line":601,"column":58}}]},"235":{"type":"branch","line":601,"loc":{"start":{"line":601,"column":56},"end":{"line":603,"column":28}},"locations":[{"start":{"line":601,"column":56},"end":{"line":603,"column":28}}]},"236":{"type":"branch","line":603,"loc":{"start":{"line":603,"column":28},"end":{"line":607,"column":3}},"locations":[{"start":{"line":603,"column":28},"end":{"line":607,"column":3}}]},"237":{"type":"branch","line":607,"loc":{"start":{"line":607,"column":2},"end":{"line":609,"column":18}},"locations":[{"start":{"line":607,"column":2},"end":{"line":609,"column":18}}]},"238":{"type":"branch","line":609,"loc":{"start":{"line":609,"column":12},"end":{"line":609,"column":65}},"locations":[{"start":{"line":609,"column":12},"end":{"line":609,"column":65}}]},"239":{"type":"branch","line":609,"loc":{"start":{"line":609,"column":64},"end":{"line":619,"column":1}},"locations":[{"start":{"line":609,"column":64},"end":{"line":619,"column":1}}]},"240":{"type":"branch","line":619,"loc":{"start":{"line":619,"column":0},"end":{"line":619,"column":1}},"locations":[{"start":{"line":619,"column":0},"end":{"line":619,"column":1}}]},"241":{"type":"branch","line":623,"loc":{"start":{"line":623,"column":7},"end":{"line":635,"column":1}},"locations":[{"start":{"line":623,"column":7},"end":{"line":635,"column":1}}]},"242":{"type":"branch","line":627,"loc":{"start":{"line":627,"column":32},"end":{"line":629,"column":46}},"locations":[{"start":{"line":627,"column":32},"end":{"line":629,"column":46}}]},"243":{"type":"branch","line":627,"loc":{"start":{"line":627,"column":32},"end":{"line":627,"column":81}},"locations":[{"start":{"line":627,"column":32},"end":{"line":627,"column":81}}]},"244":{"type":"branch","line":627,"loc":{"start":{"line":627,"column":80},"end":{"line":629,"column":46}},"locations":[{"start":{"line":627,"column":80},"end":{"line":629,"column":46}}]},"245":{"type":"branch","line":629,"loc":{"start":{"line":629,"column":39},"end":{"line":629,"column":70}},"locations":[{"start":{"line":629,"column":39},"end":{"line":629,"column":70}}]},"246":{"type":"branch","line":629,"loc":{"start":{"line":629,"column":69},"end":{"line":630,"column":47}},"locations":[{"start":{"line":629,"column":69},"end":{"line":630,"column":47}}]},"247":{"type":"branch","line":630,"loc":{"start":{"line":630,"column":40},"end":{"line":630,"column":72}},"locations":[{"start":{"line":630,"column":40},"end":{"line":630,"column":72}}]},"248":{"type":"branch","line":630,"loc":{"start":{"line":630,"column":71},"end":{"line":632,"column":33}},"locations":[{"start":{"line":630,"column":71},"end":{"line":632,"column":33}}]},"249":{"type":"branch","line":630,"loc":{"start":{"line":630,"column":71},"end":{"line":631,"column":42}},"locations":[{"start":{"line":630,"column":71},"end":{"line":631,"column":42}}]},"250":{"type":"branch","line":631,"loc":{"start":{"line":631,"column":35},"end":{"line":631,"column":65}},"locations":[{"start":{"line":631,"column":35},"end":{"line":631,"column":65}}]},"251":{"type":"branch","line":631,"loc":{"start":{"line":631,"column":57},"end":{"line":632,"column":33}},"locations":[{"start":{"line":631,"column":57},"end":{"line":632,"column":33}}]},"252":{"type":"branch","line":632,"loc":{"start":{"line":632,"column":26},"end":{"line":632,"column":45}},"locations":[{"start":{"line":632,"column":26},"end":{"line":632,"column":45}}]},"253":{"type":"branch","line":632,"loc":{"start":{"line":632,"column":41},"end":{"line":635,"column":1}},"locations":[{"start":{"line":632,"column":41},"end":{"line":635,"column":1}}]},"254":{"type":"branch","line":635,"loc":{"start":{"line":635,"column":0},"end":{"line":635,"column":1}},"locations":[{"start":{"line":635,"column":0},"end":{"line":635,"column":1}}]}},"b":{"0":[8],"1":[3],"2":[2],"3":[8],"4":[146],"5":[101],"6":[13],"7":[0],"8":[48],"9":[98],"10":[4],"11":[94],"12":[146],"13":[16],"14":[16],"15":[33],"16":[32],"17":[3],"18":[30],"19":[26],"20":[23],"21":[4],"22":[41],"23":[3],"24":[1],"25":[11],"26":[64],"27":[6],"28":[49],"29":[39],"30":[15],"31":[11],"32":[4],"33":[8],"34":[92],"35":[34],"36":[58],"37":[2],"38":[1],"39":[57],"40":[2],"41":[55],"42":[1],"43":[54],"44":[5],"45":[54],"46":[2],"47":[54],"48":[5],"49":[49],"50":[33],"51":[54],"52":[5],"53":[0],"54":[95],"55":[66],"56":[105],"57":[311],"58":[39],"59":[22],"60":[296],"61":[272],"62":[268],"63":[91],"64":[47],"65":[181],"66":[0],"67":[181],"68":[143],"69":[38],"70":[77],"71":[104],"72":[19],"73":[162],"74":[58],"75":[5],"76":[5],"77":[53],"78":[46],"79":[46],"80":[7],"81":[7],"82":[0],"83":[123],"84":[47],"85":[27],"86":[27],"87":[20],"88":[11],"89":[15],"90":[5],"91":[0],"92":[0],"93":[5],"94":[49],"95":[49],"96":[49],"97":[0],"98":[181],"99":[16],"100":[165],"101":[29],"102":[136],"103":[0],"104":[136],"105":[0],"106":[181],"107":[482],"108":[156],"109":[159],"110":[54],"111":[105],"112":[43],"113":[1],"114":[42],"115":[2],"116":[0],"117":[42],"118":[28],"119":[0],"120":[7],"121":[12],"122":[42],"123":[4],"124":[38],"125":[0],"126":[38],"127":[10],"128":[28],"129":[38],"130":[38],"131":[0],"132":[38],"133":[15],"134":[13],"135":[25],"136":[2],"137":[1],"138":[24],"139":[2],"140":[22],"141":[0],"142":[22],"143":[0],"144":[22],"145":[11],"146":[19],"147":[16],"148":[3],"149":[179],"150":[33],"151":[0],"152":[231],"153":[66],"154":[46],"155":[66],"156":[28],"157":[38],"158":[66],"159":[99],"160":[66],"161":[33],"162":[106],"163":[5],"164":[15],"165":[3],"166":[12],"167":[6],"168":[6],"169":[12],"170":[175],"171":[11],"172":[0],"173":[171],"174":[10],"175":[5],"176":[2],"177":[8],"178":[5],"179":[2],"180":[6],"181":[10],"182":[11],"183":[2],"184":[9],"185":[9],"186":[171],"187":[39],"188":[1],"189":[38],"190":[16],"191":[22],"192":[203],"193":[19],"194":[186],"195":[13],"196":[180],"197":[7],"198":[174],"199":[3],"200":[171],"201":[8],"202":[3],"203":[0],"204":[175],"205":[4],"206":[171],"207":[3],"208":[2],"209":[1],"210":[171],"211":[3],"212":[171],"213":[7],"214":[175],"215":[21],"216":[189],"217":[210],"218":[5],"219":[205],"220":[0],"221":[205],"222":[1],"223":[1],"224":[204],"225":[332],"226":[204],"227":[173],"228":[144],"229":[142],"230":[135],"231":[98],"232":[41],"233":[0],"234":[1],"235":[40],"236":[2],"237":[40],"238":[0],"239":[40],"240":[41],"241":[9],"242":[7],"243":[3],"244":[6],"245":[1],"246":[6],"247":[1],"248":[7],"249":[6],"250":[3],"251":[6],"252":[1],"253":[6],"254":[9]},"fnMap":{"0":{"name":"isFormControl","decl":{"start":{"line":9,"column":48},"end":{"line":15,"column":1}},"loc":{"start":{"line":9,"column":48},"end":{"line":15,"column":1}},"line":9},"1":{"name":"get","decl":{"start":{"line":15,"column":0},"end":{"line":15,"column":1}},"loc":{"start":{"line":15,"column":0},"end":{"line":15,"column":1}},"line":15},"2":{"name":"isType","decl":{"start":{"line":25,"column":7},"end":{"line":37,"column":1}},"loc":{"start":{"line":25,"column":7},"end":{"line":37,"column":1}},"line":25},"3":{"name":"get","decl":{"start":{"line":37,"column":0},"end":{"line":37,"column":1}},"loc":{"start":{"line":37,"column":0},"end":{"line":37,"column":1}},"line":37},"4":{"name":"momentToFPFormat","decl":{"start":{"line":43,"column":7},"end":{"line":69,"column":1}},"loc":{"start":{"line":43,"column":7},"end":{"line":69,"column":1}},"line":43},"5":{"name":"get","decl":{"start":{"line":69,"column":0},"end":{"line":69,"column":1}},"loc":{"start":{"line":69,"column":0},"end":{"line":69,"column":1}},"line":69},"6":{"name":"monthToNumber","decl":{"start":{"line":72,"column":7},"end":{"line":104,"column":1}},"loc":{"start":{"line":72,"column":7},"end":{"line":104,"column":1}},"line":72},"7":{"name":"get","decl":{"start":{"line":104,"column":0},"end":{"line":104,"column":1}},"loc":{"start":{"line":104,"column":0},"end":{"line":104,"column":1}},"line":104},"8":{"name":"yearToFull","decl":{"start":{"line":107,"column":7},"end":{"line":113,"column":1}},"loc":{"start":{"line":107,"column":7},"end":{"line":113,"column":1}},"line":107},"9":{"name":"get","decl":{"start":{"line":113,"column":0},"end":{"line":113,"column":1}},"loc":{"start":{"line":113,"column":0},"end":{"line":113,"column":1}},"line":113},"10":{"name":"parseDate","decl":{"start":{"line":116,"column":7},"end":{"line":167,"column":18}},"loc":{"start":{"line":116,"column":7},"end":{"line":167,"column":18}},"line":116},"11":{"name":"get","decl":{"start":{"line":167,"column":0},"end":{"line":167,"column":18}},"loc":{"start":{"line":167,"column":0},"end":{"line":167,"column":18}},"line":167},"12":{"name":"guessDateParts","decl":{"start":{"line":170,"column":0},"end":{"line":263,"column":1}},"loc":{"start":{"line":170,"column":0},"end":{"line":263,"column":1}},"line":170},"13":{"name":"guessDatePart","decl":{"start":{"line":174,"column":2},"end":{"line":184,"column":3}},"loc":{"start":{"line":174,"column":2},"end":{"line":184,"column":3}},"line":174},"14":{"name":"unknown","decl":{"start":{"line":178,"column":20},"end":{"line":178,"column":94}},"loc":{"start":{"line":178,"column":20},"end":{"line":178,"column":94}},"line":178},"15":{"name":"assignPart","decl":{"start":{"line":197,"column":2},"end":{"line":200,"column":3}},"loc":{"start":{"line":197,"column":2},"end":{"line":200,"column":3}},"line":197},"16":{"name":"parseTime","decl":{"start":{"line":266,"column":7},"end":{"line":315,"column":14}},"loc":{"start":{"line":266,"column":7},"end":{"line":315,"column":14}},"line":266},"17":{"name":"get","decl":{"start":{"line":315,"column":0},"end":{"line":315,"column":14}},"loc":{"start":{"line":315,"column":0},"end":{"line":315,"column":14}},"line":315},"18":{"name":"parseTimeToString","decl":{"start":{"line":317,"column":7},"end":{"line":330,"column":1}},"loc":{"start":{"line":317,"column":7},"end":{"line":330,"column":1}},"line":317},"19":{"name":"get","decl":{"start":{"line":330,"column":0},"end":{"line":330,"column":1}},"loc":{"start":{"line":330,"column":0},"end":{"line":330,"column":1}},"line":330},"20":{"name":"formatDateTime","decl":{"start":{"line":334,"column":7},"end":{"line":398,"column":23}},"loc":{"start":{"line":334,"column":7},"end":{"line":398,"column":23}},"line":334},"21":{"name":"pad","decl":{"start":{"line":352,"column":14},"end":{"line":352,"column":70}},"loc":{"start":{"line":352,"column":14},"end":{"line":352,"column":70}},"line":352},"22":{"name":"getH","decl":{"start":{"line":354,"column":15},"end":{"line":354,"column":35}},"loc":{"start":{"line":354,"column":15},"end":{"line":354,"column":35}},"line":354},"23":{"name":"getMeridiem","decl":{"start":{"line":356,"column":22},"end":{"line":356,"column":65}},"loc":{"start":{"line":356,"column":22},"end":{"line":356,"column":65}},"line":356},"24":{"name":"monthToString","decl":{"start":{"line":358,"column":24},"end":{"line":361,"column":12}},"loc":{"start":{"line":358,"column":24},"end":{"line":361,"column":12}},"line":358},"25":{"name":"dayToString","decl":{"start":{"line":363,"column":2},"end":{"line":366,"column":3}},"loc":{"start":{"line":363,"column":2},"end":{"line":366,"column":3}},"line":363},"26":{"name":"get","decl":{"start":{"line":398,"column":0},"end":{"line":398,"column":23}},"loc":{"start":{"line":398,"column":0},"end":{"line":398,"column":23}},"line":398},"27":{"name":"parseDateToString","decl":{"start":{"line":400,"column":7},"end":{"line":406,"column":1}},"loc":{"start":{"line":400,"column":7},"end":{"line":406,"column":1}},"line":400},"28":{"name":"get","decl":{"start":{"line":406,"column":0},"end":{"line":406,"column":1}},"loc":{"start":{"line":406,"column":0},"end":{"line":406,"column":1}},"line":406},"29":{"name":"isDate","decl":{"start":{"line":409,"column":7},"end":{"line":415,"column":1}},"loc":{"start":{"line":409,"column":7},"end":{"line":415,"column":1}},"line":409},"30":{"name":"get","decl":{"start":{"line":415,"column":0},"end":{"line":415,"column":1}},"loc":{"start":{"line":415,"column":0},"end":{"line":415,"column":1}},"line":415},"31":{"name":"isDateInRange","decl":{"start":{"line":418,"column":7},"end":{"line":425,"column":1}},"loc":{"start":{"line":418,"column":7},"end":{"line":425,"column":1}},"line":418},"32":{"name":"get","decl":{"start":{"line":425,"column":0},"end":{"line":425,"column":1}},"loc":{"start":{"line":425,"column":0},"end":{"line":425,"column":1}},"line":425},"33":{"name":"isTime","decl":{"start":{"line":427,"column":7},"end":{"line":433,"column":1}},"loc":{"start":{"line":427,"column":7},"end":{"line":433,"column":1}},"line":427},"34":{"name":"get","decl":{"start":{"line":433,"column":0},"end":{"line":433,"column":1}},"loc":{"start":{"line":433,"column":0},"end":{"line":433,"column":1}},"line":433},"35":{"name":"isEmail","decl":{"start":{"line":436,"column":7},"end":{"line":472,"column":1}},"loc":{"start":{"line":436,"column":7},"end":{"line":472,"column":1}},"line":436},"36":{"name":"get","decl":{"start":{"line":472,"column":0},"end":{"line":472,"column":1}},"loc":{"start":{"line":472,"column":0},"end":{"line":472,"column":1}},"line":472},"37":{"name":"parseNANPTel","decl":{"start":{"line":475,"column":7},"end":{"line":482,"column":1}},"loc":{"start":{"line":475,"column":7},"end":{"line":482,"column":1}},"line":475},"38":{"name":"get","decl":{"start":{"line":482,"column":0},"end":{"line":482,"column":1}},"loc":{"start":{"line":482,"column":0},"end":{"line":482,"column":1}},"line":482},"39":{"name":"isNANPTel","decl":{"start":{"line":485,"column":7},"end":{"line":487,"column":1}},"loc":{"start":{"line":485,"column":7},"end":{"line":487,"column":1}},"line":485},"40":{"name":"get","decl":{"start":{"line":487,"column":0},"end":{"line":487,"column":1}},"loc":{"start":{"line":487,"column":0},"end":{"line":487,"column":1}},"line":487},"41":{"name":"parseInteger","decl":{"start":{"line":489,"column":7},"end":{"line":491,"column":1}},"loc":{"start":{"line":489,"column":7},"end":{"line":491,"column":1}},"line":489},"42":{"name":"get","decl":{"start":{"line":491,"column":0},"end":{"line":491,"column":1}},"loc":{"start":{"line":491,"column":0},"end":{"line":491,"column":1}},"line":491},"43":{"name":"isNumber","decl":{"start":{"line":493,"column":7},"end":{"line":495,"column":1}},"loc":{"start":{"line":493,"column":7},"end":{"line":495,"column":1}},"line":493},"44":{"name":"get","decl":{"start":{"line":495,"column":0},"end":{"line":495,"column":1}},"loc":{"start":{"line":495,"column":0},"end":{"line":495,"column":1}},"line":495},"45":{"name":"parseNumber","decl":{"start":{"line":497,"column":7},"end":{"line":502,"column":1}},"loc":{"start":{"line":497,"column":7},"end":{"line":502,"column":1}},"line":497},"46":{"name":"get","decl":{"start":{"line":502,"column":0},"end":{"line":502,"column":1}},"loc":{"start":{"line":502,"column":0},"end":{"line":502,"column":1}},"line":502},"47":{"name":"isInteger","decl":{"start":{"line":504,"column":7},"end":{"line":506,"column":1}},"loc":{"start":{"line":504,"column":7},"end":{"line":506,"column":1}},"line":504},"48":{"name":"get","decl":{"start":{"line":506,"column":0},"end":{"line":506,"column":1}},"loc":{"start":{"line":506,"column":0},"end":{"line":506,"column":1}},"line":506},"49":{"name":"parseUrl","decl":{"start":{"line":509,"column":7},"end":{"line":514,"column":1}},"loc":{"start":{"line":509,"column":7},"end":{"line":514,"column":1}},"line":509},"50":{"name":"get","decl":{"start":{"line":514,"column":0},"end":{"line":514,"column":1}},"loc":{"start":{"line":514,"column":0},"end":{"line":514,"column":1}},"line":514},"51":{"name":"isUrl","decl":{"start":{"line":518,"column":7},"end":{"line":521,"column":1}},"loc":{"start":{"line":518,"column":7},"end":{"line":521,"column":1}},"line":518},"52":{"name":"get","decl":{"start":{"line":521,"column":0},"end":{"line":521,"column":1}},"loc":{"start":{"line":521,"column":0},"end":{"line":521,"column":1}},"line":521},"53":{"name":"parsePostal","decl":{"start":{"line":523,"column":7},"end":{"line":530,"column":1}},"loc":{"start":{"line":523,"column":7},"end":{"line":530,"column":1}},"line":523},"54":{"name":"get","decl":{"start":{"line":530,"column":0},"end":{"line":530,"column":1}},"loc":{"start":{"line":530,"column":0},"end":{"line":530,"column":1}},"line":530},"55":{"name":"isPostal","decl":{"start":{"line":532,"column":7},"end":{"line":537,"column":1}},"loc":{"start":{"line":532,"column":7},"end":{"line":537,"column":1}},"line":532},"56":{"name":"get","decl":{"start":{"line":537,"column":0},"end":{"line":537,"column":1}},"loc":{"start":{"line":537,"column":0},"end":{"line":537,"column":1}},"line":537},"57":{"name":"isColor","decl":{"start":{"line":541,"column":7},"end":{"line":553,"column":1}},"loc":{"start":{"line":541,"column":7},"end":{"line":553,"column":1}},"line":541},"58":{"name":"get","decl":{"start":{"line":553,"column":0},"end":{"line":553,"column":1}},"loc":{"start":{"line":553,"column":0},"end":{"line":553,"column":1}},"line":553},"59":{"name":"isColorRegex","decl":{"start":{"line":555,"column":0},"end":{"line":588,"column":1}},"loc":{"start":{"line":555,"column":0},"end":{"line":588,"column":1}},"line":555},"60":{"name":"parseColor","decl":{"start":{"line":597,"column":7},"end":{"line":619,"column":1}},"loc":{"start":{"line":597,"column":7},"end":{"line":619,"column":1}},"line":597},"61":{"name":"get","decl":{"start":{"line":619,"column":0},"end":{"line":619,"column":1}},"loc":{"start":{"line":619,"column":0},"end":{"line":619,"column":1}},"line":619},"62":{"name":"normalizeValidationResult","decl":{"start":{"line":623,"column":7},"end":{"line":635,"column":1}},"loc":{"start":{"line":623,"column":7},"end":{"line":635,"column":1}},"line":623},"63":{"name":"get","decl":{"start":{"line":635,"column":0},"end":{"line":635,"column":1}},"loc":{"start":{"line":635,"column":0},"end":{"line":635,"column":1}},"line":635}},"f":{"0":8,"1":8,"2":146,"3":146,"4":16,"5":16,"6":33,"7":11,"8":64,"9":8,"10":92,"11":33,"12":54,"13":181,"14":181,"15":159,"16":43,"17":11,"18":19,"19":179,"20":33,"21":231,"22":66,"23":66,"24":66,"25":99,"26":5,"27":15,"28":175,"29":11,"30":171,"31":10,"32":10,"33":11,"34":171,"35":39,"36":203,"37":19,"38":186,"39":13,"40":180,"41":7,"42":174,"43":3,"44":171,"45":8,"46":175,"47":4,"48":171,"49":3,"50":171,"51":3,"52":171,"53":7,"54":175,"55":21,"56":189,"57":210,"58":332,"59":204,"60":41,"61":41,"62":9,"63":9}}
}
